2019-09-06 14:19:43.327 INFO [main]com.cjw.springbootstarter.SpringbootStarterApplication.logStarting:50 -Starting SpringbootStarterApplication on YAO-PC with PID 27820 (C:\Users\yao.YAO-PC\Desktop\springboot-gs\target\classes started by yao in C:\Users\yao.YAO-PC\Desktop\springboot-gs)
2019-09-06 14:19:43.330 INFO [main]com.cjw.springbootstarter.SpringbootStarterApplication.logStartupProfileInfo:675 -No active profile set, falling back to default profiles: default
2019-09-06 14:19:45.241 INFO [main]o.s.d.repository.config.RepositoryConfigurationDelegate.multipleStoresDetected:244 -Multiple Spring Data modules found, entering strict repository configuration mode!
2019-09-06 14:19:45.244 INFO [main]o.s.d.repository.config.RepositoryConfigurationDelegate.registerRepositoriesIn:126 -Bootstrapping Spring Data repositories in DEFAULT mode.
2019-09-06 14:19:45.323 INFO [main]o.s.d.repository.config.RepositoryConfigurationDelegate.registerRepositoriesIn:182 -Finished Spring Data repository scanning in 56ms. Found 0 repository interfaces.
2019-09-06 14:19:45.669 INFO [main]o.s.c.s.PostProcessorRegistrationDelegate$BeanPostProcessorChecker.postProcessAfterInitialization:330 -Bean 'shiroConfig' of type [com.cjw.springbootstarter.config.ShiroConfig$$EnhancerBySpringCGLIB$$795ecba7] is not eligible for getting processed by all BeanPostProcessors (for example: not eligible for auto-proxying)
2019-09-06 14:19:46.458 INFO [main]o.s.c.s.PostProcessorRegistrationDelegate$BeanPostProcessorChecker.postProcessAfterInitialization:330 -Bean 'hashedCredentialsMatcher' of type [org.apache.shiro.authc.credential.HashedCredentialsMatcher] is not eligible for getting processed by all BeanPostProcessors (for example: not eligible for auto-proxying)
2019-09-06 14:19:46.580 INFO [main]o.s.c.s.PostProcessorRegistrationDelegate$BeanPostProcessorChecker.postProcessAfterInitialization:330 -Bean 'mybatis-plus-com.baomidou.mybatisplus.autoconfigure.MybatisPlusProperties' of type [com.baomidou.mybatisplus.autoconfigure.MybatisPlusProperties] is not eligible for getting processed by all BeanPostProcessors (for example: not eligible for auto-proxying)
2019-09-06 14:19:46.586 INFO [main]o.s.c.s.PostProcessorRegistrationDelegate$BeanPostProcessorChecker.postProcessAfterInitialization:330 -Bean 'mybatisPlusConfig' of type [com.cjw.springbootstarter.config.MybatisPlusConfig$$EnhancerBySpringCGLIB$$d766ac83] is not eligible for getting processed by all BeanPostProcessors (for example: not eligible for auto-proxying)
2019-09-06 14:19:46.592 INFO [main]o.s.c.s.PostProcessorRegistrationDelegate$BeanPostProcessorChecker.postProcessAfterInitialization:330 -Bean 'paginationInterceptor' of type [com.baomidou.mybatisplus.extension.plugins.PaginationInterceptor] is not eligible for getting processed by all BeanPostProcessors (for example: not eligible for auto-proxying)
2019-09-06 14:19:46.597 INFO [main]o.s.c.s.PostProcessorRegistrationDelegate$BeanPostProcessorChecker.postProcessAfterInitialization:330 -Bean 'com.baomidou.mybatisplus.autoconfigure.MybatisPlusAutoConfiguration' of type [com.baomidou.mybatisplus.autoconfigure.MybatisPlusAutoConfiguration$$EnhancerBySpringCGLIB$$b45d98c] is not eligible for getting processed by all BeanPostProcessors (for example: not eligible for auto-proxying)
2019-09-06 14:19:46.599 INFO [main]o.s.c.s.PostProcessorRegistrationDelegate$BeanPostProcessorChecker.postProcessAfterInitialization:330 -Bean 'org.springframework.boot.autoconfigure.jdbc.DataSourceConfiguration$Generic' of type [org.springframework.boot.autoconfigure.jdbc.DataSourceConfiguration$Generic] is not eligible for getting processed by all BeanPostProcessors (for example: not eligible for auto-proxying)
2019-09-06 14:19:46.621 INFO [main]o.s.c.s.PostProcessorRegistrationDelegate$BeanPostProcessorChecker.postProcessAfterInitialization:330 -Bean 'spring.datasource-org.springframework.boot.autoconfigure.jdbc.DataSourceProperties' of type [org.springframework.boot.autoconfigure.jdbc.DataSourceProperties] is not eligible for getting processed by all BeanPostProcessors (for example: not eligible for auto-proxying)
2019-09-06 14:19:46.735 INFO [main]o.s.c.s.PostProcessorRegistrationDelegate$BeanPostProcessorChecker.postProcessAfterInitialization:330 -Bean 'dataSource' of type [com.alibaba.druid.pool.DruidDataSource] is not eligible for getting processed by all BeanPostProcessors (for example: not eligible for auto-proxying)
2019-09-06 14:19:46.886 INFO [main]com.alibaba.druid.pool.DruidDataSource.init:922 -{dataSource-1} inited
2019-09-06 14:19:47.080 INFO [main]o.s.c.s.PostProcessorRegistrationDelegate$BeanPostProcessorChecker.postProcessAfterInitialization:330 -Bean 'sqlSessionFactory' of type [org.apache.ibatis.session.defaults.DefaultSqlSessionFactory] is not eligible for getting processed by all BeanPostProcessors (for example: not eligible for auto-proxying)
2019-09-06 14:19:47.085 INFO [main]o.s.c.s.PostProcessorRegistrationDelegate$BeanPostProcessorChecker.postProcessAfterInitialization:330 -Bean 'sqlSessionTemplate' of type [org.mybatis.spring.SqlSessionTemplate] is not eligible for getting processed by all BeanPostProcessors (for example: not eligible for auto-proxying)
2019-09-06 14:19:47.425 INFO [main]o.s.c.s.PostProcessorRegistrationDelegate$BeanPostProcessorChecker.postProcessAfterInitialization:330 -Bean 'userMapper' of type [org.mybatis.spring.mapper.MapperFactoryBean] is not eligible for getting processed by all BeanPostProcessors (for example: not eligible for auto-proxying)
2019-09-06 14:19:47.427 INFO [main]o.s.c.s.PostProcessorRegistrationDelegate$BeanPostProcessorChecker.postProcessAfterInitialization:330 -Bean 'userMapper' of type [com.sun.proxy.$Proxy72] is not eligible for getting processed by all BeanPostProcessors (for example: not eligible for auto-proxying)
2019-09-06 14:19:47.453 INFO [main]o.s.c.s.PostProcessorRegistrationDelegate$BeanPostProcessorChecker.postProcessAfterInitialization:330 -Bean 'roleUserMapper' of type [org.mybatis.spring.mapper.MapperFactoryBean] is not eligible for getting processed by all BeanPostProcessors (for example: not eligible for auto-proxying)
2019-09-06 14:19:47.454 INFO [main]o.s.c.s.PostProcessorRegistrationDelegate$BeanPostProcessorChecker.postProcessAfterInitialization:330 -Bean 'roleUserMapper' of type [com.sun.proxy.$Proxy73] is not eligible for getting processed by all BeanPostProcessors (for example: not eligible for auto-proxying)
2019-09-06 14:19:47.455 INFO [main]o.s.c.s.PostProcessorRegistrationDelegate$BeanPostProcessorChecker.postProcessAfterInitialization:330 -Bean 'userServiceImpl' of type [com.cjw.springbootstarter.service.impl.UserServiceImpl] is not eligible for getting processed by all BeanPostProcessors (for example: not eligible for auto-proxying)
2019-09-06 14:19:47.456 INFO [main]o.s.c.s.PostProcessorRegistrationDelegate$BeanPostProcessorChecker.postProcessAfterInitialization:330 -Bean 'myShiroRealm' of type [com.cjw.springbootstarter.base.MyShiroRealm] is not eligible for getting processed by all BeanPostProcessors (for example: not eligible for auto-proxying)
2019-09-06 14:19:47.460 INFO [main]o.s.c.s.PostProcessorRegistrationDelegate$BeanPostProcessorChecker.postProcessAfterInitialization:330 -Bean 'securityManager' of type [org.apache.shiro.web.mgt.DefaultWebSecurityManager] is not eligible for getting processed by all BeanPostProcessors (for example: not eligible for auto-proxying)
2019-09-06 14:19:47.510 INFO [main]o.s.c.s.PostProcessorRegistrationDelegate$BeanPostProcessorChecker.postProcessAfterInitialization:330 -Bean 'lettuceRedisConfig' of type [com.cjw.springbootstarter.config.LettuceRedisConfig$$EnhancerBySpringCGLIB$$c22e9db9] is not eligible for getting processed by all BeanPostProcessors (for example: not eligible for auto-proxying)
2019-09-06 14:19:47.527 INFO [main]o.s.c.s.PostProcessorRegistrationDelegate$BeanPostProcessorChecker.postProcessAfterInitialization:330 -Bean 'org.springframework.transaction.annotation.ProxyTransactionManagementConfiguration' of type [org.springframework.transaction.annotation.ProxyTransactionManagementConfiguration$$EnhancerBySpringCGLIB$$cd7d6cf2] is not eligible for getting processed by all BeanPostProcessors (for example: not eligible for auto-proxying)
2019-09-06 14:19:47.537 INFO [main]o.s.c.s.PostProcessorRegistrationDelegate$BeanPostProcessorChecker.postProcessAfterInitialization:330 -Bean 'authorizationAttributeSourceAdvisor' of type [org.apache.shiro.spring.security.interceptor.AuthorizationAttributeSourceAdvisor] is not eligible for getting processed by all BeanPostProcessors (for example: not eligible for auto-proxying)
2019-09-06 14:19:48.071 INFO [main]o.s.boot.web.embedded.tomcat.TomcatWebServer.initialize:90 -Tomcat initialized with port(s): 9999 (http)
2019-09-06 14:19:48.087 INFO [main]org.apache.coyote.http11.Http11NioProtocol.log:173 -Initializing ProtocolHandler ["http-nio-9999"]
2019-09-06 14:19:48.095 INFO [main]org.apache.catalina.core.StandardService.log:173 -Starting service [Tomcat]
2019-09-06 14:19:48.095 INFO [main]org.apache.catalina.core.StandardEngine.log:173 -Starting Servlet engine: [Apache Tomcat/9.0.14]
2019-09-06 14:19:48.108 INFO [main]org.apache.catalina.core.AprLifecycleListener.log:173 -The APR based Apache Tomcat Native library which allows optimal performance in production environments was not found on the java.library.path: [D:\Java\jdk1.8.0_40\bin;C:\WINDOWS\Sun\Java\bin;C:\WINDOWS\system32;C:\WINDOWS;D:\Anaconda3;D:\Anaconda3\Library\mingw-w64\bin;D:\Anaconda3\Library\usr\bin;D:\Anaconda3\Library\bin;D:\Anaconda3\Scripts;D:\python3\Scripts\;D:\python3\;C:\Python27\Cesium;C:\Program Files (x86)\GDAL;D:\mysql-5.6.22\bin;D:\Java\jdk1.8.0_40\bin;D:\Java\jdk1.8.0_40\jre\bin;D:\app\yao\product\11.2.0\client_1\bin;C:\ProgramData\Oracle\Java\javapath;C:\Program Files (x86)\Intel\iCLS Client\;C:\Program Files\Intel\iCLS Client\;C:\Windows\system32;C:\Windows;C:\Windows\System32\Wbem;C:\Windows\System32\WindowsPowerShell\v1.0\;C:\Program Files (x86)\Intel\Intel(R) Management Engine Components\DAL;C:\Program Files\Intel\Intel(R) Management Engine Components\DAL;C:\Program Files (x86)\Intel\Intel(R) Management Engine Components\IPT;C:\Program Files\Intel\Intel(R) Management Engine Components\IPT;C:\Program Files (x86)\NVIDIA Corporation\PhysX\Common;C:\Program Files\Microsoft\Web Platform Installer\;C:\Program Files (x86)\Microsoft ASP.NET\ASP.NET Web Pages\v1.0\;C:\Program Files (x86)\Windows Kits\8.0\Windows Performance Toolkit\;C:\Program Files\Microsoft SQL Server\110\Tools\Binn\;D:\VisualSVN\bin;D:\TortoiseSVN\bin;D:\ArcGIS\Desktop10.2\bin;C:\Windows\System32;C:\WINDOWS\system32;C:\WINDOWS;C:\WINDOWS\System32\Wbem;C:\WINDOWS\System32\WindowsPowerShell\v1.0\;D:\nodejs\;C:\WINDOWS\System32\WindowsPowerShell\v1.0\;C:\WINDOWS\System32\OpenSSH\;C:\windows\system32;D:\Git\cmd;E:\学习积累\网络爬虫-python\phantomjs-2.1.1-windows\bin;E:\学习积累\网络爬虫-python\chromedriver;C:\Program Files\Intel\WiFi\bin\;C:\Program Files\Common Files\Intel\WirelessCommon\;D:\Microsoft VS Code\bin;C:\Users\yao.YAO-PC\AppData\Local\Microsoft\WindowsApps;D:\Fiddler;C:\Users\yao.YAO-PC\AppData\Local\Microsoft\WindowsApps;C:\Users\yao.YAO-PC\AppData\Roaming\npm;D:\Microsoft VS Code\bin;D:\IntelliJ IDEA 2018.1.4\plugins\maven\lib\maven3\bin;;.]
2019-09-06 14:19:49.175 INFO [main]o.a.catalina.core.ContainerBase.[Tomcat].[localhost].[/].log:173 -Initializing Spring embedded WebApplicationContext
2019-09-06 14:19:49.176 INFO [main]org.springframework.web.context.ContextLoader.prepareWebApplicationContext:296 -Root WebApplicationContext: initialization completed in 5800 ms
2019-09-06 14:19:50.756 WARN [main]config.setReconnectionTimeout:283 -'reconnectionTimeout' setting in unavailable. Please use 'failedSlaveReconnectionInterval' setting instead!
2019-09-06 14:19:50.757 WARN [main]config.setFailedAttempts:292 -'failedAttempts' setting in unavailable. Please use 'failedSlaveCheckInterval' setting instead!
2019-09-06 14:19:50.948 INFO [main]org.redisson.Version.logVersion:41 -Redisson 3.9.1
2019-09-06 14:19:51.603 INFO [redisson-netty-4-3]org.redisson.connection.pool.MasterConnectionPool.operationComplete:168 -32 connections initialized for localhost/127.0.0.1:6379
2019-09-06 14:19:51.603 INFO [redisson-netty-4-5]org.redisson.connection.pool.MasterPubSubConnectionPool.operationComplete:168 -1 connections initialized for localhost/127.0.0.1:6379
2019-09-06 14:19:52.110 INFO [main]s.d.s.web.PropertySourcedRequestMappingHandlerMapping.initHandlerMethods:69 -Mapped URL path [/v2/api-docs] onto method [public org.springframework.http.ResponseEntity<springfox.documentation.spring.web.json.Json> springfox.documentation.swagger2.web.Swagger2Controller.getDocumentation(java.lang.String,javax.servlet.http.HttpServletRequest)]
2019-09-06 14:19:52.340 INFO [main]o.s.scheduling.concurrent.ThreadPoolTaskExecutor.initialize:171 -Initializing ExecutorService 'applicationTaskExecutor'
2019-09-06 14:19:53.270 INFO [main]io.lettuce.core.EpollProvider.<clinit>:68 -Starting without optional epoll library
2019-09-06 14:19:53.271 INFO [main]io.lettuce.core.KqueueProvider.<clinit>:70 -Starting without optional kqueue library
2019-09-06 14:19:53.394 INFO [main]s.d.spring.web.plugins.DocumentationPluginsBootstrapper.start:147 -Context refreshed
2019-09-06 14:19:53.412 INFO [main]s.d.spring.web.plugins.DocumentationPluginsBootstrapper.start:150 -Found 1 custom documentation plugin(s)
2019-09-06 14:19:53.446 INFO [main]s.d.spring.web.scanners.ApiListingReferenceScanner.scan:41 -Scanning for api listing references
2019-09-06 14:19:54.186 INFO [main]o.s.s.annotation.ScheduledAnnotationBeanPostProcessor.finishRegistration:295 -No TaskScheduler/ScheduledExecutorService bean found for scheduled processing
2019-09-06 14:19:54.194 INFO [main]org.apache.coyote.http11.Http11NioProtocol.log:173 -Starting ProtocolHandler ["http-nio-9999"]
2019-09-06 14:19:54.219 INFO [main]o.s.boot.web.embedded.tomcat.TomcatWebServer.start:204 -Tomcat started on port(s): 9999 (http) with context path ''
2019-09-06 14:19:54.221 INFO [main]com.cjw.springbootstarter.SpringbootStarterApplication.logStarted:59 -Started SpringbootStarterApplication in 11.828 seconds (JVM running for 33.315)
2019-09-06 14:19:54.225 INFO [main]com.cjw.springbootstarter.base.ApplicationReady.onApplicationEvent:47 -数据库部分内容读入到全局缓存...
2019-09-06 14:19:54.319 INFO [main]com.cjw.springbootstarter.base.ApplicationReady.onApplicationEvent:50 -数据库部分内容读入到全局缓存完成！
2019-09-06 14:22:48.493 INFO [http-nio-9999-exec-1]o.a.catalina.core.ContainerBase.[Tomcat].[localhost].[/].log:173 -Initializing Spring DispatcherServlet 'dispatcherServlet'
2019-09-06 14:22:48.493 INFO [http-nio-9999-exec-1]org.springframework.web.servlet.DispatcherServlet.initServletBean:524 -Initializing Servlet 'dispatcherServlet'
2019-09-06 14:22:48.503 INFO [http-nio-9999-exec-1]org.springframework.web.servlet.DispatcherServlet.initServletBean:546 -Completed initialization in 10 ms
2019-09-06 14:28:10.305 INFO [http-nio-9999-exec-1]com.cjw.springbootstarter.domain.ags.CheckResult.generateDltbExcel:227 -土地利用面积统计表生成成功，任务编号为-->j74d230a992fa4275932c364233e9553c
2019-09-06 14:28:10.315 INFO [http-nio-9999-exec-3]com.cjw.springbootstarter.service.impl.ArcGpServiceImpl.resultForStatistics:171 -从redis获取分析结果
2019-09-06 14:28:10.318 WARN [http-nio-9999-exec-3]com.cjw.springbootstarter.domain.ags.CheckResult.generateDltbExcel:171 -统计表格已经创建，请勿重复创建-->j74d230a992fa4275932c364233e9553c
2019-09-06 14:28:10.328 INFO [http-nio-9999-exec-2]com.cjw.springbootstarter.service.impl.ArcGpServiceImpl.resultForStatistics:171 -从redis获取分析结果
2019-09-06 14:28:10.329 WARN [http-nio-9999-exec-2]com.cjw.springbootstarter.domain.ags.CheckResult.generateDltbExcel:171 -统计表格已经创建，请勿重复创建-->j74d230a992fa4275932c364233e9553c
2019-09-06 14:28:10.338 INFO [http-nio-9999-exec-4]com.cjw.springbootstarter.service.impl.ArcGpServiceImpl.resultForStatistics:171 -从redis获取分析结果
2019-09-06 14:28:10.339 WARN [http-nio-9999-exec-4]com.cjw.springbootstarter.domain.ags.CheckResult.generateDltbExcel:171 -统计表格已经创建，请勿重复创建-->j74d230a992fa4275932c364233e9553c
2019-09-06 14:28:10.351 INFO [http-nio-9999-exec-5]com.cjw.springbootstarter.service.impl.ArcGpServiceImpl.resultForStatistics:171 -从redis获取分析结果
2019-09-06 14:28:10.352 WARN [http-nio-9999-exec-5]com.cjw.springbootstarter.domain.ags.CheckResult.generateDltbExcel:171 -统计表格已经创建，请勿重复创建-->j74d230a992fa4275932c364233e9553c
2019-09-06 14:28:10.362 INFO [http-nio-9999-exec-6]com.cjw.springbootstarter.service.impl.ArcGpServiceImpl.resultForStatistics:171 -从redis获取分析结果
2019-09-06 14:28:10.363 WARN [http-nio-9999-exec-6]com.cjw.springbootstarter.domain.ags.CheckResult.generateDltbExcel:171 -统计表格已经创建，请勿重复创建-->j74d230a992fa4275932c364233e9553c
2019-09-06 14:28:10.376 INFO [http-nio-9999-exec-7]com.cjw.springbootstarter.service.impl.ArcGpServiceImpl.resultForStatistics:171 -从redis获取分析结果
2019-09-06 14:28:10.377 WARN [http-nio-9999-exec-7]com.cjw.springbootstarter.domain.ags.CheckResult.generateDltbExcel:171 -统计表格已经创建，请勿重复创建-->j74d230a992fa4275932c364233e9553c
2019-09-06 14:29:41.256 INFO [http-nio-9999-exec-7]com.cjw.springbootstarter.domain.ags.CheckResult.generateDltbExcel:227 -土地利用面积统计表生成成功，任务编号为-->jc37eabeb9655401c8a91b09e5c22bbfe
2019-09-06 14:30:01.031 INFO [http-nio-9999-exec-5]com.cjw.springbootstarter.domain.ags.CheckResult.generateDltbExcel:227 -土地利用面积统计表生成成功，任务编号为-->j0490e890964f459189816f1253f096b2
2019-09-06 14:30:31.191 INFO [http-nio-9999-exec-2]com.cjw.springbootstarter.domain.ags.CheckResult.generateDltbExcel:227 -土地利用面积统计表生成成功，任务编号为-->jc545b0b06e144d89a596e310d0d0fa47
2019-09-06 14:48:28.512 INFO [http-nio-9999-exec-7]com.cjw.springbootstarter.service.impl.ArcGpServiceImpl.resultForStatistics:171 -从redis获取分析结果
2019-09-06 14:48:28.522 INFO [http-nio-9999-exec-8]com.cjw.springbootstarter.service.impl.ArcGpServiceImpl.resultForStatistics:171 -从redis获取分析结果
2019-09-06 14:48:28.533 INFO [http-nio-9999-exec-9]com.cjw.springbootstarter.service.impl.ArcGpServiceImpl.resultForStatistics:171 -从redis获取分析结果
2019-09-06 14:48:28.545 INFO [http-nio-9999-exec-10]com.cjw.springbootstarter.service.impl.ArcGpServiceImpl.resultForStatistics:171 -从redis获取分析结果
2019-09-06 14:48:28.556 INFO [http-nio-9999-exec-1]com.cjw.springbootstarter.service.impl.ArcGpServiceImpl.resultForStatistics:171 -从redis获取分析结果
2019-09-06 14:50:34.644 INFO [http-nio-9999-exec-3]com.cjw.springbootstarter.service.impl.ArcGpServiceImpl.resultForStatistics:171 -从redis获取分析结果
2019-09-06 14:50:34.654 INFO [http-nio-9999-exec-2]com.cjw.springbootstarter.service.impl.ArcGpServiceImpl.resultForStatistics:171 -从redis获取分析结果
2019-09-06 14:50:34.662 INFO [http-nio-9999-exec-4]com.cjw.springbootstarter.service.impl.ArcGpServiceImpl.resultForStatistics:171 -从redis获取分析结果
2019-09-06 14:50:34.672 INFO [http-nio-9999-exec-5]com.cjw.springbootstarter.service.impl.ArcGpServiceImpl.resultForStatistics:171 -从redis获取分析结果
2019-09-06 14:50:34.683 INFO [http-nio-9999-exec-6]com.cjw.springbootstarter.service.impl.ArcGpServiceImpl.resultForStatistics:171 -从redis获取分析结果
2019-09-06 14:51:57.898 INFO [http-nio-9999-exec-2]com.cjw.springbootstarter.service.impl.ArcGpServiceImpl.resultForStatistics:171 -从redis获取分析结果
2019-09-06 14:51:57.907 INFO [http-nio-9999-exec-4]com.cjw.springbootstarter.service.impl.ArcGpServiceImpl.resultForStatistics:171 -从redis获取分析结果
2019-09-06 14:51:57.957 INFO [http-nio-9999-exec-5]com.cjw.springbootstarter.service.impl.ArcGpServiceImpl.resultForStatistics:171 -从redis获取分析结果
2019-09-06 14:51:57.967 INFO [http-nio-9999-exec-6]com.cjw.springbootstarter.service.impl.ArcGpServiceImpl.resultForStatistics:171 -从redis获取分析结果
2019-09-06 14:51:57.980 INFO [http-nio-9999-exec-7]com.cjw.springbootstarter.service.impl.ArcGpServiceImpl.resultForStatistics:171 -从redis获取分析结果
2019-09-06 14:55:35.852 INFO [http-nio-9999-exec-8]com.cjw.springbootstarter.service.impl.ArcGpServiceImpl.resultForStatistics:171 -从redis获取分析结果
2019-09-06 14:55:35.861 INFO [http-nio-9999-exec-9]com.cjw.springbootstarter.service.impl.ArcGpServiceImpl.resultForStatistics:171 -从redis获取分析结果
2019-09-06 14:55:35.870 INFO [http-nio-9999-exec-10]com.cjw.springbootstarter.service.impl.ArcGpServiceImpl.resultForStatistics:171 -从redis获取分析结果
2019-09-06 14:55:35.880 INFO [http-nio-9999-exec-1]com.cjw.springbootstarter.service.impl.ArcGpServiceImpl.resultForStatistics:171 -从redis获取分析结果
2019-09-06 14:55:35.890 INFO [http-nio-9999-exec-3]com.cjw.springbootstarter.service.impl.ArcGpServiceImpl.resultForStatistics:171 -从redis获取分析结果
2019-09-06 14:58:46.236 INFO [http-nio-9999-exec-3]com.cjw.springbootstarter.service.impl.ArcGpServiceImpl.resultForStatistics:171 -从redis获取分析结果
2019-09-06 14:58:46.245 INFO [http-nio-9999-exec-2]com.cjw.springbootstarter.service.impl.ArcGpServiceImpl.resultForStatistics:171 -从redis获取分析结果
2019-09-06 14:58:46.254 INFO [http-nio-9999-exec-4]com.cjw.springbootstarter.service.impl.ArcGpServiceImpl.resultForStatistics:171 -从redis获取分析结果
2019-09-06 14:58:46.265 INFO [http-nio-9999-exec-5]com.cjw.springbootstarter.service.impl.ArcGpServiceImpl.resultForStatistics:171 -从redis获取分析结果
2019-09-06 14:58:46.273 INFO [http-nio-9999-exec-6]com.cjw.springbootstarter.service.impl.ArcGpServiceImpl.resultForStatistics:171 -从redis获取分析结果
2019-09-06 15:00:35.541 INFO [http-nio-9999-exec-5]com.cjw.springbootstarter.service.impl.ArcGpServiceImpl.resultForStatistics:171 -从redis获取分析结果
2019-09-06 15:00:35.550 INFO [http-nio-9999-exec-6]com.cjw.springbootstarter.service.impl.ArcGpServiceImpl.resultForStatistics:171 -从redis获取分析结果
2019-09-06 15:00:35.560 INFO [http-nio-9999-exec-7]com.cjw.springbootstarter.service.impl.ArcGpServiceImpl.resultForStatistics:171 -从redis获取分析结果
2019-09-06 15:00:35.569 INFO [http-nio-9999-exec-8]com.cjw.springbootstarter.service.impl.ArcGpServiceImpl.resultForStatistics:171 -从redis获取分析结果
2019-09-06 15:00:35.578 INFO [http-nio-9999-exec-9]com.cjw.springbootstarter.service.impl.ArcGpServiceImpl.resultForStatistics:171 -从redis获取分析结果
2019-09-06 15:01:26.461 INFO [http-nio-9999-exec-1]com.cjw.springbootstarter.service.impl.ArcGpServiceImpl.resultForStatistics:171 -从redis获取分析结果
2019-09-06 15:01:26.469 INFO [http-nio-9999-exec-3]com.cjw.springbootstarter.service.impl.ArcGpServiceImpl.resultForStatistics:171 -从redis获取分析结果
2019-09-06 15:01:26.477 INFO [http-nio-9999-exec-2]com.cjw.springbootstarter.service.impl.ArcGpServiceImpl.resultForStatistics:171 -从redis获取分析结果
2019-09-06 15:01:26.484 INFO [http-nio-9999-exec-4]com.cjw.springbootstarter.service.impl.ArcGpServiceImpl.resultForStatistics:171 -从redis获取分析结果
2019-09-06 15:01:26.491 INFO [http-nio-9999-exec-5]com.cjw.springbootstarter.service.impl.ArcGpServiceImpl.resultForStatistics:171 -从redis获取分析结果
