2019-07-01 08:02:43.246 INFO [main]com.cjw.springbootstarter.SpringbootStarterApplication.logStarting:50 -Starting SpringbootStarterApplication on YAO-PC with PID 17172 (C:\Users\yao.YAO-PC\Desktop\springboot-gs\target\classes started by yao in C:\Users\yao.YAO-PC\Desktop\springboot-gs)
2019-07-01 08:02:43.250 INFO [main]com.cjw.springbootstarter.SpringbootStarterApplication.logStartupProfileInfo:675 -No active profile set, falling back to default profiles: default
2019-07-01 08:02:45.159 INFO [main]o.s.d.repository.config.RepositoryConfigurationDelegate.multipleStoresDetected:244 -Multiple Spring Data modules found, entering strict repository configuration mode!
2019-07-01 08:02:45.163 INFO [main]o.s.d.repository.config.RepositoryConfigurationDelegate.registerRepositoriesIn:126 -Bootstrapping Spring Data repositories in DEFAULT mode.
2019-07-01 08:02:45.277 INFO [main]o.s.d.repository.config.RepositoryConfigurationDelegate.registerRepositoriesIn:182 -Finished Spring Data repository scanning in 72ms. Found 0 repository interfaces.
2019-07-01 08:02:45.641 INFO [main]o.s.c.s.PostProcessorRegistrationDelegate$BeanPostProcessorChecker.postProcessAfterInitialization:330 -Bean 'shiroConfig' of type [com.cjw.springbootstarter.config.ShiroConfig$$EnhancerBySpringCGLIB$$5706292d] is not eligible for getting processed by all BeanPostProcessors (for example: not eligible for auto-proxying)
2019-07-01 08:02:46.489 INFO [main]o.s.c.s.PostProcessorRegistrationDelegate$BeanPostProcessorChecker.postProcessAfterInitialization:330 -Bean 'hashedCredentialsMatcher' of type [org.apache.shiro.authc.credential.HashedCredentialsMatcher] is not eligible for getting processed by all BeanPostProcessors (for example: not eligible for auto-proxying)
2019-07-01 08:02:46.593 INFO [main]o.s.c.s.PostProcessorRegistrationDelegate$BeanPostProcessorChecker.postProcessAfterInitialization:330 -Bean 'mybatis-plus-com.baomidou.mybatisplus.autoconfigure.MybatisPlusProperties' of type [com.baomidou.mybatisplus.autoconfigure.MybatisPlusProperties] is not eligible for getting processed by all BeanPostProcessors (for example: not eligible for auto-proxying)
2019-07-01 08:02:46.599 INFO [main]o.s.c.s.PostProcessorRegistrationDelegate$BeanPostProcessorChecker.postProcessAfterInitialization:330 -Bean 'mybatisPlusConfig' of type [com.cjw.springbootstarter.config.MybatisPlusConfig$$EnhancerBySpringCGLIB$$b50e0a09] is not eligible for getting processed by all BeanPostProcessors (for example: not eligible for auto-proxying)
2019-07-01 08:02:46.606 INFO [main]o.s.c.s.PostProcessorRegistrationDelegate$BeanPostProcessorChecker.postProcessAfterInitialization:330 -Bean 'paginationInterceptor' of type [com.baomidou.mybatisplus.extension.plugins.PaginationInterceptor] is not eligible for getting processed by all BeanPostProcessors (for example: not eligible for auto-proxying)
2019-07-01 08:02:46.611 INFO [main]o.s.c.s.PostProcessorRegistrationDelegate$BeanPostProcessorChecker.postProcessAfterInitialization:330 -Bean 'com.baomidou.mybatisplus.autoconfigure.MybatisPlusAutoConfiguration' of type [com.baomidou.mybatisplus.autoconfigure.MybatisPlusAutoConfiguration$$EnhancerBySpringCGLIB$$e8ed3712] is not eligible for getting processed by all BeanPostProcessors (for example: not eligible for auto-proxying)
2019-07-01 08:02:46.613 INFO [main]o.s.c.s.PostProcessorRegistrationDelegate$BeanPostProcessorChecker.postProcessAfterInitialization:330 -Bean 'org.springframework.boot.autoconfigure.jdbc.DataSourceConfiguration$Generic' of type [org.springframework.boot.autoconfigure.jdbc.DataSourceConfiguration$Generic] is not eligible for getting processed by all BeanPostProcessors (for example: not eligible for auto-proxying)
2019-07-01 08:02:46.639 INFO [main]o.s.c.s.PostProcessorRegistrationDelegate$BeanPostProcessorChecker.postProcessAfterInitialization:330 -Bean 'spring.datasource-org.springframework.boot.autoconfigure.jdbc.DataSourceProperties' of type [org.springframework.boot.autoconfigure.jdbc.DataSourceProperties] is not eligible for getting processed by all BeanPostProcessors (for example: not eligible for auto-proxying)
2019-07-01 08:02:46.708 INFO [main]o.s.c.s.PostProcessorRegistrationDelegate$BeanPostProcessorChecker.postProcessAfterInitialization:330 -Bean 'dataSource' of type [com.alibaba.druid.pool.DruidDataSource] is not eligible for getting processed by all BeanPostProcessors (for example: not eligible for auto-proxying)
2019-07-01 08:02:46.853 INFO [main]com.alibaba.druid.pool.DruidDataSource.init:922 -{dataSource-1} inited
2019-07-01 08:02:47.349 INFO [main]o.s.c.s.PostProcessorRegistrationDelegate$BeanPostProcessorChecker.postProcessAfterInitialization:330 -Bean 'sqlSessionFactory' of type [org.apache.ibatis.session.defaults.DefaultSqlSessionFactory] is not eligible for getting processed by all BeanPostProcessors (for example: not eligible for auto-proxying)
2019-07-01 08:02:47.355 INFO [main]o.s.c.s.PostProcessorRegistrationDelegate$BeanPostProcessorChecker.postProcessAfterInitialization:330 -Bean 'sqlSessionTemplate' of type [org.mybatis.spring.SqlSessionTemplate] is not eligible for getting processed by all BeanPostProcessors (for example: not eligible for auto-proxying)
2019-07-01 08:02:47.715 INFO [main]o.s.c.s.PostProcessorRegistrationDelegate$BeanPostProcessorChecker.postProcessAfterInitialization:330 -Bean 'userMapper' of type [org.mybatis.spring.mapper.MapperFactoryBean] is not eligible for getting processed by all BeanPostProcessors (for example: not eligible for auto-proxying)
2019-07-01 08:02:47.717 INFO [main]o.s.c.s.PostProcessorRegistrationDelegate$BeanPostProcessorChecker.postProcessAfterInitialization:330 -Bean 'userMapper' of type [com.sun.proxy.$Proxy72] is not eligible for getting processed by all BeanPostProcessors (for example: not eligible for auto-proxying)
2019-07-01 08:02:47.747 INFO [main]o.s.c.s.PostProcessorRegistrationDelegate$BeanPostProcessorChecker.postProcessAfterInitialization:330 -Bean 'roleUserMapper' of type [org.mybatis.spring.mapper.MapperFactoryBean] is not eligible for getting processed by all BeanPostProcessors (for example: not eligible for auto-proxying)
2019-07-01 08:02:47.748 INFO [main]o.s.c.s.PostProcessorRegistrationDelegate$BeanPostProcessorChecker.postProcessAfterInitialization:330 -Bean 'roleUserMapper' of type [com.sun.proxy.$Proxy73] is not eligible for getting processed by all BeanPostProcessors (for example: not eligible for auto-proxying)
2019-07-01 08:02:47.749 INFO [main]o.s.c.s.PostProcessorRegistrationDelegate$BeanPostProcessorChecker.postProcessAfterInitialization:330 -Bean 'userServiceImpl' of type [com.cjw.springbootstarter.service.impl.UserServiceImpl] is not eligible for getting processed by all BeanPostProcessors (for example: not eligible for auto-proxying)
2019-07-01 08:02:47.750 INFO [main]o.s.c.s.PostProcessorRegistrationDelegate$BeanPostProcessorChecker.postProcessAfterInitialization:330 -Bean 'myShiroRealm' of type [com.cjw.springbootstarter.base.MyShiroRealm] is not eligible for getting processed by all BeanPostProcessors (for example: not eligible for auto-proxying)
2019-07-01 08:02:47.753 INFO [main]o.s.c.s.PostProcessorRegistrationDelegate$BeanPostProcessorChecker.postProcessAfterInitialization:330 -Bean 'securityManager' of type [org.apache.shiro.web.mgt.DefaultWebSecurityManager] is not eligible for getting processed by all BeanPostProcessors (for example: not eligible for auto-proxying)
2019-07-01 08:02:47.801 INFO [main]o.s.c.s.PostProcessorRegistrationDelegate$BeanPostProcessorChecker.postProcessAfterInitialization:330 -Bean 'lettuceRedisConfig' of type [com.cjw.springbootstarter.config.LettuceRedisConfig$$EnhancerBySpringCGLIB$$9fd5fb3f] is not eligible for getting processed by all BeanPostProcessors (for example: not eligible for auto-proxying)
2019-07-01 08:02:47.817 INFO [main]o.s.c.s.PostProcessorRegistrationDelegate$BeanPostProcessorChecker.postProcessAfterInitialization:330 -Bean 'org.springframework.transaction.annotation.ProxyTransactionManagementConfiguration' of type [org.springframework.transaction.annotation.ProxyTransactionManagementConfiguration$$EnhancerBySpringCGLIB$$ab24ca78] is not eligible for getting processed by all BeanPostProcessors (for example: not eligible for auto-proxying)
2019-07-01 08:02:47.827 INFO [main]o.s.c.s.PostProcessorRegistrationDelegate$BeanPostProcessorChecker.postProcessAfterInitialization:330 -Bean 'authorizationAttributeSourceAdvisor' of type [org.apache.shiro.spring.security.interceptor.AuthorizationAttributeSourceAdvisor] is not eligible for getting processed by all BeanPostProcessors (for example: not eligible for auto-proxying)
2019-07-01 08:02:48.324 INFO [main]o.s.boot.web.embedded.tomcat.TomcatWebServer.initialize:90 -Tomcat initialized with port(s): 9999 (http)
2019-07-01 08:02:48.339 INFO [main]org.apache.coyote.http11.Http11NioProtocol.log:173 -Initializing ProtocolHandler ["http-nio-9999"]
2019-07-01 08:02:48.356 INFO [main]org.apache.catalina.core.StandardService.log:173 -Starting service [Tomcat]
2019-07-01 08:02:48.357 INFO [main]org.apache.catalina.core.StandardEngine.log:173 -Starting Servlet engine: [Apache Tomcat/9.0.14]
2019-07-01 08:02:48.365 INFO [main]org.apache.catalina.core.AprLifecycleListener.log:173 -The APR based Apache Tomcat Native library which allows optimal performance in production environments was not found on the java.library.path: [D:\Java\jdk1.8.0_40\bin;C:\WINDOWS\Sun\Java\bin;C:\WINDOWS\system32;C:\WINDOWS;D:\Anaconda3;D:\Anaconda3\Library\mingw-w64\bin;D:\Anaconda3\Library\usr\bin;D:\Anaconda3\Library\bin;D:\Anaconda3\Scripts;D:\python3\Scripts\;D:\python3\;C:\Python27\Cesium;C:\Program Files (x86)\GDAL;D:\mysql-5.6.22\bin;D:\Java\jdk1.8.0_40\bin;D:\Java\jdk1.8.0_40\jre\bin;D:\app\yao\product\11.2.0\client_1\bin;C:\ProgramData\Oracle\Java\javapath;C:\Program Files (x86)\Intel\iCLS Client\;C:\Program Files\Intel\iCLS Client\;C:\Windows\system32;C:\Windows;C:\Windows\System32\Wbem;C:\Windows\System32\WindowsPowerShell\v1.0\;C:\Program Files (x86)\Intel\Intel(R) Management Engine Components\DAL;C:\Program Files\Intel\Intel(R) Management Engine Components\DAL;C:\Program Files (x86)\Intel\Intel(R) Management Engine Components\IPT;C:\Program Files\Intel\Intel(R) Management Engine Components\IPT;C:\Program Files (x86)\NVIDIA Corporation\PhysX\Common;C:\Program Files\Microsoft\Web Platform Installer\;C:\Program Files (x86)\Microsoft ASP.NET\ASP.NET Web Pages\v1.0\;C:\Program Files (x86)\Windows Kits\8.0\Windows Performance Toolkit\;C:\Program Files\Microsoft SQL Server\110\Tools\Binn\;D:\VisualSVN\bin;D:\TortoiseSVN\bin;D:\ArcGIS\Desktop10.2\bin;C:\Windows\System32;C:\WINDOWS\system32;C:\WINDOWS;C:\WINDOWS\System32\Wbem;C:\WINDOWS\System32\WindowsPowerShell\v1.0\;D:\nodejs\;C:\WINDOWS\System32\WindowsPowerShell\v1.0\;C:\WINDOWS\System32\OpenSSH\;C:\windows\system32;D:\Git\cmd;E:\学习积累\网络爬虫-python\phantomjs-2.1.1-windows\bin;E:\学习积累\网络爬虫-python\chromedriver;C:\Program Files\Intel\WiFi\bin\;C:\Program Files\Common Files\Intel\WirelessCommon\;D:\Microsoft VS Code\bin;C:\Users\yao.YAO-PC\AppData\Local\Microsoft\WindowsApps;D:\Fiddler;C:\Users\yao.YAO-PC\AppData\Local\Microsoft\WindowsApps;C:\Users\yao.YAO-PC\AppData\Roaming\npm;D:\Microsoft VS Code\bin;D:\IntelliJ IDEA 2018.1.4\plugins\maven\lib\maven3\bin;;.]
2019-07-01 08:02:49.467 INFO [main]o.a.catalina.core.ContainerBase.[Tomcat].[localhost].[/].log:173 -Initializing Spring embedded WebApplicationContext
2019-07-01 08:02:49.467 INFO [main]org.springframework.web.context.ContextLoader.prepareWebApplicationContext:296 -Root WebApplicationContext: initialization completed in 6108 ms
2019-07-01 08:02:51.157 WARN [main]config.setReconnectionTimeout:283 -'reconnectionTimeout' setting in unavailable. Please use 'failedSlaveReconnectionInterval' setting instead!
2019-07-01 08:02:51.157 WARN [main]config.setFailedAttempts:292 -'failedAttempts' setting in unavailable. Please use 'failedSlaveCheckInterval' setting instead!
2019-07-01 08:02:51.356 INFO [main]org.redisson.Version.logVersion:41 -Redisson 3.9.1
2019-07-01 08:02:52.058 INFO [redisson-netty-4-4]org.redisson.connection.pool.MasterPubSubConnectionPool.operationComplete:168 -1 connections initialized for localhost/127.0.0.1:6379
2019-07-01 08:02:52.061 INFO [redisson-netty-4-5]org.redisson.connection.pool.MasterConnectionPool.operationComplete:168 -32 connections initialized for localhost/127.0.0.1:6379
2019-07-01 08:02:52.586 INFO [main]s.d.s.web.PropertySourcedRequestMappingHandlerMapping.initHandlerMethods:69 -Mapped URL path [/v2/api-docs] onto method [public org.springframework.http.ResponseEntity<springfox.documentation.spring.web.json.Json> springfox.documentation.swagger2.web.Swagger2Controller.getDocumentation(java.lang.String,javax.servlet.http.HttpServletRequest)]
2019-07-01 08:02:52.840 INFO [main]o.s.scheduling.concurrent.ThreadPoolTaskExecutor.initialize:171 -Initializing ExecutorService 'applicationTaskExecutor'
2019-07-01 08:02:53.761 INFO [main]io.lettuce.core.EpollProvider.<clinit>:68 -Starting without optional epoll library
2019-07-01 08:02:53.763 INFO [main]io.lettuce.core.KqueueProvider.<clinit>:70 -Starting without optional kqueue library
2019-07-01 08:02:53.978 INFO [main]s.d.spring.web.plugins.DocumentationPluginsBootstrapper.start:147 -Context refreshed
2019-07-01 08:02:54.002 INFO [main]s.d.spring.web.plugins.DocumentationPluginsBootstrapper.start:150 -Found 1 custom documentation plugin(s)
2019-07-01 08:02:54.049 INFO [main]s.d.spring.web.scanners.ApiListingReferenceScanner.scan:41 -Scanning for api listing references
2019-07-01 08:02:54.881 INFO [main]o.s.s.annotation.ScheduledAnnotationBeanPostProcessor.finishRegistration:295 -No TaskScheduler/ScheduledExecutorService bean found for scheduled processing
2019-07-01 08:02:54.890 INFO [main]org.apache.coyote.http11.Http11NioProtocol.log:173 -Starting ProtocolHandler ["http-nio-9999"]
2019-07-01 08:02:54.914 INFO [main]o.s.boot.web.embedded.tomcat.TomcatWebServer.start:204 -Tomcat started on port(s): 9999 (http) with context path ''
2019-07-01 08:02:54.917 INFO [main]com.cjw.springbootstarter.SpringbootStarterApplication.logStarted:59 -Started SpringbootStarterApplication in 12.404 seconds (JVM running for 32.987)
2019-07-01 08:02:54.921 INFO [main]com.cjw.springbootstarter.base.ApplicationReady.onApplicationEvent:46 -数据库部分内容读入到全局缓存...
2019-07-01 08:02:55.676 INFO [main]com.cjw.springbootstarter.base.ApplicationReady.onApplicationEvent:49 -数据库部分内容读入到全局缓存完成！
2019-07-01 16:34:34.851 INFO [main]com.cjw.springbootstarter.SpringbootStarterApplication.logStarting:50 -Starting SpringbootStarterApplication on YAO-PC with PID 17428 (C:\Users\yao.YAO-PC\Desktop\springboot-gs\target\classes started by yao in C:\Users\yao.YAO-PC\Desktop\springboot-gs)
2019-07-01 16:34:34.855 INFO [main]com.cjw.springbootstarter.SpringbootStarterApplication.logStartupProfileInfo:675 -No active profile set, falling back to default profiles: default
2019-07-01 16:34:36.015 INFO [main]o.s.d.repository.config.RepositoryConfigurationDelegate.multipleStoresDetected:244 -Multiple Spring Data modules found, entering strict repository configuration mode!
2019-07-01 16:34:36.018 INFO [main]o.s.d.repository.config.RepositoryConfigurationDelegate.registerRepositoriesIn:126 -Bootstrapping Spring Data repositories in DEFAULT mode.
2019-07-01 16:34:36.077 INFO [main]o.s.d.repository.config.RepositoryConfigurationDelegate.registerRepositoriesIn:182 -Finished Spring Data repository scanning in 45ms. Found 0 repository interfaces.
2019-07-01 16:34:36.409 INFO [main]o.s.c.s.PostProcessorRegistrationDelegate$BeanPostProcessorChecker.postProcessAfterInitialization:330 -Bean 'shiroConfig' of type [com.cjw.springbootstarter.config.ShiroConfig$$EnhancerBySpringCGLIB$$6f2e15d4] is not eligible for getting processed by all BeanPostProcessors (for example: not eligible for auto-proxying)
2019-07-01 16:34:36.641 INFO [main]o.s.c.s.PostProcessorRegistrationDelegate$BeanPostProcessorChecker.postProcessAfterInitialization:330 -Bean 'hashedCredentialsMatcher' of type [org.apache.shiro.authc.credential.HashedCredentialsMatcher] is not eligible for getting processed by all BeanPostProcessors (for example: not eligible for auto-proxying)
2019-07-01 16:34:36.701 INFO [main]o.s.c.s.PostProcessorRegistrationDelegate$BeanPostProcessorChecker.postProcessAfterInitialization:330 -Bean 'mybatis-plus-com.baomidou.mybatisplus.autoconfigure.MybatisPlusProperties' of type [com.baomidou.mybatisplus.autoconfigure.MybatisPlusProperties] is not eligible for getting processed by all BeanPostProcessors (for example: not eligible for auto-proxying)
2019-07-01 16:34:36.722 INFO [main]o.s.c.s.PostProcessorRegistrationDelegate$BeanPostProcessorChecker.postProcessAfterInitialization:330 -Bean 'mybatisPlusConfig' of type [com.cjw.springbootstarter.config.MybatisPlusConfig$$EnhancerBySpringCGLIB$$cd35f6b0] is not eligible for getting processed by all BeanPostProcessors (for example: not eligible for auto-proxying)
2019-07-01 16:34:36.729 INFO [main]o.s.c.s.PostProcessorRegistrationDelegate$BeanPostProcessorChecker.postProcessAfterInitialization:330 -Bean 'paginationInterceptor' of type [com.baomidou.mybatisplus.extension.plugins.PaginationInterceptor] is not eligible for getting processed by all BeanPostProcessors (for example: not eligible for auto-proxying)
2019-07-01 16:34:36.734 INFO [main]o.s.c.s.PostProcessorRegistrationDelegate$BeanPostProcessorChecker.postProcessAfterInitialization:330 -Bean 'com.baomidou.mybatisplus.autoconfigure.MybatisPlusAutoConfiguration' of type [com.baomidou.mybatisplus.autoconfigure.MybatisPlusAutoConfiguration$$EnhancerBySpringCGLIB$$11523b9] is not eligible for getting processed by all BeanPostProcessors (for example: not eligible for auto-proxying)
2019-07-01 16:34:36.738 INFO [main]o.s.c.s.PostProcessorRegistrationDelegate$BeanPostProcessorChecker.postProcessAfterInitialization:330 -Bean 'org.springframework.boot.autoconfigure.jdbc.DataSourceConfiguration$Generic' of type [org.springframework.boot.autoconfigure.jdbc.DataSourceConfiguration$Generic] is not eligible for getting processed by all BeanPostProcessors (for example: not eligible for auto-proxying)
2019-07-01 16:34:36.750 INFO [main]o.s.c.s.PostProcessorRegistrationDelegate$BeanPostProcessorChecker.postProcessAfterInitialization:330 -Bean 'spring.datasource-org.springframework.boot.autoconfigure.jdbc.DataSourceProperties' of type [org.springframework.boot.autoconfigure.jdbc.DataSourceProperties] is not eligible for getting processed by all BeanPostProcessors (for example: not eligible for auto-proxying)
2019-07-01 16:34:36.806 INFO [main]o.s.c.s.PostProcessorRegistrationDelegate$BeanPostProcessorChecker.postProcessAfterInitialization:330 -Bean 'dataSource' of type [com.alibaba.druid.pool.DruidDataSource] is not eligible for getting processed by all BeanPostProcessors (for example: not eligible for auto-proxying)
2019-07-01 16:34:36.950 INFO [main]com.alibaba.druid.pool.DruidDataSource.init:922 -{dataSource-1} inited
2019-07-01 16:34:37.137 INFO [main]o.s.c.s.PostProcessorRegistrationDelegate$BeanPostProcessorChecker.postProcessAfterInitialization:330 -Bean 'sqlSessionFactory' of type [org.apache.ibatis.session.defaults.DefaultSqlSessionFactory] is not eligible for getting processed by all BeanPostProcessors (for example: not eligible for auto-proxying)
2019-07-01 16:34:37.144 INFO [main]o.s.c.s.PostProcessorRegistrationDelegate$BeanPostProcessorChecker.postProcessAfterInitialization:330 -Bean 'sqlSessionTemplate' of type [org.mybatis.spring.SqlSessionTemplate] is not eligible for getting processed by all BeanPostProcessors (for example: not eligible for auto-proxying)
2019-07-01 16:34:37.281 INFO [main]o.s.c.s.PostProcessorRegistrationDelegate$BeanPostProcessorChecker.postProcessAfterInitialization:330 -Bean 'userMapper' of type [org.mybatis.spring.mapper.MapperFactoryBean] is not eligible for getting processed by all BeanPostProcessors (for example: not eligible for auto-proxying)
2019-07-01 16:34:37.283 INFO [main]o.s.c.s.PostProcessorRegistrationDelegate$BeanPostProcessorChecker.postProcessAfterInitialization:330 -Bean 'userMapper' of type [com.sun.proxy.$Proxy72] is not eligible for getting processed by all BeanPostProcessors (for example: not eligible for auto-proxying)
2019-07-01 16:34:37.312 INFO [main]o.s.c.s.PostProcessorRegistrationDelegate$BeanPostProcessorChecker.postProcessAfterInitialization:330 -Bean 'roleUserMapper' of type [org.mybatis.spring.mapper.MapperFactoryBean] is not eligible for getting processed by all BeanPostProcessors (for example: not eligible for auto-proxying)
2019-07-01 16:34:37.313 INFO [main]o.s.c.s.PostProcessorRegistrationDelegate$BeanPostProcessorChecker.postProcessAfterInitialization:330 -Bean 'roleUserMapper' of type [com.sun.proxy.$Proxy73] is not eligible for getting processed by all BeanPostProcessors (for example: not eligible for auto-proxying)
2019-07-01 16:34:37.314 INFO [main]o.s.c.s.PostProcessorRegistrationDelegate$BeanPostProcessorChecker.postProcessAfterInitialization:330 -Bean 'userServiceImpl' of type [com.cjw.springbootstarter.service.impl.UserServiceImpl] is not eligible for getting processed by all BeanPostProcessors (for example: not eligible for auto-proxying)
2019-07-01 16:34:37.314 INFO [main]o.s.c.s.PostProcessorRegistrationDelegate$BeanPostProcessorChecker.postProcessAfterInitialization:330 -Bean 'myShiroRealm' of type [com.cjw.springbootstarter.base.MyShiroRealm] is not eligible for getting processed by all BeanPostProcessors (for example: not eligible for auto-proxying)
2019-07-01 16:34:37.318 INFO [main]o.s.c.s.PostProcessorRegistrationDelegate$BeanPostProcessorChecker.postProcessAfterInitialization:330 -Bean 'securityManager' of type [org.apache.shiro.web.mgt.DefaultWebSecurityManager] is not eligible for getting processed by all BeanPostProcessors (for example: not eligible for auto-proxying)
2019-07-01 16:34:37.369 INFO [main]o.s.c.s.PostProcessorRegistrationDelegate$BeanPostProcessorChecker.postProcessAfterInitialization:330 -Bean 'lettuceRedisConfig' of type [com.cjw.springbootstarter.config.LettuceRedisConfig$$EnhancerBySpringCGLIB$$b7fde7e6] is not eligible for getting processed by all BeanPostProcessors (for example: not eligible for auto-proxying)
2019-07-01 16:34:37.389 INFO [main]o.s.c.s.PostProcessorRegistrationDelegate$BeanPostProcessorChecker.postProcessAfterInitialization:330 -Bean 'org.springframework.transaction.annotation.ProxyTransactionManagementConfiguration' of type [org.springframework.transaction.annotation.ProxyTransactionManagementConfiguration$$EnhancerBySpringCGLIB$$c34cb71f] is not eligible for getting processed by all BeanPostProcessors (for example: not eligible for auto-proxying)
2019-07-01 16:34:37.403 INFO [main]o.s.c.s.PostProcessorRegistrationDelegate$BeanPostProcessorChecker.postProcessAfterInitialization:330 -Bean 'authorizationAttributeSourceAdvisor' of type [org.apache.shiro.spring.security.interceptor.AuthorizationAttributeSourceAdvisor] is not eligible for getting processed by all BeanPostProcessors (for example: not eligible for auto-proxying)
2019-07-01 16:34:37.804 INFO [main]o.s.boot.web.embedded.tomcat.TomcatWebServer.initialize:90 -Tomcat initialized with port(s): 9999 (http)
2019-07-01 16:34:37.819 INFO [main]org.apache.coyote.http11.Http11NioProtocol.log:173 -Initializing ProtocolHandler ["http-nio-9999"]
2019-07-01 16:34:37.830 INFO [main]org.apache.catalina.core.StandardService.log:173 -Starting service [Tomcat]
2019-07-01 16:34:37.830 INFO [main]org.apache.catalina.core.StandardEngine.log:173 -Starting Servlet engine: [Apache Tomcat/9.0.14]
2019-07-01 16:34:37.837 INFO [main]org.apache.catalina.core.AprLifecycleListener.log:173 -The APR based Apache Tomcat Native library which allows optimal performance in production environments was not found on the java.library.path: [D:\Java\jdk1.8.0_40\bin;C:\WINDOWS\Sun\Java\bin;C:\WINDOWS\system32;C:\WINDOWS;D:\Anaconda3;D:\Anaconda3\Library\mingw-w64\bin;D:\Anaconda3\Library\usr\bin;D:\Anaconda3\Library\bin;D:\Anaconda3\Scripts;D:\python3\Scripts\;D:\python3\;C:\Python27\Cesium;C:\Program Files (x86)\GDAL;D:\mysql-5.6.22\bin;D:\Java\jdk1.8.0_40\bin;D:\Java\jdk1.8.0_40\jre\bin;D:\app\yao\product\11.2.0\client_1\bin;C:\ProgramData\Oracle\Java\javapath;C:\Program Files (x86)\Intel\iCLS Client\;C:\Program Files\Intel\iCLS Client\;C:\Windows\system32;C:\Windows;C:\Windows\System32\Wbem;C:\Windows\System32\WindowsPowerShell\v1.0\;C:\Program Files (x86)\Intel\Intel(R) Management Engine Components\DAL;C:\Program Files\Intel\Intel(R) Management Engine Components\DAL;C:\Program Files (x86)\Intel\Intel(R) Management Engine Components\IPT;C:\Program Files\Intel\Intel(R) Management Engine Components\IPT;C:\Program Files (x86)\NVIDIA Corporation\PhysX\Common;C:\Program Files\Microsoft\Web Platform Installer\;C:\Program Files (x86)\Microsoft ASP.NET\ASP.NET Web Pages\v1.0\;C:\Program Files (x86)\Windows Kits\8.0\Windows Performance Toolkit\;C:\Program Files\Microsoft SQL Server\110\Tools\Binn\;D:\VisualSVN\bin;D:\TortoiseSVN\bin;D:\ArcGIS\Desktop10.2\bin;C:\Windows\System32;C:\WINDOWS\system32;C:\WINDOWS;C:\WINDOWS\System32\Wbem;C:\WINDOWS\System32\WindowsPowerShell\v1.0\;D:\nodejs\;C:\WINDOWS\System32\WindowsPowerShell\v1.0\;C:\WINDOWS\System32\OpenSSH\;C:\windows\system32;D:\Git\cmd;E:\学习积累\网络爬虫-python\phantomjs-2.1.1-windows\bin;E:\学习积累\网络爬虫-python\chromedriver;C:\Program Files\Intel\WiFi\bin\;C:\Program Files\Common Files\Intel\WirelessCommon\;D:\Microsoft VS Code\bin;C:\Users\yao.YAO-PC\AppData\Local\Microsoft\WindowsApps;D:\Fiddler;C:\Users\yao.YAO-PC\AppData\Local\Microsoft\WindowsApps;C:\Users\yao.YAO-PC\AppData\Roaming\npm;D:\Microsoft VS Code\bin;D:\IntelliJ IDEA 2018.1.4\plugins\maven\lib\maven3\bin;;.]
2019-07-01 16:34:37.979 INFO [main]o.a.catalina.core.ContainerBase.[Tomcat].[localhost].[/].log:173 -Initializing Spring embedded WebApplicationContext
2019-07-01 16:34:37.980 INFO [main]org.springframework.web.context.ContextLoader.prepareWebApplicationContext:296 -Root WebApplicationContext: initialization completed in 3072 ms
2019-07-01 16:34:39.474 WARN [main]config.setReconnectionTimeout:283 -'reconnectionTimeout' setting in unavailable. Please use 'failedSlaveReconnectionInterval' setting instead!
2019-07-01 16:34:39.474 WARN [main]config.setFailedAttempts:292 -'failedAttempts' setting in unavailable. Please use 'failedSlaveCheckInterval' setting instead!
2019-07-01 16:34:39.607 INFO [main]org.redisson.Version.logVersion:41 -Redisson 3.9.1
2019-07-01 16:34:40.346 INFO [redisson-netty-4-16]org.redisson.connection.pool.MasterPubSubConnectionPool.operationComplete:168 -1 connections initialized for localhost/127.0.0.1:6379
2019-07-01 16:34:40.349 INFO [redisson-netty-4-5]org.redisson.connection.pool.MasterConnectionPool.operationComplete:168 -32 connections initialized for localhost/127.0.0.1:6379
2019-07-01 16:34:40.955 INFO [main]s.d.s.web.PropertySourcedRequestMappingHandlerMapping.initHandlerMethods:69 -Mapped URL path [/v2/api-docs] onto method [public org.springframework.http.ResponseEntity<springfox.documentation.spring.web.json.Json> springfox.documentation.swagger2.web.Swagger2Controller.getDocumentation(java.lang.String,javax.servlet.http.HttpServletRequest)]
2019-07-01 16:34:41.194 INFO [main]o.s.scheduling.concurrent.ThreadPoolTaskExecutor.initialize:171 -Initializing ExecutorService 'applicationTaskExecutor'
2019-07-01 16:34:41.972 INFO [main]io.lettuce.core.EpollProvider.<clinit>:68 -Starting without optional epoll library
2019-07-01 16:34:41.974 INFO [main]io.lettuce.core.KqueueProvider.<clinit>:70 -Starting without optional kqueue library
2019-07-01 16:34:42.097 INFO [main]s.d.spring.web.plugins.DocumentationPluginsBootstrapper.start:147 -Context refreshed
2019-07-01 16:34:42.111 INFO [main]s.d.spring.web.plugins.DocumentationPluginsBootstrapper.start:150 -Found 1 custom documentation plugin(s)
2019-07-01 16:34:42.145 INFO [main]s.d.spring.web.scanners.ApiListingReferenceScanner.scan:41 -Scanning for api listing references
2019-07-01 16:34:42.929 INFO [main]o.s.s.annotation.ScheduledAnnotationBeanPostProcessor.finishRegistration:295 -No TaskScheduler/ScheduledExecutorService bean found for scheduled processing
2019-07-01 16:34:42.938 INFO [main]org.apache.coyote.http11.Http11NioProtocol.log:173 -Starting ProtocolHandler ["http-nio-9999"]
2019-07-01 16:34:42.955 INFO [main]o.s.boot.web.embedded.tomcat.TomcatWebServer.start:204 -Tomcat started on port(s): 9999 (http) with context path ''
2019-07-01 16:34:42.957 INFO [main]com.cjw.springbootstarter.SpringbootStarterApplication.logStarted:59 -Started SpringbootStarterApplication in 8.698 seconds (JVM running for 11.413)
2019-07-01 16:34:42.961 INFO [main]com.cjw.springbootstarter.base.ApplicationReady.onApplicationEvent:46 -数据库部分内容读入到全局缓存...
2019-07-01 16:34:43.053 INFO [main]com.cjw.springbootstarter.base.ApplicationReady.onApplicationEvent:49 -数据库部分内容读入到全局缓存完成！
