2019-07-22 09:23:29.406 INFO [main]com.cjw.springbootstarter.SpringbootStarterApplication.logStarting:50 -Starting SpringbootStarterApplication on YAO-PC with PID 15596 (C:\Users\yao.YAO-PC\Desktop\springboot-gs\target\classes started by yao in C:\Users\yao.YAO-PC\Desktop\springboot-gs)
2019-07-22 09:23:29.410 INFO [main]com.cjw.springbootstarter.SpringbootStarterApplication.logStartupProfileInfo:675 -No active profile set, falling back to default profiles: default
2019-07-22 09:23:32.930 INFO [main]o.s.d.repository.config.RepositoryConfigurationDelegate.multipleStoresDetected:244 -Multiple Spring Data modules found, entering strict repository configuration mode!
2019-07-22 09:23:32.933 INFO [main]o.s.d.repository.config.RepositoryConfigurationDelegate.registerRepositoriesIn:126 -Bootstrapping Spring Data repositories in DEFAULT mode.
2019-07-22 09:23:33.151 INFO [main]o.s.d.repository.config.RepositoryConfigurationDelegate.registerRepositoriesIn:182 -Finished Spring Data repository scanning in 132ms. Found 0 repository interfaces.
2019-07-22 09:23:33.623 INFO [main]o.s.c.s.PostProcessorRegistrationDelegate$BeanPostProcessorChecker.postProcessAfterInitialization:330 -Bean 'shiroConfig' of type [com.cjw.springbootstarter.config.ShiroConfig$$EnhancerBySpringCGLIB$$5ea862ab] is not eligible for getting processed by all BeanPostProcessors (for example: not eligible for auto-proxying)
2019-07-22 09:23:38.157 INFO [main]o.s.c.s.PostProcessorRegistrationDelegate$BeanPostProcessorChecker.postProcessAfterInitialization:330 -Bean 'hashedCredentialsMatcher' of type [org.apache.shiro.authc.credential.HashedCredentialsMatcher] is not eligible for getting processed by all BeanPostProcessors (for example: not eligible for auto-proxying)
2019-07-22 09:23:38.522 INFO [main]o.s.c.s.PostProcessorRegistrationDelegate$BeanPostProcessorChecker.postProcessAfterInitialization:330 -Bean 'mybatis-plus-com.baomidou.mybatisplus.autoconfigure.MybatisPlusProperties' of type [com.baomidou.mybatisplus.autoconfigure.MybatisPlusProperties] is not eligible for getting processed by all BeanPostProcessors (for example: not eligible for auto-proxying)
2019-07-22 09:23:38.528 INFO [main]o.s.c.s.PostProcessorRegistrationDelegate$BeanPostProcessorChecker.postProcessAfterInitialization:330 -Bean 'mybatisPlusConfig' of type [com.cjw.springbootstarter.config.MybatisPlusConfig$$EnhancerBySpringCGLIB$$bcb04387] is not eligible for getting processed by all BeanPostProcessors (for example: not eligible for auto-proxying)
2019-07-22 09:23:38.567 INFO [main]o.s.c.s.PostProcessorRegistrationDelegate$BeanPostProcessorChecker.postProcessAfterInitialization:330 -Bean 'paginationInterceptor' of type [com.baomidou.mybatisplus.extension.plugins.PaginationInterceptor] is not eligible for getting processed by all BeanPostProcessors (for example: not eligible for auto-proxying)
2019-07-22 09:23:38.573 INFO [main]o.s.c.s.PostProcessorRegistrationDelegate$BeanPostProcessorChecker.postProcessAfterInitialization:330 -Bean 'com.baomidou.mybatisplus.autoconfigure.MybatisPlusAutoConfiguration' of type [com.baomidou.mybatisplus.autoconfigure.MybatisPlusAutoConfiguration$$EnhancerBySpringCGLIB$$f08f7090] is not eligible for getting processed by all BeanPostProcessors (for example: not eligible for auto-proxying)
2019-07-22 09:23:38.576 INFO [main]o.s.c.s.PostProcessorRegistrationDelegate$BeanPostProcessorChecker.postProcessAfterInitialization:330 -Bean 'org.springframework.boot.autoconfigure.jdbc.DataSourceConfiguration$Generic' of type [org.springframework.boot.autoconfigure.jdbc.DataSourceConfiguration$Generic] is not eligible for getting processed by all BeanPostProcessors (for example: not eligible for auto-proxying)
2019-07-22 09:23:38.613 INFO [main]o.s.c.s.PostProcessorRegistrationDelegate$BeanPostProcessorChecker.postProcessAfterInitialization:330 -Bean 'spring.datasource-org.springframework.boot.autoconfigure.jdbc.DataSourceProperties' of type [org.springframework.boot.autoconfigure.jdbc.DataSourceProperties] is not eligible for getting processed by all BeanPostProcessors (for example: not eligible for auto-proxying)
2019-07-22 09:23:38.923 INFO [main]o.s.c.s.PostProcessorRegistrationDelegate$BeanPostProcessorChecker.postProcessAfterInitialization:330 -Bean 'dataSource' of type [com.alibaba.druid.pool.DruidDataSource] is not eligible for getting processed by all BeanPostProcessors (for example: not eligible for auto-proxying)
2019-07-22 09:23:39.456 INFO [main]com.alibaba.druid.pool.DruidDataSource.init:922 -{dataSource-1} inited
2019-07-22 09:23:44.741 INFO [main]o.s.c.s.PostProcessorRegistrationDelegate$BeanPostProcessorChecker.postProcessAfterInitialization:330 -Bean 'sqlSessionFactory' of type [org.apache.ibatis.session.defaults.DefaultSqlSessionFactory] is not eligible for getting processed by all BeanPostProcessors (for example: not eligible for auto-proxying)
2019-07-22 09:23:44.747 INFO [main]o.s.c.s.PostProcessorRegistrationDelegate$BeanPostProcessorChecker.postProcessAfterInitialization:330 -Bean 'sqlSessionTemplate' of type [org.mybatis.spring.SqlSessionTemplate] is not eligible for getting processed by all BeanPostProcessors (for example: not eligible for auto-proxying)
2019-07-22 09:23:49.189 INFO [main]o.s.c.s.PostProcessorRegistrationDelegate$BeanPostProcessorChecker.postProcessAfterInitialization:330 -Bean 'userMapper' of type [org.mybatis.spring.mapper.MapperFactoryBean] is not eligible for getting processed by all BeanPostProcessors (for example: not eligible for auto-proxying)
2019-07-22 09:23:49.191 INFO [main]o.s.c.s.PostProcessorRegistrationDelegate$BeanPostProcessorChecker.postProcessAfterInitialization:330 -Bean 'userMapper' of type [com.sun.proxy.$Proxy72] is not eligible for getting processed by all BeanPostProcessors (for example: not eligible for auto-proxying)
2019-07-22 09:23:49.223 INFO [main]o.s.c.s.PostProcessorRegistrationDelegate$BeanPostProcessorChecker.postProcessAfterInitialization:330 -Bean 'roleUserMapper' of type [org.mybatis.spring.mapper.MapperFactoryBean] is not eligible for getting processed by all BeanPostProcessors (for example: not eligible for auto-proxying)
2019-07-22 09:23:49.225 INFO [main]o.s.c.s.PostProcessorRegistrationDelegate$BeanPostProcessorChecker.postProcessAfterInitialization:330 -Bean 'roleUserMapper' of type [com.sun.proxy.$Proxy73] is not eligible for getting processed by all BeanPostProcessors (for example: not eligible for auto-proxying)
2019-07-22 09:23:49.226 INFO [main]o.s.c.s.PostProcessorRegistrationDelegate$BeanPostProcessorChecker.postProcessAfterInitialization:330 -Bean 'userServiceImpl' of type [com.cjw.springbootstarter.service.impl.UserServiceImpl] is not eligible for getting processed by all BeanPostProcessors (for example: not eligible for auto-proxying)
2019-07-22 09:23:49.226 INFO [main]o.s.c.s.PostProcessorRegistrationDelegate$BeanPostProcessorChecker.postProcessAfterInitialization:330 -Bean 'myShiroRealm' of type [com.cjw.springbootstarter.base.MyShiroRealm] is not eligible for getting processed by all BeanPostProcessors (for example: not eligible for auto-proxying)
2019-07-22 09:23:49.231 INFO [main]o.s.c.s.PostProcessorRegistrationDelegate$BeanPostProcessorChecker.postProcessAfterInitialization:330 -Bean 'securityManager' of type [org.apache.shiro.web.mgt.DefaultWebSecurityManager] is not eligible for getting processed by all BeanPostProcessors (for example: not eligible for auto-proxying)
2019-07-22 09:23:49.289 INFO [main]o.s.c.s.PostProcessorRegistrationDelegate$BeanPostProcessorChecker.postProcessAfterInitialization:330 -Bean 'lettuceRedisConfig' of type [com.cjw.springbootstarter.config.LettuceRedisConfig$$EnhancerBySpringCGLIB$$a77834bd] is not eligible for getting processed by all BeanPostProcessors (for example: not eligible for auto-proxying)
2019-07-22 09:23:49.309 INFO [main]o.s.c.s.PostProcessorRegistrationDelegate$BeanPostProcessorChecker.postProcessAfterInitialization:330 -Bean 'org.springframework.transaction.annotation.ProxyTransactionManagementConfiguration' of type [org.springframework.transaction.annotation.ProxyTransactionManagementConfiguration$$EnhancerBySpringCGLIB$$b2c703f6] is not eligible for getting processed by all BeanPostProcessors (for example: not eligible for auto-proxying)
2019-07-22 09:23:49.323 INFO [main]o.s.c.s.PostProcessorRegistrationDelegate$BeanPostProcessorChecker.postProcessAfterInitialization:330 -Bean 'authorizationAttributeSourceAdvisor' of type [org.apache.shiro.spring.security.interceptor.AuthorizationAttributeSourceAdvisor] is not eligible for getting processed by all BeanPostProcessors (for example: not eligible for auto-proxying)
2019-07-22 09:23:52.124 INFO [main]o.s.boot.web.embedded.tomcat.TomcatWebServer.initialize:90 -Tomcat initialized with port(s): 9999 (http)
2019-07-22 09:23:52.178 INFO [main]org.apache.coyote.http11.Http11NioProtocol.log:173 -Initializing ProtocolHandler ["http-nio-9999"]
2019-07-22 09:23:52.273 INFO [main]org.apache.catalina.core.StandardService.log:173 -Starting service [Tomcat]
2019-07-22 09:23:52.273 INFO [main]org.apache.catalina.core.StandardEngine.log:173 -Starting Servlet engine: [Apache Tomcat/9.0.14]
2019-07-22 09:23:52.326 INFO [main]org.apache.catalina.core.AprLifecycleListener.log:173 -The APR based Apache Tomcat Native library which allows optimal performance in production environments was not found on the java.library.path: [D:\Java\jdk1.8.0_40\bin;C:\WINDOWS\Sun\Java\bin;C:\WINDOWS\system32;C:\WINDOWS;D:\Anaconda3;D:\Anaconda3\Library\mingw-w64\bin;D:\Anaconda3\Library\usr\bin;D:\Anaconda3\Library\bin;D:\Anaconda3\Scripts;D:\python3\Scripts\;D:\python3\;C:\Python27\Cesium;C:\Program Files (x86)\GDAL;D:\mysql-5.6.22\bin;D:\Java\jdk1.8.0_40\bin;D:\Java\jdk1.8.0_40\jre\bin;D:\app\yao\product\11.2.0\client_1\bin;C:\ProgramData\Oracle\Java\javapath;C:\Program Files (x86)\Intel\iCLS Client\;C:\Program Files\Intel\iCLS Client\;C:\Windows\system32;C:\Windows;C:\Windows\System32\Wbem;C:\Windows\System32\WindowsPowerShell\v1.0\;C:\Program Files (x86)\Intel\Intel(R) Management Engine Components\DAL;C:\Program Files\Intel\Intel(R) Management Engine Components\DAL;C:\Program Files (x86)\Intel\Intel(R) Management Engine Components\IPT;C:\Program Files\Intel\Intel(R) Management Engine Components\IPT;C:\Program Files (x86)\NVIDIA Corporation\PhysX\Common;C:\Program Files\Microsoft\Web Platform Installer\;C:\Program Files (x86)\Microsoft ASP.NET\ASP.NET Web Pages\v1.0\;C:\Program Files (x86)\Windows Kits\8.0\Windows Performance Toolkit\;C:\Program Files\Microsoft SQL Server\110\Tools\Binn\;D:\VisualSVN\bin;D:\TortoiseSVN\bin;D:\ArcGIS\Desktop10.2\bin;C:\Windows\System32;C:\WINDOWS\system32;C:\WINDOWS;C:\WINDOWS\System32\Wbem;C:\WINDOWS\System32\WindowsPowerShell\v1.0\;D:\nodejs\;C:\WINDOWS\System32\WindowsPowerShell\v1.0\;C:\WINDOWS\System32\OpenSSH\;C:\windows\system32;D:\Git\cmd;E:\学习积累\网络爬虫-python\phantomjs-2.1.1-windows\bin;E:\学习积累\网络爬虫-python\chromedriver;C:\Program Files\Intel\WiFi\bin\;C:\Program Files\Common Files\Intel\WirelessCommon\;D:\Microsoft VS Code\bin;C:\Users\yao.YAO-PC\AppData\Local\Microsoft\WindowsApps;D:\Fiddler;C:\Users\yao.YAO-PC\AppData\Local\Microsoft\WindowsApps;C:\Users\yao.YAO-PC\AppData\Roaming\npm;D:\Microsoft VS Code\bin;D:\IntelliJ IDEA 2018.1.4\plugins\maven\lib\maven3\bin;;.]
2019-07-22 09:23:54.770 INFO [main]o.a.catalina.core.ContainerBase.[Tomcat].[localhost].[/].log:173 -Initializing Spring embedded WebApplicationContext
2019-07-22 09:23:54.771 INFO [main]org.springframework.web.context.ContextLoader.prepareWebApplicationContext:296 -Root WebApplicationContext: initialization completed in 25310 ms
2019-07-22 09:23:58.756 WARN [main]config.setReconnectionTimeout:283 -'reconnectionTimeout' setting in unavailable. Please use 'failedSlaveReconnectionInterval' setting instead!
2019-07-22 09:23:58.757 WARN [main]config.setFailedAttempts:292 -'failedAttempts' setting in unavailable. Please use 'failedSlaveCheckInterval' setting instead!
2019-07-22 09:23:59.005 INFO [main]org.redisson.Version.logVersion:41 -Redisson 3.9.1
2019-07-22 09:24:01.514 INFO [redisson-netty-4-5]org.redisson.connection.pool.MasterPubSubConnectionPool.operationComplete:168 -1 connections initialized for localhost/127.0.0.1:6379
2019-07-22 09:24:01.514 INFO [redisson-netty-4-3]org.redisson.connection.pool.MasterConnectionPool.operationComplete:168 -32 connections initialized for localhost/127.0.0.1:6379
2019-07-22 09:24:02.150 INFO [main]s.d.s.web.PropertySourcedRequestMappingHandlerMapping.initHandlerMethods:69 -Mapped URL path [/v2/api-docs] onto method [public org.springframework.http.ResponseEntity<springfox.documentation.spring.web.json.Json> springfox.documentation.swagger2.web.Swagger2Controller.getDocumentation(java.lang.String,javax.servlet.http.HttpServletRequest)]
2019-07-22 09:24:02.475 INFO [main]o.s.scheduling.concurrent.ThreadPoolTaskExecutor.initialize:171 -Initializing ExecutorService 'applicationTaskExecutor'
2019-07-22 09:24:03.791 INFO [main]io.lettuce.core.EpollProvider.<clinit>:68 -Starting without optional epoll library
2019-07-22 09:24:03.793 INFO [main]io.lettuce.core.KqueueProvider.<clinit>:70 -Starting without optional kqueue library
2019-07-22 09:24:04.206 INFO [main]s.d.spring.web.plugins.DocumentationPluginsBootstrapper.start:147 -Context refreshed
2019-07-22 09:24:04.239 INFO [main]s.d.spring.web.plugins.DocumentationPluginsBootstrapper.start:150 -Found 1 custom documentation plugin(s)
2019-07-22 09:24:04.299 INFO [main]s.d.spring.web.scanners.ApiListingReferenceScanner.scan:41 -Scanning for api listing references
2019-07-22 09:24:05.334 INFO [main]o.s.s.annotation.ScheduledAnnotationBeanPostProcessor.finishRegistration:295 -No TaskScheduler/ScheduledExecutorService bean found for scheduled processing
2019-07-22 09:24:05.342 INFO [main]org.apache.coyote.http11.Http11NioProtocol.log:173 -Starting ProtocolHandler ["http-nio-9999"]
2019-07-22 09:24:05.361 INFO [main]o.s.boot.web.embedded.tomcat.TomcatWebServer.start:204 -Tomcat started on port(s): 9999 (http) with context path ''
2019-07-22 09:24:05.364 INFO [main]com.cjw.springbootstarter.SpringbootStarterApplication.logStarted:59 -Started SpringbootStarterApplication in 40.775 seconds (JVM running for 75.052)
2019-07-22 09:24:05.368 INFO [main]com.cjw.springbootstarter.base.ApplicationReady.onApplicationEvent:47 -数据库部分内容读入到全局缓存...
2019-07-22 09:24:08.179 INFO [main]com.cjw.springbootstarter.base.ApplicationReady.onApplicationEvent:50 -数据库部分内容读入到全局缓存完成！
2019-07-22 15:11:22.031 INFO [main]com.cjw.springbootstarter.SpringbootStarterApplication.logStarting:50 -Starting SpringbootStarterApplication on YAO-PC with PID 692 (C:\Users\yao.YAO-PC\Desktop\springboot-gs\target\classes started by yao in C:\Users\yao.YAO-PC\Desktop\springboot-gs)
2019-07-22 15:11:22.034 INFO [main]com.cjw.springbootstarter.SpringbootStarterApplication.logStartupProfileInfo:675 -No active profile set, falling back to default profiles: default
2019-07-22 15:11:24.155 INFO [main]o.s.d.repository.config.RepositoryConfigurationDelegate.multipleStoresDetected:244 -Multiple Spring Data modules found, entering strict repository configuration mode!
2019-07-22 15:11:24.158 INFO [main]o.s.d.repository.config.RepositoryConfigurationDelegate.registerRepositoriesIn:126 -Bootstrapping Spring Data repositories in DEFAULT mode.
2019-07-22 15:11:24.269 INFO [main]o.s.d.repository.config.RepositoryConfigurationDelegate.registerRepositoriesIn:182 -Finished Spring Data repository scanning in 70ms. Found 0 repository interfaces.
2019-07-22 15:11:24.645 INFO [main]o.s.c.s.PostProcessorRegistrationDelegate$BeanPostProcessorChecker.postProcessAfterInitialization:330 -Bean 'shiroConfig' of type [com.cjw.springbootstarter.config.ShiroConfig$$EnhancerBySpringCGLIB$$313b6750] is not eligible for getting processed by all BeanPostProcessors (for example: not eligible for auto-proxying)
2019-07-22 15:11:25.690 INFO [main]o.s.c.s.PostProcessorRegistrationDelegate$BeanPostProcessorChecker.postProcessAfterInitialization:330 -Bean 'hashedCredentialsMatcher' of type [org.apache.shiro.authc.credential.HashedCredentialsMatcher] is not eligible for getting processed by all BeanPostProcessors (for example: not eligible for auto-proxying)
2019-07-22 15:11:25.782 INFO [main]o.s.c.s.PostProcessorRegistrationDelegate$BeanPostProcessorChecker.postProcessAfterInitialization:330 -Bean 'mybatis-plus-com.baomidou.mybatisplus.autoconfigure.MybatisPlusProperties' of type [com.baomidou.mybatisplus.autoconfigure.MybatisPlusProperties] is not eligible for getting processed by all BeanPostProcessors (for example: not eligible for auto-proxying)
2019-07-22 15:11:25.788 INFO [main]o.s.c.s.PostProcessorRegistrationDelegate$BeanPostProcessorChecker.postProcessAfterInitialization:330 -Bean 'mybatisPlusConfig' of type [com.cjw.springbootstarter.config.MybatisPlusConfig$$EnhancerBySpringCGLIB$$8f43482c] is not eligible for getting processed by all BeanPostProcessors (for example: not eligible for auto-proxying)
2019-07-22 15:11:25.795 INFO [main]o.s.c.s.PostProcessorRegistrationDelegate$BeanPostProcessorChecker.postProcessAfterInitialization:330 -Bean 'paginationInterceptor' of type [com.baomidou.mybatisplus.extension.plugins.PaginationInterceptor] is not eligible for getting processed by all BeanPostProcessors (for example: not eligible for auto-proxying)
2019-07-22 15:11:25.801 INFO [main]o.s.c.s.PostProcessorRegistrationDelegate$BeanPostProcessorChecker.postProcessAfterInitialization:330 -Bean 'com.baomidou.mybatisplus.autoconfigure.MybatisPlusAutoConfiguration' of type [com.baomidou.mybatisplus.autoconfigure.MybatisPlusAutoConfiguration$$EnhancerBySpringCGLIB$$c3227535] is not eligible for getting processed by all BeanPostProcessors (for example: not eligible for auto-proxying)
2019-07-22 15:11:25.802 INFO [main]o.s.c.s.PostProcessorRegistrationDelegate$BeanPostProcessorChecker.postProcessAfterInitialization:330 -Bean 'org.springframework.boot.autoconfigure.jdbc.DataSourceConfiguration$Generic' of type [org.springframework.boot.autoconfigure.jdbc.DataSourceConfiguration$Generic] is not eligible for getting processed by all BeanPostProcessors (for example: not eligible for auto-proxying)
2019-07-22 15:11:25.821 INFO [main]o.s.c.s.PostProcessorRegistrationDelegate$BeanPostProcessorChecker.postProcessAfterInitialization:330 -Bean 'spring.datasource-org.springframework.boot.autoconfigure.jdbc.DataSourceProperties' of type [org.springframework.boot.autoconfigure.jdbc.DataSourceProperties] is not eligible for getting processed by all BeanPostProcessors (for example: not eligible for auto-proxying)
2019-07-22 15:11:25.872 INFO [main]o.s.c.s.PostProcessorRegistrationDelegate$BeanPostProcessorChecker.postProcessAfterInitialization:330 -Bean 'dataSource' of type [com.alibaba.druid.pool.DruidDataSource] is not eligible for getting processed by all BeanPostProcessors (for example: not eligible for auto-proxying)
2019-07-22 15:11:25.998 INFO [main]com.alibaba.druid.pool.DruidDataSource.init:922 -{dataSource-1} inited
2019-07-22 15:11:26.277 INFO [main]o.s.c.s.PostProcessorRegistrationDelegate$BeanPostProcessorChecker.postProcessAfterInitialization:330 -Bean 'sqlSessionFactory' of type [org.apache.ibatis.session.defaults.DefaultSqlSessionFactory] is not eligible for getting processed by all BeanPostProcessors (for example: not eligible for auto-proxying)
2019-07-22 15:11:26.285 INFO [main]o.s.c.s.PostProcessorRegistrationDelegate$BeanPostProcessorChecker.postProcessAfterInitialization:330 -Bean 'sqlSessionTemplate' of type [org.mybatis.spring.SqlSessionTemplate] is not eligible for getting processed by all BeanPostProcessors (for example: not eligible for auto-proxying)
2019-07-22 15:11:26.611 INFO [main]o.s.c.s.PostProcessorRegistrationDelegate$BeanPostProcessorChecker.postProcessAfterInitialization:330 -Bean 'userMapper' of type [org.mybatis.spring.mapper.MapperFactoryBean] is not eligible for getting processed by all BeanPostProcessors (for example: not eligible for auto-proxying)
2019-07-22 15:11:26.613 INFO [main]o.s.c.s.PostProcessorRegistrationDelegate$BeanPostProcessorChecker.postProcessAfterInitialization:330 -Bean 'userMapper' of type [com.sun.proxy.$Proxy72] is not eligible for getting processed by all BeanPostProcessors (for example: not eligible for auto-proxying)
2019-07-22 15:11:26.640 INFO [main]o.s.c.s.PostProcessorRegistrationDelegate$BeanPostProcessorChecker.postProcessAfterInitialization:330 -Bean 'roleUserMapper' of type [org.mybatis.spring.mapper.MapperFactoryBean] is not eligible for getting processed by all BeanPostProcessors (for example: not eligible for auto-proxying)
2019-07-22 15:11:26.641 INFO [main]o.s.c.s.PostProcessorRegistrationDelegate$BeanPostProcessorChecker.postProcessAfterInitialization:330 -Bean 'roleUserMapper' of type [com.sun.proxy.$Proxy73] is not eligible for getting processed by all BeanPostProcessors (for example: not eligible for auto-proxying)
2019-07-22 15:11:26.642 INFO [main]o.s.c.s.PostProcessorRegistrationDelegate$BeanPostProcessorChecker.postProcessAfterInitialization:330 -Bean 'userServiceImpl' of type [com.cjw.springbootstarter.service.impl.UserServiceImpl] is not eligible for getting processed by all BeanPostProcessors (for example: not eligible for auto-proxying)
2019-07-22 15:11:26.642 INFO [main]o.s.c.s.PostProcessorRegistrationDelegate$BeanPostProcessorChecker.postProcessAfterInitialization:330 -Bean 'myShiroRealm' of type [com.cjw.springbootstarter.base.MyShiroRealm] is not eligible for getting processed by all BeanPostProcessors (for example: not eligible for auto-proxying)
2019-07-22 15:11:26.646 INFO [main]o.s.c.s.PostProcessorRegistrationDelegate$BeanPostProcessorChecker.postProcessAfterInitialization:330 -Bean 'securityManager' of type [org.apache.shiro.web.mgt.DefaultWebSecurityManager] is not eligible for getting processed by all BeanPostProcessors (for example: not eligible for auto-proxying)
2019-07-22 15:11:26.694 INFO [main]o.s.c.s.PostProcessorRegistrationDelegate$BeanPostProcessorChecker.postProcessAfterInitialization:330 -Bean 'lettuceRedisConfig' of type [com.cjw.springbootstarter.config.LettuceRedisConfig$$EnhancerBySpringCGLIB$$7a0b3962] is not eligible for getting processed by all BeanPostProcessors (for example: not eligible for auto-proxying)
2019-07-22 15:11:26.709 INFO [main]o.s.c.s.PostProcessorRegistrationDelegate$BeanPostProcessorChecker.postProcessAfterInitialization:330 -Bean 'org.springframework.transaction.annotation.ProxyTransactionManagementConfiguration' of type [org.springframework.transaction.annotation.ProxyTransactionManagementConfiguration$$EnhancerBySpringCGLIB$$855a089b] is not eligible for getting processed by all BeanPostProcessors (for example: not eligible for auto-proxying)
2019-07-22 15:11:26.720 INFO [main]o.s.c.s.PostProcessorRegistrationDelegate$BeanPostProcessorChecker.postProcessAfterInitialization:330 -Bean 'authorizationAttributeSourceAdvisor' of type [org.apache.shiro.spring.security.interceptor.AuthorizationAttributeSourceAdvisor] is not eligible for getting processed by all BeanPostProcessors (for example: not eligible for auto-proxying)
2019-07-22 15:11:27.233 INFO [main]o.s.boot.web.embedded.tomcat.TomcatWebServer.initialize:90 -Tomcat initialized with port(s): 9999 (http)
2019-07-22 15:11:27.249 INFO [main]org.apache.coyote.http11.Http11NioProtocol.log:173 -Initializing ProtocolHandler ["http-nio-9999"]
2019-07-22 15:11:27.261 INFO [main]org.apache.catalina.core.StandardService.log:173 -Starting service [Tomcat]
2019-07-22 15:11:27.262 INFO [main]org.apache.catalina.core.StandardEngine.log:173 -Starting Servlet engine: [Apache Tomcat/9.0.14]
2019-07-22 15:11:27.270 INFO [main]org.apache.catalina.core.AprLifecycleListener.log:173 -The APR based Apache Tomcat Native library which allows optimal performance in production environments was not found on the java.library.path: [D:\Java\jdk1.8.0_40\bin;C:\WINDOWS\Sun\Java\bin;C:\WINDOWS\system32;C:\WINDOWS;D:\Anaconda3;D:\Anaconda3\Library\mingw-w64\bin;D:\Anaconda3\Library\usr\bin;D:\Anaconda3\Library\bin;D:\Anaconda3\Scripts;D:\python3\Scripts\;D:\python3\;C:\Python27\Cesium;C:\Program Files (x86)\GDAL;D:\mysql-5.6.22\bin;D:\Java\jdk1.8.0_40\bin;D:\Java\jdk1.8.0_40\jre\bin;D:\app\yao\product\11.2.0\client_1\bin;C:\ProgramData\Oracle\Java\javapath;C:\Program Files (x86)\Intel\iCLS Client\;C:\Program Files\Intel\iCLS Client\;C:\Windows\system32;C:\Windows;C:\Windows\System32\Wbem;C:\Windows\System32\WindowsPowerShell\v1.0\;C:\Program Files (x86)\Intel\Intel(R) Management Engine Components\DAL;C:\Program Files\Intel\Intel(R) Management Engine Components\DAL;C:\Program Files (x86)\Intel\Intel(R) Management Engine Components\IPT;C:\Program Files\Intel\Intel(R) Management Engine Components\IPT;C:\Program Files (x86)\NVIDIA Corporation\PhysX\Common;C:\Program Files\Microsoft\Web Platform Installer\;C:\Program Files (x86)\Microsoft ASP.NET\ASP.NET Web Pages\v1.0\;C:\Program Files (x86)\Windows Kits\8.0\Windows Performance Toolkit\;C:\Program Files\Microsoft SQL Server\110\Tools\Binn\;D:\VisualSVN\bin;D:\TortoiseSVN\bin;D:\ArcGIS\Desktop10.2\bin;C:\Windows\System32;C:\WINDOWS\system32;C:\WINDOWS;C:\WINDOWS\System32\Wbem;C:\WINDOWS\System32\WindowsPowerShell\v1.0\;D:\nodejs\;C:\WINDOWS\System32\WindowsPowerShell\v1.0\;C:\WINDOWS\System32\OpenSSH\;C:\windows\system32;D:\Git\cmd;E:\学习积累\网络爬虫-python\phantomjs-2.1.1-windows\bin;E:\学习积累\网络爬虫-python\chromedriver;C:\Program Files\Intel\WiFi\bin\;C:\Program Files\Common Files\Intel\WirelessCommon\;D:\Microsoft VS Code\bin;C:\Users\yao.YAO-PC\AppData\Local\Microsoft\WindowsApps;D:\Fiddler;C:\Users\yao.YAO-PC\AppData\Local\Microsoft\WindowsApps;C:\Users\yao.YAO-PC\AppData\Roaming\npm;D:\Microsoft VS Code\bin;D:\IntelliJ IDEA 2018.1.4\plugins\maven\lib\maven3\bin;;.]
2019-07-22 15:11:28.438 INFO [main]o.a.catalina.core.ContainerBase.[Tomcat].[localhost].[/].log:173 -Initializing Spring embedded WebApplicationContext
2019-07-22 15:11:28.438 INFO [main]org.springframework.web.context.ContextLoader.prepareWebApplicationContext:296 -Root WebApplicationContext: initialization completed in 6269 ms
2019-07-22 15:11:30.139 WARN [main]config.setReconnectionTimeout:283 -'reconnectionTimeout' setting in unavailable. Please use 'failedSlaveReconnectionInterval' setting instead!
2019-07-22 15:11:30.139 WARN [main]config.setFailedAttempts:292 -'failedAttempts' setting in unavailable. Please use 'failedSlaveCheckInterval' setting instead!
2019-07-22 15:11:30.351 INFO [main]org.redisson.Version.logVersion:41 -Redisson 3.9.1
2019-07-22 15:11:31.128 INFO [redisson-netty-4-6]org.redisson.connection.pool.MasterPubSubConnectionPool.operationComplete:168 -1 connections initialized for localhost/127.0.0.1:6379
2019-07-22 15:11:31.130 INFO [redisson-netty-4-5]org.redisson.connection.pool.MasterConnectionPool.operationComplete:168 -32 connections initialized for localhost/127.0.0.1:6379
2019-07-22 15:11:31.629 INFO [main]s.d.s.web.PropertySourcedRequestMappingHandlerMapping.initHandlerMethods:69 -Mapped URL path [/v2/api-docs] onto method [public org.springframework.http.ResponseEntity<springfox.documentation.spring.web.json.Json> springfox.documentation.swagger2.web.Swagger2Controller.getDocumentation(java.lang.String,javax.servlet.http.HttpServletRequest)]
2019-07-22 15:11:31.873 INFO [main]o.s.scheduling.concurrent.ThreadPoolTaskExecutor.initialize:171 -Initializing ExecutorService 'applicationTaskExecutor'
2019-07-22 15:11:32.829 INFO [main]io.lettuce.core.EpollProvider.<clinit>:68 -Starting without optional epoll library
2019-07-22 15:11:32.830 INFO [main]io.lettuce.core.KqueueProvider.<clinit>:70 -Starting without optional kqueue library
2019-07-22 15:11:33.015 INFO [main]s.d.spring.web.plugins.DocumentationPluginsBootstrapper.start:147 -Context refreshed
2019-07-22 15:11:33.041 INFO [main]s.d.spring.web.plugins.DocumentationPluginsBootstrapper.start:150 -Found 1 custom documentation plugin(s)
2019-07-22 15:11:33.075 INFO [main]s.d.spring.web.scanners.ApiListingReferenceScanner.scan:41 -Scanning for api listing references
2019-07-22 15:11:33.853 INFO [main]o.s.s.annotation.ScheduledAnnotationBeanPostProcessor.finishRegistration:295 -No TaskScheduler/ScheduledExecutorService bean found for scheduled processing
2019-07-22 15:11:33.864 INFO [main]org.apache.coyote.http11.Http11NioProtocol.log:173 -Starting ProtocolHandler ["http-nio-9999"]
2019-07-22 15:11:33.880 INFO [main]o.s.boot.web.embedded.tomcat.TomcatWebServer.start:204 -Tomcat started on port(s): 9999 (http) with context path ''
2019-07-22 15:11:33.882 INFO [main]com.cjw.springbootstarter.SpringbootStarterApplication.logStarted:59 -Started SpringbootStarterApplication in 12.884 seconds (JVM running for 35.018)
2019-07-22 15:11:33.885 INFO [main]com.cjw.springbootstarter.base.ApplicationReady.onApplicationEvent:47 -数据库部分内容读入到全局缓存...
2019-07-22 15:11:34.426 INFO [main]com.cjw.springbootstarter.base.ApplicationReady.onApplicationEvent:50 -数据库部分内容读入到全局缓存完成！
