2019-09-05 08:40:33.841 INFO [main]com.cjw.springbootstarter.SpringbootStarterApplication.logStarting:50 -Starting SpringbootStarterApplication on YAO-PC with PID 9548 (C:\Users\yao.YAO-PC\Desktop\springboot-gs\target\classes started by yao in C:\Users\yao.YAO-PC\Desktop\springboot-gs)
2019-09-05 08:40:33.844 INFO [main]com.cjw.springbootstarter.SpringbootStarterApplication.logStartupProfileInfo:675 -No active profile set, falling back to default profiles: default
2019-09-05 08:40:35.792 INFO [main]o.s.d.repository.config.RepositoryConfigurationDelegate.multipleStoresDetected:244 -Multiple Spring Data modules found, entering strict repository configuration mode!
2019-09-05 08:40:35.795 INFO [main]o.s.d.repository.config.RepositoryConfigurationDelegate.registerRepositoriesIn:126 -Bootstrapping Spring Data repositories in DEFAULT mode.
2019-09-05 08:40:35.888 INFO [main]o.s.d.repository.config.RepositoryConfigurationDelegate.registerRepositoriesIn:182 -Finished Spring Data repository scanning in 47ms. Found 0 repository interfaces.
2019-09-05 08:40:36.287 INFO [main]o.s.c.s.PostProcessorRegistrationDelegate$BeanPostProcessorChecker.postProcessAfterInitialization:330 -Bean 'shiroConfig' of type [com.cjw.springbootstarter.config.ShiroConfig$$EnhancerBySpringCGLIB$$9d289287] is not eligible for getting processed by all BeanPostProcessors (for example: not eligible for auto-proxying)
2019-09-05 08:40:37.460 INFO [main]o.s.c.s.PostProcessorRegistrationDelegate$BeanPostProcessorChecker.postProcessAfterInitialization:330 -Bean 'hashedCredentialsMatcher' of type [org.apache.shiro.authc.credential.HashedCredentialsMatcher] is not eligible for getting processed by all BeanPostProcessors (for example: not eligible for auto-proxying)
2019-09-05 08:40:37.551 INFO [main]o.s.c.s.PostProcessorRegistrationDelegate$BeanPostProcessorChecker.postProcessAfterInitialization:330 -Bean 'mybatis-plus-com.baomidou.mybatisplus.autoconfigure.MybatisPlusProperties' of type [com.baomidou.mybatisplus.autoconfigure.MybatisPlusProperties] is not eligible for getting processed by all BeanPostProcessors (for example: not eligible for auto-proxying)
2019-09-05 08:40:37.557 INFO [main]o.s.c.s.PostProcessorRegistrationDelegate$BeanPostProcessorChecker.postProcessAfterInitialization:330 -Bean 'mybatisPlusConfig' of type [com.cjw.springbootstarter.config.MybatisPlusConfig$$EnhancerBySpringCGLIB$$fb307363] is not eligible for getting processed by all BeanPostProcessors (for example: not eligible for auto-proxying)
2019-09-05 08:40:37.565 INFO [main]o.s.c.s.PostProcessorRegistrationDelegate$BeanPostProcessorChecker.postProcessAfterInitialization:330 -Bean 'paginationInterceptor' of type [com.baomidou.mybatisplus.extension.plugins.PaginationInterceptor] is not eligible for getting processed by all BeanPostProcessors (for example: not eligible for auto-proxying)
2019-09-05 08:40:37.572 INFO [main]o.s.c.s.PostProcessorRegistrationDelegate$BeanPostProcessorChecker.postProcessAfterInitialization:330 -Bean 'com.baomidou.mybatisplus.autoconfigure.MybatisPlusAutoConfiguration' of type [com.baomidou.mybatisplus.autoconfigure.MybatisPlusAutoConfiguration$$EnhancerBySpringCGLIB$$2f0fa06c] is not eligible for getting processed by all BeanPostProcessors (for example: not eligible for auto-proxying)
2019-09-05 08:40:37.574 INFO [main]o.s.c.s.PostProcessorRegistrationDelegate$BeanPostProcessorChecker.postProcessAfterInitialization:330 -Bean 'org.springframework.boot.autoconfigure.jdbc.DataSourceConfiguration$Generic' of type [org.springframework.boot.autoconfigure.jdbc.DataSourceConfiguration$Generic] is not eligible for getting processed by all BeanPostProcessors (for example: not eligible for auto-proxying)
2019-09-05 08:40:37.608 INFO [main]o.s.c.s.PostProcessorRegistrationDelegate$BeanPostProcessorChecker.postProcessAfterInitialization:330 -Bean 'spring.datasource-org.springframework.boot.autoconfigure.jdbc.DataSourceProperties' of type [org.springframework.boot.autoconfigure.jdbc.DataSourceProperties] is not eligible for getting processed by all BeanPostProcessors (for example: not eligible for auto-proxying)
2019-09-05 08:40:37.689 INFO [main]o.s.c.s.PostProcessorRegistrationDelegate$BeanPostProcessorChecker.postProcessAfterInitialization:330 -Bean 'dataSource' of type [com.alibaba.druid.pool.DruidDataSource] is not eligible for getting processed by all BeanPostProcessors (for example: not eligible for auto-proxying)
2019-09-05 08:40:37.929 INFO [main]com.alibaba.druid.pool.DruidDataSource.init:922 -{dataSource-1} inited
2019-09-05 08:40:38.155 INFO [main]o.s.c.s.PostProcessorRegistrationDelegate$BeanPostProcessorChecker.postProcessAfterInitialization:330 -Bean 'sqlSessionFactory' of type [org.apache.ibatis.session.defaults.DefaultSqlSessionFactory] is not eligible for getting processed by all BeanPostProcessors (for example: not eligible for auto-proxying)
2019-09-05 08:40:38.162 INFO [main]o.s.c.s.PostProcessorRegistrationDelegate$BeanPostProcessorChecker.postProcessAfterInitialization:330 -Bean 'sqlSessionTemplate' of type [org.mybatis.spring.SqlSessionTemplate] is not eligible for getting processed by all BeanPostProcessors (for example: not eligible for auto-proxying)
2019-09-05 08:40:38.543 INFO [main]o.s.c.s.PostProcessorRegistrationDelegate$BeanPostProcessorChecker.postProcessAfterInitialization:330 -Bean 'userMapper' of type [org.mybatis.spring.mapper.MapperFactoryBean] is not eligible for getting processed by all BeanPostProcessors (for example: not eligible for auto-proxying)
2019-09-05 08:40:38.545 INFO [main]o.s.c.s.PostProcessorRegistrationDelegate$BeanPostProcessorChecker.postProcessAfterInitialization:330 -Bean 'userMapper' of type [com.sun.proxy.$Proxy72] is not eligible for getting processed by all BeanPostProcessors (for example: not eligible for auto-proxying)
2019-09-05 08:40:38.578 INFO [main]o.s.c.s.PostProcessorRegistrationDelegate$BeanPostProcessorChecker.postProcessAfterInitialization:330 -Bean 'roleUserMapper' of type [org.mybatis.spring.mapper.MapperFactoryBean] is not eligible for getting processed by all BeanPostProcessors (for example: not eligible for auto-proxying)
2019-09-05 08:40:38.580 INFO [main]o.s.c.s.PostProcessorRegistrationDelegate$BeanPostProcessorChecker.postProcessAfterInitialization:330 -Bean 'roleUserMapper' of type [com.sun.proxy.$Proxy73] is not eligible for getting processed by all BeanPostProcessors (for example: not eligible for auto-proxying)
2019-09-05 08:40:38.581 INFO [main]o.s.c.s.PostProcessorRegistrationDelegate$BeanPostProcessorChecker.postProcessAfterInitialization:330 -Bean 'userServiceImpl' of type [com.cjw.springbootstarter.service.impl.UserServiceImpl] is not eligible for getting processed by all BeanPostProcessors (for example: not eligible for auto-proxying)
2019-09-05 08:40:38.581 INFO [main]o.s.c.s.PostProcessorRegistrationDelegate$BeanPostProcessorChecker.postProcessAfterInitialization:330 -Bean 'myShiroRealm' of type [com.cjw.springbootstarter.base.MyShiroRealm] is not eligible for getting processed by all BeanPostProcessors (for example: not eligible for auto-proxying)
2019-09-05 08:40:38.586 INFO [main]o.s.c.s.PostProcessorRegistrationDelegate$BeanPostProcessorChecker.postProcessAfterInitialization:330 -Bean 'securityManager' of type [org.apache.shiro.web.mgt.DefaultWebSecurityManager] is not eligible for getting processed by all BeanPostProcessors (for example: not eligible for auto-proxying)
2019-09-05 08:40:38.644 INFO [main]o.s.c.s.PostProcessorRegistrationDelegate$BeanPostProcessorChecker.postProcessAfterInitialization:330 -Bean 'lettuceRedisConfig' of type [com.cjw.springbootstarter.config.LettuceRedisConfig$$EnhancerBySpringCGLIB$$e5f86499] is not eligible for getting processed by all BeanPostProcessors (for example: not eligible for auto-proxying)
2019-09-05 08:40:38.662 INFO [main]o.s.c.s.PostProcessorRegistrationDelegate$BeanPostProcessorChecker.postProcessAfterInitialization:330 -Bean 'org.springframework.transaction.annotation.ProxyTransactionManagementConfiguration' of type [org.springframework.transaction.annotation.ProxyTransactionManagementConfiguration$$EnhancerBySpringCGLIB$$f14733d2] is not eligible for getting processed by all BeanPostProcessors (for example: not eligible for auto-proxying)
2019-09-05 08:40:38.675 INFO [main]o.s.c.s.PostProcessorRegistrationDelegate$BeanPostProcessorChecker.postProcessAfterInitialization:330 -Bean 'authorizationAttributeSourceAdvisor' of type [org.apache.shiro.spring.security.interceptor.AuthorizationAttributeSourceAdvisor] is not eligible for getting processed by all BeanPostProcessors (for example: not eligible for auto-proxying)
2019-09-05 08:40:39.289 INFO [main]o.s.boot.web.embedded.tomcat.TomcatWebServer.initialize:90 -Tomcat initialized with port(s): 9999 (http)
2019-09-05 08:40:39.305 INFO [main]org.apache.coyote.http11.Http11NioProtocol.log:173 -Initializing ProtocolHandler ["http-nio-9999"]
2019-09-05 08:40:39.324 INFO [main]org.apache.catalina.core.StandardService.log:173 -Starting service [Tomcat]
2019-09-05 08:40:39.324 INFO [main]org.apache.catalina.core.StandardEngine.log:173 -Starting Servlet engine: [Apache Tomcat/9.0.14]
2019-09-05 08:40:39.335 INFO [main]org.apache.catalina.core.AprLifecycleListener.log:173 -The APR based Apache Tomcat Native library which allows optimal performance in production environments was not found on the java.library.path: [D:\Java\jdk1.8.0_40\bin;C:\WINDOWS\Sun\Java\bin;C:\WINDOWS\system32;C:\WINDOWS;D:\Anaconda3;D:\Anaconda3\Library\mingw-w64\bin;D:\Anaconda3\Library\usr\bin;D:\Anaconda3\Library\bin;D:\Anaconda3\Scripts;D:\python3\Scripts\;D:\python3\;C:\Python27\Cesium;C:\Program Files (x86)\GDAL;D:\mysql-5.6.22\bin;D:\Java\jdk1.8.0_40\bin;D:\Java\jdk1.8.0_40\jre\bin;D:\app\yao\product\11.2.0\client_1\bin;C:\ProgramData\Oracle\Java\javapath;C:\Program Files (x86)\Intel\iCLS Client\;C:\Program Files\Intel\iCLS Client\;C:\Windows\system32;C:\Windows;C:\Windows\System32\Wbem;C:\Windows\System32\WindowsPowerShell\v1.0\;C:\Program Files (x86)\Intel\Intel(R) Management Engine Components\DAL;C:\Program Files\Intel\Intel(R) Management Engine Components\DAL;C:\Program Files (x86)\Intel\Intel(R) Management Engine Components\IPT;C:\Program Files\Intel\Intel(R) Management Engine Components\IPT;C:\Program Files (x86)\NVIDIA Corporation\PhysX\Common;C:\Program Files\Microsoft\Web Platform Installer\;C:\Program Files (x86)\Microsoft ASP.NET\ASP.NET Web Pages\v1.0\;C:\Program Files (x86)\Windows Kits\8.0\Windows Performance Toolkit\;C:\Program Files\Microsoft SQL Server\110\Tools\Binn\;D:\VisualSVN\bin;D:\TortoiseSVN\bin;D:\ArcGIS\Desktop10.2\bin;C:\Windows\System32;C:\WINDOWS\system32;C:\WINDOWS;C:\WINDOWS\System32\Wbem;C:\WINDOWS\System32\WindowsPowerShell\v1.0\;D:\nodejs\;C:\WINDOWS\System32\WindowsPowerShell\v1.0\;C:\WINDOWS\System32\OpenSSH\;C:\windows\system32;D:\Git\cmd;E:\学习积累\网络爬虫-python\phantomjs-2.1.1-windows\bin;E:\学习积累\网络爬虫-python\chromedriver;C:\Program Files\Intel\WiFi\bin\;C:\Program Files\Common Files\Intel\WirelessCommon\;D:\Microsoft VS Code\bin;C:\Users\yao.YAO-PC\AppData\Local\Microsoft\WindowsApps;D:\Fiddler;C:\Users\yao.YAO-PC\AppData\Local\Microsoft\WindowsApps;C:\Users\yao.YAO-PC\AppData\Roaming\npm;D:\Microsoft VS Code\bin;D:\IntelliJ IDEA 2018.1.4\plugins\maven\lib\maven3\bin;;.]
2019-09-05 08:40:40.572 INFO [main]o.a.catalina.core.ContainerBase.[Tomcat].[localhost].[/].log:173 -Initializing Spring embedded WebApplicationContext
2019-09-05 08:40:40.572 INFO [main]org.springframework.web.context.ContextLoader.prepareWebApplicationContext:296 -Root WebApplicationContext: initialization completed in 6629 ms
2019-09-05 08:40:42.411 WARN [main]config.setReconnectionTimeout:283 -'reconnectionTimeout' setting in unavailable. Please use 'failedSlaveReconnectionInterval' setting instead!
2019-09-05 08:40:42.412 WARN [main]config.setFailedAttempts:292 -'failedAttempts' setting in unavailable. Please use 'failedSlaveCheckInterval' setting instead!
2019-09-05 08:40:42.582 INFO [main]org.redisson.Version.logVersion:41 -Redisson 3.9.1
2019-09-05 08:40:43.603 INFO [redisson-netty-4-15]org.redisson.connection.pool.MasterPubSubConnectionPool.operationComplete:168 -1 connections initialized for localhost/127.0.0.1:6379
2019-09-05 08:40:43.605 INFO [redisson-netty-4-4]org.redisson.connection.pool.MasterConnectionPool.operationComplete:168 -32 connections initialized for localhost/127.0.0.1:6379
2019-09-05 08:40:44.119 INFO [main]s.d.s.web.PropertySourcedRequestMappingHandlerMapping.initHandlerMethods:69 -Mapped URL path [/v2/api-docs] onto method [public org.springframework.http.ResponseEntity<springfox.documentation.spring.web.json.Json> springfox.documentation.swagger2.web.Swagger2Controller.getDocumentation(java.lang.String,javax.servlet.http.HttpServletRequest)]
2019-09-05 08:40:44.359 INFO [main]o.s.scheduling.concurrent.ThreadPoolTaskExecutor.initialize:171 -Initializing ExecutorService 'applicationTaskExecutor'
2019-09-05 08:40:45.254 INFO [main]io.lettuce.core.EpollProvider.<clinit>:68 -Starting without optional epoll library
2019-09-05 08:40:45.256 INFO [main]io.lettuce.core.KqueueProvider.<clinit>:70 -Starting without optional kqueue library
2019-09-05 08:40:45.401 INFO [main]s.d.spring.web.plugins.DocumentationPluginsBootstrapper.start:147 -Context refreshed
2019-09-05 08:40:45.420 INFO [main]s.d.spring.web.plugins.DocumentationPluginsBootstrapper.start:150 -Found 1 custom documentation plugin(s)
2019-09-05 08:40:45.462 INFO [main]s.d.spring.web.scanners.ApiListingReferenceScanner.scan:41 -Scanning for api listing references
2019-09-05 08:40:46.253 INFO [main]o.s.s.annotation.ScheduledAnnotationBeanPostProcessor.finishRegistration:295 -No TaskScheduler/ScheduledExecutorService bean found for scheduled processing
2019-09-05 08:40:46.260 INFO [main]org.apache.coyote.http11.Http11NioProtocol.log:173 -Starting ProtocolHandler ["http-nio-9999"]
2019-09-05 08:40:46.280 INFO [main]o.s.boot.web.embedded.tomcat.TomcatWebServer.start:204 -Tomcat started on port(s): 9999 (http) with context path ''
2019-09-05 08:40:46.282 INFO [main]com.cjw.springbootstarter.SpringbootStarterApplication.logStarted:59 -Started SpringbootStarterApplication in 13.62 seconds (JVM running for 38.793)
2019-09-05 08:40:46.286 INFO [main]com.cjw.springbootstarter.base.ApplicationReady.onApplicationEvent:47 -数据库部分内容读入到全局缓存...
2019-09-05 08:40:47.065 INFO [main]com.cjw.springbootstarter.base.ApplicationReady.onApplicationEvent:50 -数据库部分内容读入到全局缓存完成！
2019-09-05 11:05:37.591 INFO [main]com.cjw.springbootstarter.SpringbootStarterApplication.logStarting:50 -Starting SpringbootStarterApplication on YAO-PC with PID 23640 (C:\Users\yao.YAO-PC\Desktop\springboot-gs\target\classes started by yao in C:\Users\yao.YAO-PC\Desktop\springboot-gs)
2019-09-05 11:05:37.594 INFO [main]com.cjw.springbootstarter.SpringbootStarterApplication.logStartupProfileInfo:675 -No active profile set, falling back to default profiles: default
2019-09-05 11:05:39.710 INFO [main]o.s.d.repository.config.RepositoryConfigurationDelegate.multipleStoresDetected:244 -Multiple Spring Data modules found, entering strict repository configuration mode!
2019-09-05 11:05:39.713 INFO [main]o.s.d.repository.config.RepositoryConfigurationDelegate.registerRepositoriesIn:126 -Bootstrapping Spring Data repositories in DEFAULT mode.
2019-09-05 11:05:39.800 INFO [main]o.s.d.repository.config.RepositoryConfigurationDelegate.registerRepositoriesIn:182 -Finished Spring Data repository scanning in 57ms. Found 0 repository interfaces.
2019-09-05 11:05:40.214 INFO [main]o.s.c.s.PostProcessorRegistrationDelegate$BeanPostProcessorChecker.postProcessAfterInitialization:330 -Bean 'shiroConfig' of type [com.cjw.springbootstarter.config.ShiroConfig$$EnhancerBySpringCGLIB$$6a0c04f5] is not eligible for getting processed by all BeanPostProcessors (for example: not eligible for auto-proxying)
2019-09-05 11:05:41.278 INFO [main]o.s.c.s.PostProcessorRegistrationDelegate$BeanPostProcessorChecker.postProcessAfterInitialization:330 -Bean 'hashedCredentialsMatcher' of type [org.apache.shiro.authc.credential.HashedCredentialsMatcher] is not eligible for getting processed by all BeanPostProcessors (for example: not eligible for auto-proxying)
2019-09-05 11:05:41.649 INFO [main]o.s.c.s.PostProcessorRegistrationDelegate$BeanPostProcessorChecker.postProcessAfterInitialization:330 -Bean 'mybatis-plus-com.baomidou.mybatisplus.autoconfigure.MybatisPlusProperties' of type [com.baomidou.mybatisplus.autoconfigure.MybatisPlusProperties] is not eligible for getting processed by all BeanPostProcessors (for example: not eligible for auto-proxying)
2019-09-05 11:05:41.655 INFO [main]o.s.c.s.PostProcessorRegistrationDelegate$BeanPostProcessorChecker.postProcessAfterInitialization:330 -Bean 'mybatisPlusConfig' of type [com.cjw.springbootstarter.config.MybatisPlusConfig$$EnhancerBySpringCGLIB$$c813e5d1] is not eligible for getting processed by all BeanPostProcessors (for example: not eligible for auto-proxying)
2019-09-05 11:05:41.672 INFO [main]o.s.c.s.PostProcessorRegistrationDelegate$BeanPostProcessorChecker.postProcessAfterInitialization:330 -Bean 'paginationInterceptor' of type [com.baomidou.mybatisplus.extension.plugins.PaginationInterceptor] is not eligible for getting processed by all BeanPostProcessors (for example: not eligible for auto-proxying)
2019-09-05 11:05:41.677 INFO [main]o.s.c.s.PostProcessorRegistrationDelegate$BeanPostProcessorChecker.postProcessAfterInitialization:330 -Bean 'com.baomidou.mybatisplus.autoconfigure.MybatisPlusAutoConfiguration' of type [com.baomidou.mybatisplus.autoconfigure.MybatisPlusAutoConfiguration$$EnhancerBySpringCGLIB$$fbf312da] is not eligible for getting processed by all BeanPostProcessors (for example: not eligible for auto-proxying)
2019-09-05 11:05:41.680 INFO [main]o.s.c.s.PostProcessorRegistrationDelegate$BeanPostProcessorChecker.postProcessAfterInitialization:330 -Bean 'org.springframework.boot.autoconfigure.jdbc.DataSourceConfiguration$Generic' of type [org.springframework.boot.autoconfigure.jdbc.DataSourceConfiguration$Generic] is not eligible for getting processed by all BeanPostProcessors (for example: not eligible for auto-proxying)
2019-09-05 11:05:41.710 INFO [main]o.s.c.s.PostProcessorRegistrationDelegate$BeanPostProcessorChecker.postProcessAfterInitialization:330 -Bean 'spring.datasource-org.springframework.boot.autoconfigure.jdbc.DataSourceProperties' of type [org.springframework.boot.autoconfigure.jdbc.DataSourceProperties] is not eligible for getting processed by all BeanPostProcessors (for example: not eligible for auto-proxying)
2019-09-05 11:05:41.784 INFO [main]o.s.c.s.PostProcessorRegistrationDelegate$BeanPostProcessorChecker.postProcessAfterInitialization:330 -Bean 'dataSource' of type [com.alibaba.druid.pool.DruidDataSource] is not eligible for getting processed by all BeanPostProcessors (for example: not eligible for auto-proxying)
2019-09-05 11:05:41.976 INFO [main]com.alibaba.druid.pool.DruidDataSource.init:922 -{dataSource-1} inited
2019-09-05 11:05:42.267 INFO [main]o.s.c.s.PostProcessorRegistrationDelegate$BeanPostProcessorChecker.postProcessAfterInitialization:330 -Bean 'sqlSessionFactory' of type [org.apache.ibatis.session.defaults.DefaultSqlSessionFactory] is not eligible for getting processed by all BeanPostProcessors (for example: not eligible for auto-proxying)
2019-09-05 11:05:42.273 INFO [main]o.s.c.s.PostProcessorRegistrationDelegate$BeanPostProcessorChecker.postProcessAfterInitialization:330 -Bean 'sqlSessionTemplate' of type [org.mybatis.spring.SqlSessionTemplate] is not eligible for getting processed by all BeanPostProcessors (for example: not eligible for auto-proxying)
2019-09-05 11:05:42.655 INFO [main]o.s.c.s.PostProcessorRegistrationDelegate$BeanPostProcessorChecker.postProcessAfterInitialization:330 -Bean 'userMapper' of type [org.mybatis.spring.mapper.MapperFactoryBean] is not eligible for getting processed by all BeanPostProcessors (for example: not eligible for auto-proxying)
2019-09-05 11:05:42.657 INFO [main]o.s.c.s.PostProcessorRegistrationDelegate$BeanPostProcessorChecker.postProcessAfterInitialization:330 -Bean 'userMapper' of type [com.sun.proxy.$Proxy72] is not eligible for getting processed by all BeanPostProcessors (for example: not eligible for auto-proxying)
2019-09-05 11:05:42.690 INFO [main]o.s.c.s.PostProcessorRegistrationDelegate$BeanPostProcessorChecker.postProcessAfterInitialization:330 -Bean 'roleUserMapper' of type [org.mybatis.spring.mapper.MapperFactoryBean] is not eligible for getting processed by all BeanPostProcessors (for example: not eligible for auto-proxying)
2019-09-05 11:05:42.692 INFO [main]o.s.c.s.PostProcessorRegistrationDelegate$BeanPostProcessorChecker.postProcessAfterInitialization:330 -Bean 'roleUserMapper' of type [com.sun.proxy.$Proxy73] is not eligible for getting processed by all BeanPostProcessors (for example: not eligible for auto-proxying)
2019-09-05 11:05:42.693 INFO [main]o.s.c.s.PostProcessorRegistrationDelegate$BeanPostProcessorChecker.postProcessAfterInitialization:330 -Bean 'userServiceImpl' of type [com.cjw.springbootstarter.service.impl.UserServiceImpl] is not eligible for getting processed by all BeanPostProcessors (for example: not eligible for auto-proxying)
2019-09-05 11:05:42.694 INFO [main]o.s.c.s.PostProcessorRegistrationDelegate$BeanPostProcessorChecker.postProcessAfterInitialization:330 -Bean 'myShiroRealm' of type [com.cjw.springbootstarter.base.MyShiroRealm] is not eligible for getting processed by all BeanPostProcessors (for example: not eligible for auto-proxying)
2019-09-05 11:05:42.698 INFO [main]o.s.c.s.PostProcessorRegistrationDelegate$BeanPostProcessorChecker.postProcessAfterInitialization:330 -Bean 'securityManager' of type [org.apache.shiro.web.mgt.DefaultWebSecurityManager] is not eligible for getting processed by all BeanPostProcessors (for example: not eligible for auto-proxying)
2019-09-05 11:05:42.758 INFO [main]o.s.c.s.PostProcessorRegistrationDelegate$BeanPostProcessorChecker.postProcessAfterInitialization:330 -Bean 'lettuceRedisConfig' of type [com.cjw.springbootstarter.config.LettuceRedisConfig$$EnhancerBySpringCGLIB$$b2dbd707] is not eligible for getting processed by all BeanPostProcessors (for example: not eligible for auto-proxying)
2019-09-05 11:05:42.777 INFO [main]o.s.c.s.PostProcessorRegistrationDelegate$BeanPostProcessorChecker.postProcessAfterInitialization:330 -Bean 'org.springframework.transaction.annotation.ProxyTransactionManagementConfiguration' of type [org.springframework.transaction.annotation.ProxyTransactionManagementConfiguration$$EnhancerBySpringCGLIB$$be2aa640] is not eligible for getting processed by all BeanPostProcessors (for example: not eligible for auto-proxying)
2019-09-05 11:05:42.792 INFO [main]o.s.c.s.PostProcessorRegistrationDelegate$BeanPostProcessorChecker.postProcessAfterInitialization:330 -Bean 'authorizationAttributeSourceAdvisor' of type [org.apache.shiro.spring.security.interceptor.AuthorizationAttributeSourceAdvisor] is not eligible for getting processed by all BeanPostProcessors (for example: not eligible for auto-proxying)
2019-09-05 11:05:43.425 INFO [main]o.s.boot.web.embedded.tomcat.TomcatWebServer.initialize:90 -Tomcat initialized with port(s): 9999 (http)
2019-09-05 11:05:43.443 INFO [main]org.apache.coyote.http11.Http11NioProtocol.log:173 -Initializing ProtocolHandler ["http-nio-9999"]
2019-09-05 11:05:43.458 INFO [main]org.apache.catalina.core.StandardService.log:173 -Starting service [Tomcat]
2019-09-05 11:05:43.459 INFO [main]org.apache.catalina.core.StandardEngine.log:173 -Starting Servlet engine: [Apache Tomcat/9.0.14]
2019-09-05 11:05:43.468 INFO [main]org.apache.catalina.core.AprLifecycleListener.log:173 -The APR based Apache Tomcat Native library which allows optimal performance in production environments was not found on the java.library.path: [D:\Java\jdk1.8.0_40\bin;C:\WINDOWS\Sun\Java\bin;C:\WINDOWS\system32;C:\WINDOWS;D:\Anaconda3;D:\Anaconda3\Library\mingw-w64\bin;D:\Anaconda3\Library\usr\bin;D:\Anaconda3\Library\bin;D:\Anaconda3\Scripts;D:\python3\Scripts\;D:\python3\;C:\Python27\Cesium;C:\Program Files (x86)\GDAL;D:\mysql-5.6.22\bin;D:\Java\jdk1.8.0_40\bin;D:\Java\jdk1.8.0_40\jre\bin;D:\app\yao\product\11.2.0\client_1\bin;C:\ProgramData\Oracle\Java\javapath;C:\Program Files (x86)\Intel\iCLS Client\;C:\Program Files\Intel\iCLS Client\;C:\Windows\system32;C:\Windows;C:\Windows\System32\Wbem;C:\Windows\System32\WindowsPowerShell\v1.0\;C:\Program Files (x86)\Intel\Intel(R) Management Engine Components\DAL;C:\Program Files\Intel\Intel(R) Management Engine Components\DAL;C:\Program Files (x86)\Intel\Intel(R) Management Engine Components\IPT;C:\Program Files\Intel\Intel(R) Management Engine Components\IPT;C:\Program Files (x86)\NVIDIA Corporation\PhysX\Common;C:\Program Files\Microsoft\Web Platform Installer\;C:\Program Files (x86)\Microsoft ASP.NET\ASP.NET Web Pages\v1.0\;C:\Program Files (x86)\Windows Kits\8.0\Windows Performance Toolkit\;C:\Program Files\Microsoft SQL Server\110\Tools\Binn\;D:\VisualSVN\bin;D:\TortoiseSVN\bin;D:\ArcGIS\Desktop10.2\bin;C:\Windows\System32;C:\WINDOWS\system32;C:\WINDOWS;C:\WINDOWS\System32\Wbem;C:\WINDOWS\System32\WindowsPowerShell\v1.0\;D:\nodejs\;C:\WINDOWS\System32\WindowsPowerShell\v1.0\;C:\WINDOWS\System32\OpenSSH\;C:\windows\system32;D:\Git\cmd;E:\学习积累\网络爬虫-python\phantomjs-2.1.1-windows\bin;E:\学习积累\网络爬虫-python\chromedriver;C:\Program Files\Intel\WiFi\bin\;C:\Program Files\Common Files\Intel\WirelessCommon\;D:\Microsoft VS Code\bin;C:\Users\yao.YAO-PC\AppData\Local\Microsoft\WindowsApps;D:\Fiddler;C:\Users\yao.YAO-PC\AppData\Local\Microsoft\WindowsApps;C:\Users\yao.YAO-PC\AppData\Roaming\npm;D:\Microsoft VS Code\bin;D:\IntelliJ IDEA 2018.1.4\plugins\maven\lib\maven3\bin;;.]
2019-09-05 11:05:44.639 INFO [main]o.a.catalina.core.ContainerBase.[Tomcat].[localhost].[/].log:173 -Initializing Spring embedded WebApplicationContext
2019-09-05 11:05:44.639 INFO [main]org.springframework.web.context.ContextLoader.prepareWebApplicationContext:296 -Root WebApplicationContext: initialization completed in 6964 ms
2019-09-05 11:05:46.526 WARN [main]config.setReconnectionTimeout:283 -'reconnectionTimeout' setting in unavailable. Please use 'failedSlaveReconnectionInterval' setting instead!
2019-09-05 11:05:46.526 WARN [main]config.setFailedAttempts:292 -'failedAttempts' setting in unavailable. Please use 'failedSlaveCheckInterval' setting instead!
2019-09-05 11:05:46.673 INFO [main]org.redisson.Version.logVersion:41 -Redisson 3.9.1
2019-09-05 11:05:47.459 INFO [redisson-netty-4-4]org.redisson.connection.pool.MasterPubSubConnectionPool.operationComplete:168 -1 connections initialized for localhost/127.0.0.1:6379
2019-09-05 11:05:47.460 INFO [redisson-netty-4-5]org.redisson.connection.pool.MasterConnectionPool.operationComplete:168 -32 connections initialized for localhost/127.0.0.1:6379
2019-09-05 11:05:48.043 INFO [main]s.d.s.web.PropertySourcedRequestMappingHandlerMapping.initHandlerMethods:69 -Mapped URL path [/v2/api-docs] onto method [public org.springframework.http.ResponseEntity<springfox.documentation.spring.web.json.Json> springfox.documentation.swagger2.web.Swagger2Controller.getDocumentation(java.lang.String,javax.servlet.http.HttpServletRequest)]
2019-09-05 11:05:48.320 INFO [main]o.s.scheduling.concurrent.ThreadPoolTaskExecutor.initialize:171 -Initializing ExecutorService 'applicationTaskExecutor'
2019-09-05 11:05:49.248 INFO [main]io.lettuce.core.EpollProvider.<clinit>:68 -Starting without optional epoll library
2019-09-05 11:05:49.250 INFO [main]io.lettuce.core.KqueueProvider.<clinit>:70 -Starting without optional kqueue library
2019-09-05 11:05:49.404 INFO [main]s.d.spring.web.plugins.DocumentationPluginsBootstrapper.start:147 -Context refreshed
2019-09-05 11:05:49.425 INFO [main]s.d.spring.web.plugins.DocumentationPluginsBootstrapper.start:150 -Found 1 custom documentation plugin(s)
2019-09-05 11:05:49.471 INFO [main]s.d.spring.web.scanners.ApiListingReferenceScanner.scan:41 -Scanning for api listing references
2019-09-05 11:05:50.252 INFO [main]o.s.s.annotation.ScheduledAnnotationBeanPostProcessor.finishRegistration:295 -No TaskScheduler/ScheduledExecutorService bean found for scheduled processing
2019-09-05 11:05:50.260 INFO [main]org.apache.coyote.http11.Http11NioProtocol.log:173 -Starting ProtocolHandler ["http-nio-9999"]
2019-09-05 11:05:50.283 INFO [main]o.s.boot.web.embedded.tomcat.TomcatWebServer.start:204 -Tomcat started on port(s): 9999 (http) with context path ''
2019-09-05 11:05:50.286 INFO [main]com.cjw.springbootstarter.SpringbootStarterApplication.logStarted:59 -Started SpringbootStarterApplication in 13.545 seconds (JVM running for 35.959)
2019-09-05 11:05:50.289 INFO [main]com.cjw.springbootstarter.base.ApplicationReady.onApplicationEvent:47 -数据库部分内容读入到全局缓存...
2019-09-05 11:05:50.418 INFO [main]com.cjw.springbootstarter.base.ApplicationReady.onApplicationEvent:50 -数据库部分内容读入到全局缓存完成！
2019-09-05 14:59:27.000 INFO [http-nio-9999-exec-1]o.a.catalina.core.ContainerBase.[Tomcat].[localhost].[/].log:173 -Initializing Spring DispatcherServlet 'dispatcherServlet'
2019-09-05 14:59:27.003 INFO [http-nio-9999-exec-1]org.springframework.web.servlet.DispatcherServlet.initServletBean:524 -Initializing Servlet 'dispatcherServlet'
2019-09-05 14:59:27.043 INFO [http-nio-9999-exec-1]org.springframework.web.servlet.DispatcherServlet.initServletBean:546 -Completed initialization in 40 ms
2019-09-05 15:00:54.357 INFO [http-nio-9999-exec-2]com.cjw.springbootstarter.domain.ags.CheckResult.generateDltbExcel:227 -土地利用面积统计表生成成功，任务编号为-->j6599eee6ad794198a455524cf1b2c05e
2019-09-05 15:00:54.374 INFO [http-nio-9999-exec-3]com.cjw.springbootstarter.service.impl.ArcGpServiceImpl.resultForStatistics:171 -从redis获取分析结果
2019-09-05 15:00:54.379 WARN [http-nio-9999-exec-3]com.cjw.springbootstarter.domain.ags.CheckResult.generateDltbExcel:171 -统计表格已经创建，请勿重复创建-->j6599eee6ad794198a455524cf1b2c05e
2019-09-05 15:00:54.397 INFO [http-nio-9999-exec-4]com.cjw.springbootstarter.service.impl.ArcGpServiceImpl.resultForStatistics:171 -从redis获取分析结果
2019-09-05 15:00:54.398 WARN [http-nio-9999-exec-4]com.cjw.springbootstarter.domain.ags.CheckResult.generateDltbExcel:171 -统计表格已经创建，请勿重复创建-->j6599eee6ad794198a455524cf1b2c05e
2019-09-05 15:00:54.415 INFO [http-nio-9999-exec-5]com.cjw.springbootstarter.service.impl.ArcGpServiceImpl.resultForStatistics:171 -从redis获取分析结果
2019-09-05 15:00:54.417 WARN [http-nio-9999-exec-5]com.cjw.springbootstarter.domain.ags.CheckResult.generateDltbExcel:171 -统计表格已经创建，请勿重复创建-->j6599eee6ad794198a455524cf1b2c05e
2019-09-05 15:00:54.430 INFO [http-nio-9999-exec-6]com.cjw.springbootstarter.service.impl.ArcGpServiceImpl.resultForStatistics:171 -从redis获取分析结果
2019-09-05 15:00:54.431 WARN [http-nio-9999-exec-6]com.cjw.springbootstarter.domain.ags.CheckResult.generateDltbExcel:171 -统计表格已经创建，请勿重复创建-->j6599eee6ad794198a455524cf1b2c05e
2019-09-05 15:00:54.445 INFO [http-nio-9999-exec-7]com.cjw.springbootstarter.service.impl.ArcGpServiceImpl.resultForStatistics:171 -从redis获取分析结果
2019-09-05 15:00:54.446 WARN [http-nio-9999-exec-7]com.cjw.springbootstarter.domain.ags.CheckResult.generateDltbExcel:171 -统计表格已经创建，请勿重复创建-->j6599eee6ad794198a455524cf1b2c05e
2019-09-05 15:00:54.457 INFO [http-nio-9999-exec-8]com.cjw.springbootstarter.service.impl.ArcGpServiceImpl.resultForStatistics:171 -从redis获取分析结果
2019-09-05 15:00:54.458 WARN [http-nio-9999-exec-8]com.cjw.springbootstarter.domain.ags.CheckResult.generateDltbExcel:171 -统计表格已经创建，请勿重复创建-->j6599eee6ad794198a455524cf1b2c05e
