2019-07-08 08:12:36.152 INFO [main]com.cjw.springbootstarter.SpringbootStarterApplication.logStarting:50 -Starting SpringbootStarterApplication on YAO-PC with PID 22060 (C:\Users\yao.YAO-PC\Desktop\springboot-gs\target\classes started by yao in C:\Users\yao.YAO-PC\Desktop\springboot-gs)
2019-07-08 08:12:36.155 INFO [main]com.cjw.springbootstarter.SpringbootStarterApplication.logStartupProfileInfo:675 -No active profile set, falling back to default profiles: default
2019-07-08 08:12:38.035 INFO [main]o.s.d.repository.config.RepositoryConfigurationDelegate.multipleStoresDetected:244 -Multiple Spring Data modules found, entering strict repository configuration mode!
2019-07-08 08:12:38.038 INFO [main]o.s.d.repository.config.RepositoryConfigurationDelegate.registerRepositoriesIn:126 -Bootstrapping Spring Data repositories in DEFAULT mode.
2019-07-08 08:12:38.133 INFO [main]o.s.d.repository.config.RepositoryConfigurationDelegate.registerRepositoriesIn:182 -Finished Spring Data repository scanning in 56ms. Found 0 repository interfaces.
2019-07-08 08:12:38.489 INFO [main]o.s.c.s.PostProcessorRegistrationDelegate$BeanPostProcessorChecker.postProcessAfterInitialization:330 -Bean 'shiroConfig' of type [com.cjw.springbootstarter.config.ShiroConfig$$EnhancerBySpringCGLIB$$c82536ed] is not eligible for getting processed by all BeanPostProcessors (for example: not eligible for auto-proxying)
2019-07-08 08:12:39.385 INFO [main]o.s.c.s.PostProcessorRegistrationDelegate$BeanPostProcessorChecker.postProcessAfterInitialization:330 -Bean 'hashedCredentialsMatcher' of type [org.apache.shiro.authc.credential.HashedCredentialsMatcher] is not eligible for getting processed by all BeanPostProcessors (for example: not eligible for auto-proxying)
2019-07-08 08:12:39.491 INFO [main]o.s.c.s.PostProcessorRegistrationDelegate$BeanPostProcessorChecker.postProcessAfterInitialization:330 -Bean 'mybatis-plus-com.baomidou.mybatisplus.autoconfigure.MybatisPlusProperties' of type [com.baomidou.mybatisplus.autoconfigure.MybatisPlusProperties] is not eligible for getting processed by all BeanPostProcessors (for example: not eligible for auto-proxying)
2019-07-08 08:12:39.498 INFO [main]o.s.c.s.PostProcessorRegistrationDelegate$BeanPostProcessorChecker.postProcessAfterInitialization:330 -Bean 'mybatisPlusConfig' of type [com.cjw.springbootstarter.config.MybatisPlusConfig$$EnhancerBySpringCGLIB$$262d17c9] is not eligible for getting processed by all BeanPostProcessors (for example: not eligible for auto-proxying)
2019-07-08 08:12:39.505 INFO [main]o.s.c.s.PostProcessorRegistrationDelegate$BeanPostProcessorChecker.postProcessAfterInitialization:330 -Bean 'paginationInterceptor' of type [com.baomidou.mybatisplus.extension.plugins.PaginationInterceptor] is not eligible for getting processed by all BeanPostProcessors (for example: not eligible for auto-proxying)
2019-07-08 08:12:39.511 INFO [main]o.s.c.s.PostProcessorRegistrationDelegate$BeanPostProcessorChecker.postProcessAfterInitialization:330 -Bean 'com.baomidou.mybatisplus.autoconfigure.MybatisPlusAutoConfiguration' of type [com.baomidou.mybatisplus.autoconfigure.MybatisPlusAutoConfiguration$$EnhancerBySpringCGLIB$$5a0c44d2] is not eligible for getting processed by all BeanPostProcessors (for example: not eligible for auto-proxying)
2019-07-08 08:12:39.513 INFO [main]o.s.c.s.PostProcessorRegistrationDelegate$BeanPostProcessorChecker.postProcessAfterInitialization:330 -Bean 'org.springframework.boot.autoconfigure.jdbc.DataSourceConfiguration$Generic' of type [org.springframework.boot.autoconfigure.jdbc.DataSourceConfiguration$Generic] is not eligible for getting processed by all BeanPostProcessors (for example: not eligible for auto-proxying)
2019-07-08 08:12:39.536 INFO [main]o.s.c.s.PostProcessorRegistrationDelegate$BeanPostProcessorChecker.postProcessAfterInitialization:330 -Bean 'spring.datasource-org.springframework.boot.autoconfigure.jdbc.DataSourceProperties' of type [org.springframework.boot.autoconfigure.jdbc.DataSourceProperties] is not eligible for getting processed by all BeanPostProcessors (for example: not eligible for auto-proxying)
2019-07-08 08:12:39.588 INFO [main]o.s.c.s.PostProcessorRegistrationDelegate$BeanPostProcessorChecker.postProcessAfterInitialization:330 -Bean 'dataSource' of type [com.alibaba.druid.pool.DruidDataSource] is not eligible for getting processed by all BeanPostProcessors (for example: not eligible for auto-proxying)
2019-07-08 08:12:39.723 INFO [main]com.alibaba.druid.pool.DruidDataSource.init:922 -{dataSource-1} inited
2019-07-08 08:12:39.931 INFO [main]o.s.c.s.PostProcessorRegistrationDelegate$BeanPostProcessorChecker.postProcessAfterInitialization:330 -Bean 'sqlSessionFactory' of type [org.apache.ibatis.session.defaults.DefaultSqlSessionFactory] is not eligible for getting processed by all BeanPostProcessors (for example: not eligible for auto-proxying)
2019-07-08 08:12:39.937 INFO [main]o.s.c.s.PostProcessorRegistrationDelegate$BeanPostProcessorChecker.postProcessAfterInitialization:330 -Bean 'sqlSessionTemplate' of type [org.mybatis.spring.SqlSessionTemplate] is not eligible for getting processed by all BeanPostProcessors (for example: not eligible for auto-proxying)
2019-07-08 08:12:40.282 INFO [main]o.s.c.s.PostProcessorRegistrationDelegate$BeanPostProcessorChecker.postProcessAfterInitialization:330 -Bean 'userMapper' of type [org.mybatis.spring.mapper.MapperFactoryBean] is not eligible for getting processed by all BeanPostProcessors (for example: not eligible for auto-proxying)
2019-07-08 08:12:40.284 INFO [main]o.s.c.s.PostProcessorRegistrationDelegate$BeanPostProcessorChecker.postProcessAfterInitialization:330 -Bean 'userMapper' of type [com.sun.proxy.$Proxy72] is not eligible for getting processed by all BeanPostProcessors (for example: not eligible for auto-proxying)
2019-07-08 08:12:40.312 INFO [main]o.s.c.s.PostProcessorRegistrationDelegate$BeanPostProcessorChecker.postProcessAfterInitialization:330 -Bean 'roleUserMapper' of type [org.mybatis.spring.mapper.MapperFactoryBean] is not eligible for getting processed by all BeanPostProcessors (for example: not eligible for auto-proxying)
2019-07-08 08:12:40.313 INFO [main]o.s.c.s.PostProcessorRegistrationDelegate$BeanPostProcessorChecker.postProcessAfterInitialization:330 -Bean 'roleUserMapper' of type [com.sun.proxy.$Proxy73] is not eligible for getting processed by all BeanPostProcessors (for example: not eligible for auto-proxying)
2019-07-08 08:12:40.314 INFO [main]o.s.c.s.PostProcessorRegistrationDelegate$BeanPostProcessorChecker.postProcessAfterInitialization:330 -Bean 'userServiceImpl' of type [com.cjw.springbootstarter.service.impl.UserServiceImpl] is not eligible for getting processed by all BeanPostProcessors (for example: not eligible for auto-proxying)
2019-07-08 08:12:40.314 INFO [main]o.s.c.s.PostProcessorRegistrationDelegate$BeanPostProcessorChecker.postProcessAfterInitialization:330 -Bean 'myShiroRealm' of type [com.cjw.springbootstarter.base.MyShiroRealm] is not eligible for getting processed by all BeanPostProcessors (for example: not eligible for auto-proxying)
2019-07-08 08:12:40.318 INFO [main]o.s.c.s.PostProcessorRegistrationDelegate$BeanPostProcessorChecker.postProcessAfterInitialization:330 -Bean 'securityManager' of type [org.apache.shiro.web.mgt.DefaultWebSecurityManager] is not eligible for getting processed by all BeanPostProcessors (for example: not eligible for auto-proxying)
2019-07-08 08:12:40.364 INFO [main]o.s.c.s.PostProcessorRegistrationDelegate$BeanPostProcessorChecker.postProcessAfterInitialization:330 -Bean 'lettuceRedisConfig' of type [com.cjw.springbootstarter.config.LettuceRedisConfig$$EnhancerBySpringCGLIB$$10f508ff] is not eligible for getting processed by all BeanPostProcessors (for example: not eligible for auto-proxying)
2019-07-08 08:12:40.381 INFO [main]o.s.c.s.PostProcessorRegistrationDelegate$BeanPostProcessorChecker.postProcessAfterInitialization:330 -Bean 'org.springframework.transaction.annotation.ProxyTransactionManagementConfiguration' of type [org.springframework.transaction.annotation.ProxyTransactionManagementConfiguration$$EnhancerBySpringCGLIB$$1c43d838] is not eligible for getting processed by all BeanPostProcessors (for example: not eligible for auto-proxying)
2019-07-08 08:12:40.392 INFO [main]o.s.c.s.PostProcessorRegistrationDelegate$BeanPostProcessorChecker.postProcessAfterInitialization:330 -Bean 'authorizationAttributeSourceAdvisor' of type [org.apache.shiro.spring.security.interceptor.AuthorizationAttributeSourceAdvisor] is not eligible for getting processed by all BeanPostProcessors (for example: not eligible for auto-proxying)
2019-07-08 08:12:40.923 INFO [main]o.s.boot.web.embedded.tomcat.TomcatWebServer.initialize:90 -Tomcat initialized with port(s): 9999 (http)
2019-07-08 08:12:40.937 INFO [main]org.apache.coyote.http11.Http11NioProtocol.log:173 -Initializing ProtocolHandler ["http-nio-9999"]
2019-07-08 08:12:40.956 INFO [main]org.apache.catalina.core.StandardService.log:173 -Starting service [Tomcat]
2019-07-08 08:12:40.957 INFO [main]org.apache.catalina.core.StandardEngine.log:173 -Starting Servlet engine: [Apache Tomcat/9.0.14]
2019-07-08 08:12:40.982 INFO [main]org.apache.catalina.core.AprLifecycleListener.log:173 -The APR based Apache Tomcat Native library which allows optimal performance in production environments was not found on the java.library.path: [D:\Java\jdk1.8.0_40\bin;C:\WINDOWS\Sun\Java\bin;C:\WINDOWS\system32;C:\WINDOWS;D:\Anaconda3;D:\Anaconda3\Library\mingw-w64\bin;D:\Anaconda3\Library\usr\bin;D:\Anaconda3\Library\bin;D:\Anaconda3\Scripts;D:\python3\Scripts\;D:\python3\;C:\Python27\Cesium;C:\Program Files (x86)\GDAL;D:\mysql-5.6.22\bin;D:\Java\jdk1.8.0_40\bin;D:\Java\jdk1.8.0_40\jre\bin;D:\app\yao\product\11.2.0\client_1\bin;C:\ProgramData\Oracle\Java\javapath;C:\Program Files (x86)\Intel\iCLS Client\;C:\Program Files\Intel\iCLS Client\;C:\Windows\system32;C:\Windows;C:\Windows\System32\Wbem;C:\Windows\System32\WindowsPowerShell\v1.0\;C:\Program Files (x86)\Intel\Intel(R) Management Engine Components\DAL;C:\Program Files\Intel\Intel(R) Management Engine Components\DAL;C:\Program Files (x86)\Intel\Intel(R) Management Engine Components\IPT;C:\Program Files\Intel\Intel(R) Management Engine Components\IPT;C:\Program Files (x86)\NVIDIA Corporation\PhysX\Common;C:\Program Files\Microsoft\Web Platform Installer\;C:\Program Files (x86)\Microsoft ASP.NET\ASP.NET Web Pages\v1.0\;C:\Program Files (x86)\Windows Kits\8.0\Windows Performance Toolkit\;C:\Program Files\Microsoft SQL Server\110\Tools\Binn\;D:\VisualSVN\bin;D:\TortoiseSVN\bin;D:\ArcGIS\Desktop10.2\bin;C:\Windows\System32;C:\WINDOWS\system32;C:\WINDOWS;C:\WINDOWS\System32\Wbem;C:\WINDOWS\System32\WindowsPowerShell\v1.0\;D:\nodejs\;C:\WINDOWS\System32\WindowsPowerShell\v1.0\;C:\WINDOWS\System32\OpenSSH\;C:\windows\system32;D:\Git\cmd;E:\学习积累\网络爬虫-python\phantomjs-2.1.1-windows\bin;E:\学习积累\网络爬虫-python\chromedriver;C:\Program Files\Intel\WiFi\bin\;C:\Program Files\Common Files\Intel\WirelessCommon\;D:\Microsoft VS Code\bin;C:\Users\yao.YAO-PC\AppData\Local\Microsoft\WindowsApps;D:\Fiddler;C:\Users\yao.YAO-PC\AppData\Local\Microsoft\WindowsApps;C:\Users\yao.YAO-PC\AppData\Roaming\npm;D:\Microsoft VS Code\bin;D:\IntelliJ IDEA 2018.1.4\plugins\maven\lib\maven3\bin;;.]
2019-07-08 08:12:42.032 INFO [main]o.a.catalina.core.ContainerBase.[Tomcat].[localhost].[/].log:173 -Initializing Spring embedded WebApplicationContext
2019-07-08 08:12:42.032 INFO [main]org.springframework.web.context.ContextLoader.prepareWebApplicationContext:296 -Root WebApplicationContext: initialization completed in 5816 ms
2019-07-08 08:12:43.761 WARN [main]config.setReconnectionTimeout:283 -'reconnectionTimeout' setting in unavailable. Please use 'failedSlaveReconnectionInterval' setting instead!
2019-07-08 08:12:43.761 WARN [main]config.setFailedAttempts:292 -'failedAttempts' setting in unavailable. Please use 'failedSlaveCheckInterval' setting instead!
2019-07-08 08:12:43.900 INFO [main]org.redisson.Version.logVersion:41 -Redisson 3.9.1
2019-07-08 08:12:44.594 INFO [redisson-netty-4-14]org.redisson.connection.pool.MasterPubSubConnectionPool.operationComplete:168 -1 connections initialized for localhost/127.0.0.1:6379
2019-07-08 08:12:44.594 INFO [redisson-netty-4-5]org.redisson.connection.pool.MasterConnectionPool.operationComplete:168 -32 connections initialized for localhost/127.0.0.1:6379
2019-07-08 08:12:45.132 INFO [main]s.d.s.web.PropertySourcedRequestMappingHandlerMapping.initHandlerMethods:69 -Mapped URL path [/v2/api-docs] onto method [public org.springframework.http.ResponseEntity<springfox.documentation.spring.web.json.Json> springfox.documentation.swagger2.web.Swagger2Controller.getDocumentation(java.lang.String,javax.servlet.http.HttpServletRequest)]
2019-07-08 08:12:45.394 INFO [main]o.s.scheduling.concurrent.ThreadPoolTaskExecutor.initialize:171 -Initializing ExecutorService 'applicationTaskExecutor'
2019-07-08 08:12:46.445 INFO [main]io.lettuce.core.EpollProvider.<clinit>:68 -Starting without optional epoll library
2019-07-08 08:12:46.447 INFO [main]io.lettuce.core.KqueueProvider.<clinit>:70 -Starting without optional kqueue library
2019-07-08 08:12:46.597 INFO [main]s.d.spring.web.plugins.DocumentationPluginsBootstrapper.start:147 -Context refreshed
2019-07-08 08:12:46.615 INFO [main]s.d.spring.web.plugins.DocumentationPluginsBootstrapper.start:150 -Found 1 custom documentation plugin(s)
2019-07-08 08:12:46.653 INFO [main]s.d.spring.web.scanners.ApiListingReferenceScanner.scan:41 -Scanning for api listing references
2019-07-08 08:12:47.459 INFO [main]o.s.s.annotation.ScheduledAnnotationBeanPostProcessor.finishRegistration:295 -No TaskScheduler/ScheduledExecutorService bean found for scheduled processing
2019-07-08 08:12:47.466 INFO [main]org.apache.coyote.http11.Http11NioProtocol.log:173 -Starting ProtocolHandler ["http-nio-9999"]
2019-07-08 08:12:47.485 INFO [main]o.s.boot.web.embedded.tomcat.TomcatWebServer.start:204 -Tomcat started on port(s): 9999 (http) with context path ''
2019-07-08 08:12:47.488 INFO [main]com.cjw.springbootstarter.SpringbootStarterApplication.logStarted:59 -Started SpringbootStarterApplication in 12.21 seconds (JVM running for 32.585)
2019-07-08 08:12:47.491 INFO [main]com.cjw.springbootstarter.base.ApplicationReady.onApplicationEvent:47 -数据库部分内容读入到全局缓存...
2019-07-08 08:12:47.591 INFO [main]com.cjw.springbootstarter.base.ApplicationReady.onApplicationEvent:50 -数据库部分内容读入到全局缓存完成！
2019-07-08 08:38:12.639 INFO [http-nio-9999-exec-1]o.a.catalina.core.ContainerBase.[Tomcat].[localhost].[/].log:173 -Initializing Spring DispatcherServlet 'dispatcherServlet'
2019-07-08 08:38:12.639 INFO [http-nio-9999-exec-1]org.springframework.web.servlet.DispatcherServlet.initServletBean:524 -Initializing Servlet 'dispatcherServlet'
2019-07-08 08:38:12.651 INFO [http-nio-9999-exec-1]org.springframework.web.servlet.DispatcherServlet.initServletBean:546 -Completed initialization in 11 ms
2019-07-08 08:40:55.393 INFO [http-nio-9999-exec-3]com.cjw.springbootstarter.service.impl.ArcGpServiceImpl.resultForStatistics:171 -从redis获取分析结果
2019-07-08 08:40:55.406 INFO [http-nio-9999-exec-4]com.cjw.springbootstarter.service.impl.ArcGpServiceImpl.resultForStatistics:171 -从redis获取分析结果
2019-07-08 08:40:55.417 INFO [http-nio-9999-exec-5]com.cjw.springbootstarter.service.impl.ArcGpServiceImpl.resultForStatistics:171 -从redis获取分析结果
2019-07-08 08:40:55.430 INFO [http-nio-9999-exec-6]com.cjw.springbootstarter.service.impl.ArcGpServiceImpl.resultForStatistics:171 -从redis获取分析结果
2019-07-08 08:40:55.442 INFO [http-nio-9999-exec-8]com.cjw.springbootstarter.service.impl.ArcGpServiceImpl.resultForStatistics:171 -从redis获取分析结果
2019-07-08 08:41:29.248 INFO [http-nio-9999-exec-7]com.cjw.springbootstarter.service.impl.ArcGpServiceImpl.resultForQueryFeatures:223 -从redis获取分析结果
2019-07-08 08:41:33.203 INFO [http-nio-9999-exec-10]com.cjw.springbootstarter.service.impl.ArcGpServiceImpl.resultForQueryFeatures:223 -从redis获取分析结果
2019-07-08 08:41:35.589 INFO [http-nio-9999-exec-1]com.cjw.springbootstarter.service.impl.ArcGpServiceImpl.resultForQueryFeatures:223 -从redis获取分析结果
2019-07-08 08:41:37.827 INFO [http-nio-9999-exec-2]com.cjw.springbootstarter.service.impl.ArcGpServiceImpl.resultForQueryFeatures:223 -从redis获取分析结果
2019-07-08 08:41:42.483 INFO [http-nio-9999-exec-3]com.cjw.springbootstarter.service.impl.ArcGpServiceImpl.resultForQueryFeatures:223 -从redis获取分析结果
2019-07-08 08:41:44.969 INFO [http-nio-9999-exec-4]com.cjw.springbootstarter.service.impl.ArcGpServiceImpl.resultForStatisticsWithLevel:246 -从redis获取分析结果
2019-07-08 08:41:50.605 INFO [http-nio-9999-exec-5]com.cjw.springbootstarter.service.impl.ArcGpServiceImpl.resultForStatisticsWithLevel:246 -从redis获取分析结果
2019-07-08 08:42:14.792 INFO [http-nio-9999-exec-6]com.cjw.springbootstarter.service.impl.ArcGpServiceImpl.resultForStatisticsWithLevel:246 -从redis获取分析结果
2019-07-08 08:43:23.482 INFO [http-nio-9999-exec-9]com.cjw.springbootstarter.service.impl.ArcGpServiceImpl.resultForStatistics:171 -从redis获取分析结果
2019-07-08 08:43:23.490 INFO [http-nio-9999-exec-7]com.cjw.springbootstarter.service.impl.ArcGpServiceImpl.resultForStatistics:171 -从redis获取分析结果
2019-07-08 08:43:23.498 INFO [http-nio-9999-exec-10]com.cjw.springbootstarter.service.impl.ArcGpServiceImpl.resultForStatistics:171 -从redis获取分析结果
2019-07-08 08:43:23.507 INFO [http-nio-9999-exec-1]com.cjw.springbootstarter.service.impl.ArcGpServiceImpl.resultForStatistics:171 -从redis获取分析结果
2019-07-08 08:43:23.518 INFO [http-nio-9999-exec-2]com.cjw.springbootstarter.service.impl.ArcGpServiceImpl.resultForStatistics:171 -从redis获取分析结果
2019-07-08 08:45:39.882 INFO [http-nio-9999-exec-2]com.cjw.springbootstarter.service.impl.ArcGpServiceImpl.resultForStatistics:171 -从redis获取分析结果
2019-07-08 08:45:39.889 INFO [http-nio-9999-exec-3]com.cjw.springbootstarter.service.impl.ArcGpServiceImpl.resultForStatistics:171 -从redis获取分析结果
2019-07-08 08:45:39.898 INFO [http-nio-9999-exec-4]com.cjw.springbootstarter.service.impl.ArcGpServiceImpl.resultForStatistics:171 -从redis获取分析结果
2019-07-08 08:45:39.906 INFO [http-nio-9999-exec-5]com.cjw.springbootstarter.service.impl.ArcGpServiceImpl.resultForStatistics:171 -从redis获取分析结果
2019-07-08 08:45:39.914 INFO [http-nio-9999-exec-6]com.cjw.springbootstarter.service.impl.ArcGpServiceImpl.resultForStatistics:171 -从redis获取分析结果
2019-07-08 08:46:05.462 INFO [http-nio-9999-exec-9]com.cjw.springbootstarter.service.impl.ArcGpServiceImpl.resultForStatisticsWithLevel:246 -从redis获取分析结果
2019-07-08 14:15:02.865 INFO [http-nio-9999-exec-8]com.cjw.springbootstarter.service.impl.ArcGpServiceImpl.resultForStatistics:171 -从redis获取分析结果
2019-07-08 14:15:02.881 INFO [http-nio-9999-exec-9]com.cjw.springbootstarter.service.impl.ArcGpServiceImpl.resultForStatistics:171 -从redis获取分析结果
2019-07-08 14:15:02.889 INFO [http-nio-9999-exec-7]com.cjw.springbootstarter.service.impl.ArcGpServiceImpl.resultForStatistics:171 -从redis获取分析结果
2019-07-08 14:15:02.901 INFO [http-nio-9999-exec-10]com.cjw.springbootstarter.service.impl.ArcGpServiceImpl.resultForStatistics:171 -从redis获取分析结果
2019-07-08 14:15:02.911 INFO [http-nio-9999-exec-1]com.cjw.springbootstarter.service.impl.ArcGpServiceImpl.resultForStatistics:171 -从redis获取分析结果
2019-07-08 14:15:02.920 INFO [http-nio-9999-exec-2]com.cjw.springbootstarter.service.impl.ArcGpServiceImpl.resultForStatistics:171 -从redis获取分析结果
2019-07-08 14:15:02.930 INFO [http-nio-9999-exec-3]com.cjw.springbootstarter.service.impl.ArcGpServiceImpl.resultForStatistics:171 -从redis获取分析结果
2019-07-08 14:15:02.937 INFO [http-nio-9999-exec-4]com.cjw.springbootstarter.service.impl.ArcGpServiceImpl.resultForStatistics:171 -从redis获取分析结果
2019-07-08 14:15:52.374 INFO [http-nio-9999-exec-5]com.cjw.springbootstarter.service.impl.ArcGpServiceImpl.resultForStatisticsWithLevel:246 -从redis获取分析结果
2019-07-08 14:16:50.435 INFO [http-nio-9999-exec-6]com.cjw.springbootstarter.service.impl.ArcGpServiceImpl.resultForStatisticsWithLevel:246 -从redis获取分析结果
