2019-06-13 15:46:38.283 INFO [main]com.cjw.springbootstarter.TestMyBatisPlus.logStarting:50 -Starting TestMyBatisPlus on YAO-PC with PID 23456 (started by yao in C:\Users\yao.YAO-PC\Desktop\springboot-gs)
2019-06-13 15:46:38.284 INFO [main]com.cjw.springbootstarter.TestMyBatisPlus.logStartupProfileInfo:675 -No active profile set, falling back to default profiles: default
2019-06-13 15:46:39.507 INFO [main]o.s.d.repository.config.RepositoryConfigurationDelegate.multipleStoresDetected:244 -Multiple Spring Data modules found, entering strict repository configuration mode!
2019-06-13 15:46:39.511 INFO [main]o.s.d.repository.config.RepositoryConfigurationDelegate.registerRepositoriesIn:126 -Bootstrapping Spring Data repositories in DEFAULT mode.
2019-06-13 15:46:39.571 INFO [main]o.s.d.repository.config.RepositoryConfigurationDelegate.registerRepositoriesIn:182 -Finished Spring Data repository scanning in 44ms. Found 0 repository interfaces.
2019-06-13 15:46:40.060 INFO [main]o.s.c.s.PostProcessorRegistrationDelegate$BeanPostProcessorChecker.postProcessAfterInitialization:330 -Bean 'shiroConfig' of type [com.cjw.springbootstarter.config.ShiroConfig$$EnhancerBySpringCGLIB$$ae228664] is not eligible for getting processed by all BeanPostProcessors (for example: not eligible for auto-proxying)
2019-06-13 15:46:40.498 INFO [main]o.s.c.s.PostProcessorRegistrationDelegate$BeanPostProcessorChecker.postProcessAfterInitialization:330 -Bean 'hashedCredentialsMatcher' of type [org.apache.shiro.authc.credential.HashedCredentialsMatcher] is not eligible for getting processed by all BeanPostProcessors (for example: not eligible for auto-proxying)
2019-06-13 15:46:40.600 INFO [main]o.s.c.s.PostProcessorRegistrationDelegate$BeanPostProcessorChecker.postProcessAfterInitialization:330 -Bean 'mybatis-plus-com.baomidou.mybatisplus.autoconfigure.MybatisPlusProperties' of type [com.baomidou.mybatisplus.autoconfigure.MybatisPlusProperties] is not eligible for getting processed by all BeanPostProcessors (for example: not eligible for auto-proxying)
2019-06-13 15:46:40.612 INFO [main]o.s.c.s.PostProcessorRegistrationDelegate$BeanPostProcessorChecker.postProcessAfterInitialization:330 -Bean 'mybatisPlusConfig' of type [com.cjw.springbootstarter.config.MybatisPlusConfig$$EnhancerBySpringCGLIB$$c2a6740] is not eligible for getting processed by all BeanPostProcessors (for example: not eligible for auto-proxying)
2019-06-13 15:46:40.634 INFO [main]o.s.c.s.PostProcessorRegistrationDelegate$BeanPostProcessorChecker.postProcessAfterInitialization:330 -Bean 'paginationInterceptor' of type [com.baomidou.mybatisplus.extension.plugins.PaginationInterceptor] is not eligible for getting processed by all BeanPostProcessors (for example: not eligible for auto-proxying)
2019-06-13 15:46:40.645 INFO [main]o.s.c.s.PostProcessorRegistrationDelegate$BeanPostProcessorChecker.postProcessAfterInitialization:330 -Bean 'com.baomidou.mybatisplus.autoconfigure.MybatisPlusAutoConfiguration' of type [com.baomidou.mybatisplus.autoconfigure.MybatisPlusAutoConfiguration$$EnhancerBySpringCGLIB$$40099449] is not eligible for getting processed by all BeanPostProcessors (for example: not eligible for auto-proxying)
2019-06-13 15:46:40.650 INFO [main]o.s.c.s.PostProcessorRegistrationDelegate$BeanPostProcessorChecker.postProcessAfterInitialization:330 -Bean 'org.springframework.boot.autoconfigure.jdbc.DataSourceConfiguration$Generic' of type [org.springframework.boot.autoconfigure.jdbc.DataSourceConfiguration$Generic] is not eligible for getting processed by all BeanPostProcessors (for example: not eligible for auto-proxying)
2019-06-13 15:46:40.676 INFO [main]o.s.c.s.PostProcessorRegistrationDelegate$BeanPostProcessorChecker.postProcessAfterInitialization:330 -Bean 'spring.datasource-org.springframework.boot.autoconfigure.jdbc.DataSourceProperties' of type [org.springframework.boot.autoconfigure.jdbc.DataSourceProperties] is not eligible for getting processed by all BeanPostProcessors (for example: not eligible for auto-proxying)
2019-06-13 15:46:40.771 INFO [main]o.s.c.s.PostProcessorRegistrationDelegate$BeanPostProcessorChecker.postProcessAfterInitialization:330 -Bean 'dataSource' of type [com.alibaba.druid.pool.DruidDataSource] is not eligible for getting processed by all BeanPostProcessors (for example: not eligible for auto-proxying)
2019-06-13 15:46:40.925 INFO [main]com.alibaba.druid.pool.DruidDataSource.init:922 -{dataSource-1} inited
2019-06-13 15:46:41.281 INFO [main]o.s.c.s.PostProcessorRegistrationDelegate$BeanPostProcessorChecker.postProcessAfterInitialization:330 -Bean 'sqlSessionFactory' of type [org.apache.ibatis.session.defaults.DefaultSqlSessionFactory] is not eligible for getting processed by all BeanPostProcessors (for example: not eligible for auto-proxying)
2019-06-13 15:46:41.297 INFO [main]o.s.c.s.PostProcessorRegistrationDelegate$BeanPostProcessorChecker.postProcessAfterInitialization:330 -Bean 'sqlSessionTemplate' of type [org.mybatis.spring.SqlSessionTemplate] is not eligible for getting processed by all BeanPostProcessors (for example: not eligible for auto-proxying)
2019-06-13 15:46:41.460 INFO [main]o.s.c.s.PostProcessorRegistrationDelegate$BeanPostProcessorChecker.postProcessAfterInitialization:330 -Bean 'userMapper' of type [org.mybatis.spring.mapper.MapperFactoryBean] is not eligible for getting processed by all BeanPostProcessors (for example: not eligible for auto-proxying)
2019-06-13 15:46:41.463 INFO [main]o.s.c.s.PostProcessorRegistrationDelegate$BeanPostProcessorChecker.postProcessAfterInitialization:330 -Bean 'userMapper' of type [com.sun.proxy.$Proxy93] is not eligible for getting processed by all BeanPostProcessors (for example: not eligible for auto-proxying)
2019-06-13 15:46:41.511 INFO [main]o.s.c.s.PostProcessorRegistrationDelegate$BeanPostProcessorChecker.postProcessAfterInitialization:330 -Bean 'roleUserMapper' of type [org.mybatis.spring.mapper.MapperFactoryBean] is not eligible for getting processed by all BeanPostProcessors (for example: not eligible for auto-proxying)
2019-06-13 15:46:41.514 INFO [main]o.s.c.s.PostProcessorRegistrationDelegate$BeanPostProcessorChecker.postProcessAfterInitialization:330 -Bean 'roleUserMapper' of type [com.sun.proxy.$Proxy94] is not eligible for getting processed by all BeanPostProcessors (for example: not eligible for auto-proxying)
2019-06-13 15:46:41.515 INFO [main]o.s.c.s.PostProcessorRegistrationDelegate$BeanPostProcessorChecker.postProcessAfterInitialization:330 -Bean 'userServiceImpl' of type [com.cjw.springbootstarter.service.impl.UserServiceImpl] is not eligible for getting processed by all BeanPostProcessors (for example: not eligible for auto-proxying)
2019-06-13 15:46:41.516 INFO [main]o.s.c.s.PostProcessorRegistrationDelegate$BeanPostProcessorChecker.postProcessAfterInitialization:330 -Bean 'myShiroRealm' of type [com.cjw.springbootstarter.base.MyShiroRealm] is not eligible for getting processed by all BeanPostProcessors (for example: not eligible for auto-proxying)
2019-06-13 15:46:41.533 INFO [main]o.s.c.s.PostProcessorRegistrationDelegate$BeanPostProcessorChecker.postProcessAfterInitialization:330 -Bean 'securityManager' of type [org.apache.shiro.web.mgt.DefaultWebSecurityManager] is not eligible for getting processed by all BeanPostProcessors (for example: not eligible for auto-proxying)
2019-06-13 15:46:41.655 INFO [main]o.s.c.s.PostProcessorRegistrationDelegate$BeanPostProcessorChecker.postProcessAfterInitialization:330 -Bean 'lettuceRedisConfig' of type [com.cjw.springbootstarter.config.LettuceRedisConfig$$EnhancerBySpringCGLIB$$f6f25876] is not eligible for getting processed by all BeanPostProcessors (for example: not eligible for auto-proxying)
2019-06-13 15:46:41.672 INFO [main]o.s.c.s.PostProcessorRegistrationDelegate$BeanPostProcessorChecker.postProcessAfterInitialization:330 -Bean 'org.springframework.transaction.annotation.ProxyTransactionManagementConfiguration' of type [org.springframework.transaction.annotation.ProxyTransactionManagementConfiguration$$EnhancerBySpringCGLIB$$24127af] is not eligible for getting processed by all BeanPostProcessors (for example: not eligible for auto-proxying)
2019-06-13 15:46:41.690 INFO [main]o.s.c.s.PostProcessorRegistrationDelegate$BeanPostProcessorChecker.postProcessAfterInitialization:330 -Bean 'authorizationAttributeSourceAdvisor' of type [org.apache.shiro.spring.security.interceptor.AuthorizationAttributeSourceAdvisor] is not eligible for getting processed by all BeanPostProcessors (for example: not eligible for auto-proxying)
2019-06-13 15:46:43.767 WARN [main]config.setReconnectionTimeout:283 -'reconnectionTimeout' setting in unavailable. Please use 'failedSlaveReconnectionInterval' setting instead!
2019-06-13 15:46:43.768 WARN [main]config.setFailedAttempts:292 -'failedAttempts' setting in unavailable. Please use 'failedSlaveCheckInterval' setting instead!
2019-06-13 15:46:43.871 INFO [main]org.redisson.Version.logVersion:41 -Redisson 3.9.1
2019-06-13 15:46:44.668 INFO [redisson-netty-4-13]org.redisson.connection.pool.MasterPubSubConnectionPool.operationComplete:168 -1 connections initialized for localhost/127.0.0.1:6379
2019-06-13 15:46:44.670 INFO [redisson-netty-4-5]org.redisson.connection.pool.MasterConnectionPool.operationComplete:168 -32 connections initialized for localhost/127.0.0.1:6379
2019-06-13 15:46:45.441 INFO [main]s.d.s.web.PropertySourcedRequestMappingHandlerMapping.initHandlerMethods:69 -Mapped URL path [/v2/api-docs] onto method [public org.springframework.http.ResponseEntity<springfox.documentation.spring.web.json.Json> springfox.documentation.swagger2.web.Swagger2Controller.getDocumentation(java.lang.String,javax.servlet.http.HttpServletRequest)]
2019-06-13 15:46:46.309 INFO [main]o.s.scheduling.concurrent.ThreadPoolTaskExecutor.initialize:171 -Initializing ExecutorService 'applicationTaskExecutor'
2019-06-13 15:46:47.093 INFO [main]io.lettuce.core.EpollProvider.<clinit>:68 -Starting without optional epoll library
2019-06-13 15:46:47.095 INFO [main]io.lettuce.core.KqueueProvider.<clinit>:70 -Starting without optional kqueue library
2019-06-13 15:46:47.394 INFO [main]s.d.spring.web.plugins.DocumentationPluginsBootstrapper.start:147 -Context refreshed
2019-06-13 15:46:47.427 INFO [main]s.d.spring.web.plugins.DocumentationPluginsBootstrapper.start:150 -Found 1 custom documentation plugin(s)
2019-06-13 15:46:47.481 INFO [main]s.d.spring.web.scanners.ApiListingReferenceScanner.scan:41 -Scanning for api listing references
2019-06-13 15:46:48.353 INFO [main]o.s.s.annotation.ScheduledAnnotationBeanPostProcessor.finishRegistration:295 -No TaskScheduler/ScheduledExecutorService bean found for scheduled processing
2019-06-13 15:46:48.368 INFO [main]com.cjw.springbootstarter.TestMyBatisPlus.logStarted:59 -Started TestMyBatisPlus in 10.494 seconds (JVM running for 11.429)
2019-06-13 15:46:48.371 INFO [main]com.cjw.springbootstarter.base.ApplicationReady.onApplicationEvent:46 - ˝æ›ø‚≤ø∑÷ƒ⁄»›∂¡»ÎµΩ»´æ÷ª∫¥Ê...
2019-06-13 15:46:48.860 INFO [main]com.cjw.springbootstarter.base.ApplicationReady.onApplicationEvent:49 - ˝æ›ø‚≤ø∑÷ƒ⁄»›∂¡»ÎµΩ»´æ÷ª∫¥ÊÕÍ≥…£°
2019-06-13 15:46:49.440 INFO [Thread-3]o.s.scheduling.concurrent.ThreadPoolTaskExecutor.shutdown:208 -Shutting down ExecutorService 'applicationTaskExecutor'
2019-06-13 15:46:50.690 INFO [Thread-3]com.alibaba.druid.pool.DruidDataSource.close:1817 -{dataSource-1} closed
2019-06-13 15:54:06.335 INFO [main]com.cjw.springbootstarter.TestMyBatisPlus.logStarting:50 -Starting TestMyBatisPlus on YAO-PC with PID 9508 (started by yao in C:\Users\yao.YAO-PC\Desktop\springboot-gs)
2019-06-13 15:54:06.337 INFO [main]com.cjw.springbootstarter.TestMyBatisPlus.logStartupProfileInfo:675 -No active profile set, falling back to default profiles: default
2019-06-13 15:54:07.661 INFO [main]o.s.d.repository.config.RepositoryConfigurationDelegate.multipleStoresDetected:244 -Multiple Spring Data modules found, entering strict repository configuration mode!
2019-06-13 15:54:07.665 INFO [main]o.s.d.repository.config.RepositoryConfigurationDelegate.registerRepositoriesIn:126 -Bootstrapping Spring Data repositories in DEFAULT mode.
2019-06-13 15:54:07.732 INFO [main]o.s.d.repository.config.RepositoryConfigurationDelegate.registerRepositoriesIn:182 -Finished Spring Data repository scanning in 48ms. Found 0 repository interfaces.
2019-06-13 15:54:08.251 INFO [main]o.s.c.s.PostProcessorRegistrationDelegate$BeanPostProcessorChecker.postProcessAfterInitialization:330 -Bean 'shiroConfig' of type [com.cjw.springbootstarter.config.ShiroConfig$$EnhancerBySpringCGLIB$$cf42b157] is not eligible for getting processed by all BeanPostProcessors (for example: not eligible for auto-proxying)
2019-06-13 15:54:08.673 INFO [main]o.s.c.s.PostProcessorRegistrationDelegate$BeanPostProcessorChecker.postProcessAfterInitialization:330 -Bean 'hashedCredentialsMatcher' of type [org.apache.shiro.authc.credential.HashedCredentialsMatcher] is not eligible for getting processed by all BeanPostProcessors (for example: not eligible for auto-proxying)
2019-06-13 15:54:08.813 INFO [main]o.s.c.s.PostProcessorRegistrationDelegate$BeanPostProcessorChecker.postProcessAfterInitialization:330 -Bean 'mybatis-plus-com.baomidou.mybatisplus.autoconfigure.MybatisPlusProperties' of type [com.baomidou.mybatisplus.autoconfigure.MybatisPlusProperties] is not eligible for getting processed by all BeanPostProcessors (for example: not eligible for auto-proxying)
2019-06-13 15:54:08.826 INFO [main]o.s.c.s.PostProcessorRegistrationDelegate$BeanPostProcessorChecker.postProcessAfterInitialization:330 -Bean 'mybatisPlusConfig' of type [com.cjw.springbootstarter.config.MybatisPlusConfig$$EnhancerBySpringCGLIB$$2d4a9233] is not eligible for getting processed by all BeanPostProcessors (for example: not eligible for auto-proxying)
2019-06-13 15:54:08.840 INFO [main]o.s.c.s.PostProcessorRegistrationDelegate$BeanPostProcessorChecker.postProcessAfterInitialization:330 -Bean 'paginationInterceptor' of type [com.baomidou.mybatisplus.extension.plugins.PaginationInterceptor] is not eligible for getting processed by all BeanPostProcessors (for example: not eligible for auto-proxying)
2019-06-13 15:54:08.847 INFO [main]o.s.c.s.PostProcessorRegistrationDelegate$BeanPostProcessorChecker.postProcessAfterInitialization:330 -Bean 'com.baomidou.mybatisplus.autoconfigure.MybatisPlusAutoConfiguration' of type [com.baomidou.mybatisplus.autoconfigure.MybatisPlusAutoConfiguration$$EnhancerBySpringCGLIB$$6129bf3c] is not eligible for getting processed by all BeanPostProcessors (for example: not eligible for auto-proxying)
2019-06-13 15:54:08.851 INFO [main]o.s.c.s.PostProcessorRegistrationDelegate$BeanPostProcessorChecker.postProcessAfterInitialization:330 -Bean 'org.springframework.boot.autoconfigure.jdbc.DataSourceConfiguration$Generic' of type [org.springframework.boot.autoconfigure.jdbc.DataSourceConfiguration$Generic] is not eligible for getting processed by all BeanPostProcessors (for example: not eligible for auto-proxying)
2019-06-13 15:54:08.871 INFO [main]o.s.c.s.PostProcessorRegistrationDelegate$BeanPostProcessorChecker.postProcessAfterInitialization:330 -Bean 'spring.datasource-org.springframework.boot.autoconfigure.jdbc.DataSourceProperties' of type [org.springframework.boot.autoconfigure.jdbc.DataSourceProperties] is not eligible for getting processed by all BeanPostProcessors (for example: not eligible for auto-proxying)
2019-06-13 15:54:08.936 INFO [main]o.s.c.s.PostProcessorRegistrationDelegate$BeanPostProcessorChecker.postProcessAfterInitialization:330 -Bean 'dataSource' of type [com.alibaba.druid.pool.DruidDataSource] is not eligible for getting processed by all BeanPostProcessors (for example: not eligible for auto-proxying)
2019-06-13 15:54:09.109 INFO [main]com.alibaba.druid.pool.DruidDataSource.init:922 -{dataSource-1} inited
2019-06-13 15:54:09.245 INFO [main]o.s.c.s.PostProcessorRegistrationDelegate$BeanPostProcessorChecker.postProcessAfterInitialization:330 -Bean 'sqlSessionFactory' of type [org.apache.ibatis.session.defaults.DefaultSqlSessionFactory] is not eligible for getting processed by all BeanPostProcessors (for example: not eligible for auto-proxying)
2019-06-13 15:54:09.255 INFO [main]o.s.c.s.PostProcessorRegistrationDelegate$BeanPostProcessorChecker.postProcessAfterInitialization:330 -Bean 'sqlSessionTemplate' of type [org.mybatis.spring.SqlSessionTemplate] is not eligible for getting processed by all BeanPostProcessors (for example: not eligible for auto-proxying)
2019-06-13 15:54:09.386 INFO [main]o.s.c.s.PostProcessorRegistrationDelegate$BeanPostProcessorChecker.postProcessAfterInitialization:330 -Bean 'userMapper' of type [org.mybatis.spring.mapper.MapperFactoryBean] is not eligible for getting processed by all BeanPostProcessors (for example: not eligible for auto-proxying)
2019-06-13 15:54:09.388 INFO [main]o.s.c.s.PostProcessorRegistrationDelegate$BeanPostProcessorChecker.postProcessAfterInitialization:330 -Bean 'userMapper' of type [com.sun.proxy.$Proxy93] is not eligible for getting processed by all BeanPostProcessors (for example: not eligible for auto-proxying)
2019-06-13 15:54:09.428 INFO [main]o.s.c.s.PostProcessorRegistrationDelegate$BeanPostProcessorChecker.postProcessAfterInitialization:330 -Bean 'roleUserMapper' of type [org.mybatis.spring.mapper.MapperFactoryBean] is not eligible for getting processed by all BeanPostProcessors (for example: not eligible for auto-proxying)
2019-06-13 15:54:09.430 INFO [main]o.s.c.s.PostProcessorRegistrationDelegate$BeanPostProcessorChecker.postProcessAfterInitialization:330 -Bean 'roleUserMapper' of type [com.sun.proxy.$Proxy94] is not eligible for getting processed by all BeanPostProcessors (for example: not eligible for auto-proxying)
2019-06-13 15:54:09.431 INFO [main]o.s.c.s.PostProcessorRegistrationDelegate$BeanPostProcessorChecker.postProcessAfterInitialization:330 -Bean 'userServiceImpl' of type [com.cjw.springbootstarter.service.impl.UserServiceImpl] is not eligible for getting processed by all BeanPostProcessors (for example: not eligible for auto-proxying)
2019-06-13 15:54:09.432 INFO [main]o.s.c.s.PostProcessorRegistrationDelegate$BeanPostProcessorChecker.postProcessAfterInitialization:330 -Bean 'myShiroRealm' of type [com.cjw.springbootstarter.base.MyShiroRealm] is not eligible for getting processed by all BeanPostProcessors (for example: not eligible for auto-proxying)
2019-06-13 15:54:09.444 INFO [main]o.s.c.s.PostProcessorRegistrationDelegate$BeanPostProcessorChecker.postProcessAfterInitialization:330 -Bean 'securityManager' of type [org.apache.shiro.web.mgt.DefaultWebSecurityManager] is not eligible for getting processed by all BeanPostProcessors (for example: not eligible for auto-proxying)
2019-06-13 15:54:09.541 INFO [main]o.s.c.s.PostProcessorRegistrationDelegate$BeanPostProcessorChecker.postProcessAfterInitialization:330 -Bean 'lettuceRedisConfig' of type [com.cjw.springbootstarter.config.LettuceRedisConfig$$EnhancerBySpringCGLIB$$18128369] is not eligible for getting processed by all BeanPostProcessors (for example: not eligible for auto-proxying)
2019-06-13 15:54:09.557 INFO [main]o.s.c.s.PostProcessorRegistrationDelegate$BeanPostProcessorChecker.postProcessAfterInitialization:330 -Bean 'org.springframework.transaction.annotation.ProxyTransactionManagementConfiguration' of type [org.springframework.transaction.annotation.ProxyTransactionManagementConfiguration$$EnhancerBySpringCGLIB$$236152a2] is not eligible for getting processed by all BeanPostProcessors (for example: not eligible for auto-proxying)
2019-06-13 15:54:09.572 INFO [main]o.s.c.s.PostProcessorRegistrationDelegate$BeanPostProcessorChecker.postProcessAfterInitialization:330 -Bean 'authorizationAttributeSourceAdvisor' of type [org.apache.shiro.spring.security.interceptor.AuthorizationAttributeSourceAdvisor] is not eligible for getting processed by all BeanPostProcessors (for example: not eligible for auto-proxying)
2019-06-13 15:54:11.614 WARN [main]config.setReconnectionTimeout:283 -'reconnectionTimeout' setting in unavailable. Please use 'failedSlaveReconnectionInterval' setting instead!
2019-06-13 15:54:11.614 WARN [main]config.setFailedAttempts:292 -'failedAttempts' setting in unavailable. Please use 'failedSlaveCheckInterval' setting instead!
2019-06-13 15:54:11.719 INFO [main]org.redisson.Version.logVersion:41 -Redisson 3.9.1
2019-06-13 15:54:12.494 INFO [redisson-netty-4-3]org.redisson.connection.pool.MasterPubSubConnectionPool.operationComplete:168 -1 connections initialized for localhost/127.0.0.1:6379
2019-06-13 15:54:12.496 INFO [redisson-netty-4-5]org.redisson.connection.pool.MasterConnectionPool.operationComplete:168 -32 connections initialized for localhost/127.0.0.1:6379
2019-06-13 15:54:13.314 INFO [main]s.d.s.web.PropertySourcedRequestMappingHandlerMapping.initHandlerMethods:69 -Mapped URL path [/v2/api-docs] onto method [public org.springframework.http.ResponseEntity<springfox.documentation.spring.web.json.Json> springfox.documentation.swagger2.web.Swagger2Controller.getDocumentation(java.lang.String,javax.servlet.http.HttpServletRequest)]
2019-06-13 15:54:14.138 INFO [main]o.s.scheduling.concurrent.ThreadPoolTaskExecutor.initialize:171 -Initializing ExecutorService 'applicationTaskExecutor'
2019-06-13 15:54:14.936 INFO [main]io.lettuce.core.EpollProvider.<clinit>:68 -Starting without optional epoll library
2019-06-13 15:54:14.939 INFO [main]io.lettuce.core.KqueueProvider.<clinit>:70 -Starting without optional kqueue library
2019-06-13 15:54:15.179 INFO [main]s.d.spring.web.plugins.DocumentationPluginsBootstrapper.start:147 -Context refreshed
2019-06-13 15:54:15.202 INFO [main]s.d.spring.web.plugins.DocumentationPluginsBootstrapper.start:150 -Found 1 custom documentation plugin(s)
2019-06-13 15:54:15.245 INFO [main]s.d.spring.web.scanners.ApiListingReferenceScanner.scan:41 -Scanning for api listing references
2019-06-13 15:54:16.047 INFO [main]o.s.s.annotation.ScheduledAnnotationBeanPostProcessor.finishRegistration:295 -No TaskScheduler/ScheduledExecutorService bean found for scheduled processing
2019-06-13 15:54:16.063 INFO [main]com.cjw.springbootstarter.TestMyBatisPlus.logStarted:59 -Started TestMyBatisPlus in 10.068 seconds (JVM running for 10.897)
2019-06-13 15:54:16.068 INFO [main]com.cjw.springbootstarter.base.ApplicationReady.onApplicationEvent:46 - ˝æ›ø‚≤ø∑÷ƒ⁄»›∂¡»ÎµΩ»´æ÷ª∫¥Ê...
2019-06-13 15:54:16.220 INFO [main]com.cjw.springbootstarter.base.ApplicationReady.onApplicationEvent:49 - ˝æ›ø‚≤ø∑÷ƒ⁄»›∂¡»ÎµΩ»´æ÷ª∫¥ÊÕÍ≥…£°
2019-06-13 15:54:16.581 INFO [Thread-3]o.s.scheduling.concurrent.ThreadPoolTaskExecutor.shutdown:208 -Shutting down ExecutorService 'applicationTaskExecutor'
2019-06-13 15:54:17.835 INFO [Thread-3]com.alibaba.druid.pool.DruidDataSource.close:1817 -{dataSource-1} closed
2019-06-13 16:24:43.367 INFO [main]com.cjw.springbootstarter.SpringbootStarterApplication.logStarting:50 -Starting SpringbootStarterApplication on YAO-PC with PID 1224 (C:\Users\yao.YAO-PC\Desktop\springboot-gs\target\classes started by yao in C:\Users\yao.YAO-PC\Desktop\springboot-gs)
2019-06-13 16:24:43.370 INFO [main]com.cjw.springbootstarter.SpringbootStarterApplication.logStartupProfileInfo:675 -No active profile set, falling back to default profiles: default
2019-06-13 16:24:44.606 INFO [main]o.s.d.repository.config.RepositoryConfigurationDelegate.multipleStoresDetected:244 -Multiple Spring Data modules found, entering strict repository configuration mode!
2019-06-13 16:24:44.609 INFO [main]o.s.d.repository.config.RepositoryConfigurationDelegate.registerRepositoriesIn:126 -Bootstrapping Spring Data repositories in DEFAULT mode.
2019-06-13 16:24:44.666 INFO [main]o.s.d.repository.config.RepositoryConfigurationDelegate.registerRepositoriesIn:182 -Finished Spring Data repository scanning in 42ms. Found 0 repository interfaces.
2019-06-13 16:24:44.998 INFO [main]o.s.c.s.PostProcessorRegistrationDelegate$BeanPostProcessorChecker.postProcessAfterInitialization:330 -Bean 'shiroConfig' of type [com.cjw.springbootstarter.config.ShiroConfig$$EnhancerBySpringCGLIB$$ddfedcdc] is not eligible for getting processed by all BeanPostProcessors (for example: not eligible for auto-proxying)
2019-06-13 16:24:45.136 INFO [main]o.s.c.s.PostProcessorRegistrationDelegate$BeanPostProcessorChecker.postProcessAfterInitialization:330 -Bean 'hashedCredentialsMatcher' of type [org.apache.shiro.authc.credential.HashedCredentialsMatcher] is not eligible for getting processed by all BeanPostProcessors (for example: not eligible for auto-proxying)
2019-06-13 16:24:45.185 INFO [main]o.s.c.s.PostProcessorRegistrationDelegate$BeanPostProcessorChecker.postProcessAfterInitialization:330 -Bean 'mybatis-plus-com.baomidou.mybatisplus.autoconfigure.MybatisPlusProperties' of type [com.baomidou.mybatisplus.autoconfigure.MybatisPlusProperties] is not eligible for getting processed by all BeanPostProcessors (for example: not eligible for auto-proxying)
2019-06-13 16:24:45.191 INFO [main]o.s.c.s.PostProcessorRegistrationDelegate$BeanPostProcessorChecker.postProcessAfterInitialization:330 -Bean 'mybatisPlusConfig' of type [com.cjw.springbootstarter.config.MybatisPlusConfig$$EnhancerBySpringCGLIB$$3c06bdb8] is not eligible for getting processed by all BeanPostProcessors (for example: not eligible for auto-proxying)
2019-06-13 16:24:45.196 INFO [main]o.s.c.s.PostProcessorRegistrationDelegate$BeanPostProcessorChecker.postProcessAfterInitialization:330 -Bean 'paginationInterceptor' of type [com.baomidou.mybatisplus.extension.plugins.PaginationInterceptor] is not eligible for getting processed by all BeanPostProcessors (for example: not eligible for auto-proxying)
2019-06-13 16:24:45.202 INFO [main]o.s.c.s.PostProcessorRegistrationDelegate$BeanPostProcessorChecker.postProcessAfterInitialization:330 -Bean 'com.baomidou.mybatisplus.autoconfigure.MybatisPlusAutoConfiguration' of type [com.baomidou.mybatisplus.autoconfigure.MybatisPlusAutoConfiguration$$EnhancerBySpringCGLIB$$6fe5eac1] is not eligible for getting processed by all BeanPostProcessors (for example: not eligible for auto-proxying)
2019-06-13 16:24:45.205 INFO [main]o.s.c.s.PostProcessorRegistrationDelegate$BeanPostProcessorChecker.postProcessAfterInitialization:330 -Bean 'org.springframework.boot.autoconfigure.jdbc.DataSourceConfiguration$Generic' of type [org.springframework.boot.autoconfigure.jdbc.DataSourceConfiguration$Generic] is not eligible for getting processed by all BeanPostProcessors (for example: not eligible for auto-proxying)
2019-06-13 16:24:45.218 INFO [main]o.s.c.s.PostProcessorRegistrationDelegate$BeanPostProcessorChecker.postProcessAfterInitialization:330 -Bean 'spring.datasource-org.springframework.boot.autoconfigure.jdbc.DataSourceProperties' of type [org.springframework.boot.autoconfigure.jdbc.DataSourceProperties] is not eligible for getting processed by all BeanPostProcessors (for example: not eligible for auto-proxying)
2019-06-13 16:24:45.264 INFO [main]o.s.c.s.PostProcessorRegistrationDelegate$BeanPostProcessorChecker.postProcessAfterInitialization:330 -Bean 'dataSource' of type [com.alibaba.druid.pool.DruidDataSource] is not eligible for getting processed by all BeanPostProcessors (for example: not eligible for auto-proxying)
2019-06-13 16:24:45.367 INFO [main]com.alibaba.druid.pool.DruidDataSource.init:922 -{dataSource-1} inited
2019-06-13 16:24:45.468 INFO [main]o.s.c.s.PostProcessorRegistrationDelegate$BeanPostProcessorChecker.postProcessAfterInitialization:330 -Bean 'sqlSessionFactory' of type [org.apache.ibatis.session.defaults.DefaultSqlSessionFactory] is not eligible for getting processed by all BeanPostProcessors (for example: not eligible for auto-proxying)
2019-06-13 16:24:45.474 INFO [main]o.s.c.s.PostProcessorRegistrationDelegate$BeanPostProcessorChecker.postProcessAfterInitialization:330 -Bean 'sqlSessionTemplate' of type [org.mybatis.spring.SqlSessionTemplate] is not eligible for getting processed by all BeanPostProcessors (for example: not eligible for auto-proxying)
2019-06-13 16:24:45.661 INFO [main]o.s.c.s.PostProcessorRegistrationDelegate$BeanPostProcessorChecker.postProcessAfterInitialization:330 -Bean 'userMapper' of type [org.mybatis.spring.mapper.MapperFactoryBean] is not eligible for getting processed by all BeanPostProcessors (for example: not eligible for auto-proxying)
2019-06-13 16:24:45.662 INFO [main]o.s.c.s.PostProcessorRegistrationDelegate$BeanPostProcessorChecker.postProcessAfterInitialization:330 -Bean 'userMapper' of type [com.sun.proxy.$Proxy71] is not eligible for getting processed by all BeanPostProcessors (for example: not eligible for auto-proxying)
2019-06-13 16:24:45.697 INFO [main]o.s.c.s.PostProcessorRegistrationDelegate$BeanPostProcessorChecker.postProcessAfterInitialization:330 -Bean 'roleUserMapper' of type [org.mybatis.spring.mapper.MapperFactoryBean] is not eligible for getting processed by all BeanPostProcessors (for example: not eligible for auto-proxying)
2019-06-13 16:24:45.698 INFO [main]o.s.c.s.PostProcessorRegistrationDelegate$BeanPostProcessorChecker.postProcessAfterInitialization:330 -Bean 'roleUserMapper' of type [com.sun.proxy.$Proxy72] is not eligible for getting processed by all BeanPostProcessors (for example: not eligible for auto-proxying)
2019-06-13 16:24:45.699 INFO [main]o.s.c.s.PostProcessorRegistrationDelegate$BeanPostProcessorChecker.postProcessAfterInitialization:330 -Bean 'userServiceImpl' of type [com.cjw.springbootstarter.service.impl.UserServiceImpl] is not eligible for getting processed by all BeanPostProcessors (for example: not eligible for auto-proxying)
2019-06-13 16:24:45.700 INFO [main]o.s.c.s.PostProcessorRegistrationDelegate$BeanPostProcessorChecker.postProcessAfterInitialization:330 -Bean 'myShiroRealm' of type [com.cjw.springbootstarter.base.MyShiroRealm] is not eligible for getting processed by all BeanPostProcessors (for example: not eligible for auto-proxying)
2019-06-13 16:24:45.704 INFO [main]o.s.c.s.PostProcessorRegistrationDelegate$BeanPostProcessorChecker.postProcessAfterInitialization:330 -Bean 'securityManager' of type [org.apache.shiro.web.mgt.DefaultWebSecurityManager] is not eligible for getting processed by all BeanPostProcessors (for example: not eligible for auto-proxying)
2019-06-13 16:24:45.769 INFO [main]o.s.c.s.PostProcessorRegistrationDelegate$BeanPostProcessorChecker.postProcessAfterInitialization:330 -Bean 'lettuceRedisConfig' of type [com.cjw.springbootstarter.config.LettuceRedisConfig$$EnhancerBySpringCGLIB$$26ceaeee] is not eligible for getting processed by all BeanPostProcessors (for example: not eligible for auto-proxying)
2019-06-13 16:24:45.794 INFO [main]o.s.c.s.PostProcessorRegistrationDelegate$BeanPostProcessorChecker.postProcessAfterInitialization:330 -Bean 'org.springframework.transaction.annotation.ProxyTransactionManagementConfiguration' of type [org.springframework.transaction.annotation.ProxyTransactionManagementConfiguration$$EnhancerBySpringCGLIB$$321d7e27] is not eligible for getting processed by all BeanPostProcessors (for example: not eligible for auto-proxying)
2019-06-13 16:24:45.809 INFO [main]o.s.c.s.PostProcessorRegistrationDelegate$BeanPostProcessorChecker.postProcessAfterInitialization:330 -Bean 'authorizationAttributeSourceAdvisor' of type [org.apache.shiro.spring.security.interceptor.AuthorizationAttributeSourceAdvisor] is not eligible for getting processed by all BeanPostProcessors (for example: not eligible for auto-proxying)
2019-06-13 16:24:46.272 INFO [main]o.s.boot.web.embedded.tomcat.TomcatWebServer.initialize:90 -Tomcat initialized with port(s): 9999 (http)
2019-06-13 16:24:46.287 INFO [main]org.apache.coyote.http11.Http11NioProtocol.log:173 -Initializing ProtocolHandler ["http-nio-9999"]
2019-06-13 16:24:46.295 INFO [main]org.apache.catalina.core.StandardService.log:173 -Starting service [Tomcat]
2019-06-13 16:24:46.296 INFO [main]org.apache.catalina.core.StandardEngine.log:173 -Starting Servlet engine: [Apache Tomcat/9.0.14]
2019-06-13 16:24:46.301 INFO [main]org.apache.catalina.core.AprLifecycleListener.log:173 -The APR based Apache Tomcat Native library which allows optimal performance in production environments was not found on the java.library.path: [D:\Java\jdk1.8.0_40\bin;C:\WINDOWS\Sun\Java\bin;C:\WINDOWS\system32;C:\WINDOWS;D:\Anaconda3;D:\Anaconda3\Library\mingw-w64\bin;D:\Anaconda3\Library\usr\bin;D:\Anaconda3\Library\bin;D:\Anaconda3\Scripts;D:\python3\Scripts\;D:\python3\;C:\Python27\Cesium;C:\Program Files (x86)\GDAL;D:\mysql-5.6.22\bin;D:\Java\jdk1.8.0_40\bin;D:\Java\jdk1.8.0_40\jre\bin;D:\app\yao\product\11.2.0\client_1\bin;C:\ProgramData\Oracle\Java\javapath;C:\Program Files (x86)\Intel\iCLS Client\;C:\Program Files\Intel\iCLS Client\;C:\Windows\system32;C:\Windows;C:\Windows\System32\Wbem;C:\Windows\System32\WindowsPowerShell\v1.0\;C:\Program Files (x86)\Intel\Intel(R) Management Engine Components\DAL;C:\Program Files\Intel\Intel(R) Management Engine Components\DAL;C:\Program Files (x86)\Intel\Intel(R) Management Engine Components\IPT;C:\Program Files\Intel\Intel(R) Management Engine Components\IPT;C:\Program Files (x86)\NVIDIA Corporation\PhysX\Common;C:\Program Files\Microsoft\Web Platform Installer\;C:\Program Files (x86)\Microsoft ASP.NET\ASP.NET Web Pages\v1.0\;C:\Program Files (x86)\Windows Kits\8.0\Windows Performance Toolkit\;C:\Program Files\Microsoft SQL Server\110\Tools\Binn\;D:\VisualSVN\bin;D:\TortoiseSVN\bin;D:\ArcGIS\Desktop10.2\bin;C:\Windows\System32;C:\WINDOWS\system32;C:\WINDOWS;C:\WINDOWS\System32\Wbem;C:\WINDOWS\System32\WindowsPowerShell\v1.0\;D:\nodejs\;C:\WINDOWS\System32\WindowsPowerShell\v1.0\;C:\WINDOWS\System32\OpenSSH\;C:\windows\system32;D:\Git\cmd;E:\Â≠¶‰π†ÁßØÁ¥Ø\ÁΩëÁªúÁà¨Ëô´-python\phantomjs-2.1.1-windows\bin;E:\Â≠¶‰π†ÁßØÁ¥Ø\ÁΩëÁªúÁà¨Ëô´-python\chromedriver;C:\Program Files\Intel\WiFi\bin\;C:\Program Files\Common Files\Intel\WirelessCommon\;D:\Microsoft VS Code\bin;C:\Users\yao.YAO-PC\AppData\Local\Microsoft\WindowsApps;D:\Fiddler;C:\Users\yao.YAO-PC\AppData\Local\Microsoft\WindowsApps;C:\Users\yao.YAO-PC\AppData\Roaming\npm;D:\Microsoft VS Code\bin;D:\IntelliJ IDEA 2018.1.4\plugins\maven\lib\maven3\bin;;.]
2019-06-13 16:24:46.443 INFO [main]o.a.catalina.core.ContainerBase.[Tomcat].[localhost].[/].log:173 -Initializing Spring embedded WebApplicationContext
2019-06-13 16:24:46.443 INFO [main]org.springframework.web.context.ContextLoader.prepareWebApplicationContext:296 -Root WebApplicationContext: initialization completed in 3034 ms
2019-06-13 16:24:47.966 WARN [main]config.setReconnectionTimeout:283 -'reconnectionTimeout' setting in unavailable. Please use 'failedSlaveReconnectionInterval' setting instead!
2019-06-13 16:24:47.966 WARN [main]config.setFailedAttempts:292 -'failedAttempts' setting in unavailable. Please use 'failedSlaveCheckInterval' setting instead!
2019-06-13 16:24:48.161 INFO [main]org.redisson.Version.logVersion:41 -Redisson 3.9.1
2019-06-13 16:24:48.771 INFO [redisson-netty-4-1]org.redisson.connection.pool.MasterConnectionPool.operationComplete:168 -32 connections initialized for localhost/127.0.0.1:6379
2019-06-13 16:24:48.772 INFO [redisson-netty-4-5]org.redisson.connection.pool.MasterPubSubConnectionPool.operationComplete:168 -1 connections initialized for localhost/127.0.0.1:6379
2019-06-13 16:24:49.375 INFO [main]s.d.s.web.PropertySourcedRequestMappingHandlerMapping.initHandlerMethods:69 -Mapped URL path [/v2/api-docs] onto method [public org.springframework.http.ResponseEntity<springfox.documentation.spring.web.json.Json> springfox.documentation.swagger2.web.Swagger2Controller.getDocumentation(java.lang.String,javax.servlet.http.HttpServletRequest)]
2019-06-13 16:24:49.704 INFO [main]o.s.scheduling.concurrent.ThreadPoolTaskExecutor.initialize:171 -Initializing ExecutorService 'applicationTaskExecutor'
2019-06-13 16:24:50.576 INFO [main]io.lettuce.core.EpollProvider.<clinit>:68 -Starting without optional epoll library
2019-06-13 16:24:50.579 INFO [main]io.lettuce.core.KqueueProvider.<clinit>:70 -Starting without optional kqueue library
2019-06-13 16:24:50.727 INFO [main]s.d.spring.web.plugins.DocumentationPluginsBootstrapper.start:147 -Context refreshed
2019-06-13 16:24:50.746 INFO [main]s.d.spring.web.plugins.DocumentationPluginsBootstrapper.start:150 -Found 1 custom documentation plugin(s)
2019-06-13 16:24:50.793 INFO [main]s.d.spring.web.scanners.ApiListingReferenceScanner.scan:41 -Scanning for api listing references
2019-06-13 16:24:51.609 INFO [main]o.s.s.annotation.ScheduledAnnotationBeanPostProcessor.finishRegistration:295 -No TaskScheduler/ScheduledExecutorService bean found for scheduled processing
2019-06-13 16:24:51.618 INFO [main]org.apache.coyote.http11.Http11NioProtocol.log:173 -Starting ProtocolHandler ["http-nio-9999"]
2019-06-13 16:24:51.633 INFO [main]o.s.boot.web.embedded.tomcat.TomcatWebServer.start:204 -Tomcat started on port(s): 9999 (http) with context path ''
2019-06-13 16:24:51.636 INFO [main]com.cjw.springbootstarter.SpringbootStarterApplication.logStarted:59 -Started SpringbootStarterApplication in 8.702 seconds (JVM running for 10.827)
2019-06-13 16:24:51.640 INFO [main]com.cjw.springbootstarter.base.ApplicationReady.onApplicationEvent:46 -Êï∞ÊçÆÂ∫ìÈÉ®ÂàÜÂÜÖÂÆπËØªÂÖ•Âà∞ÂÖ®Â±ÄÁºìÂ≠ò...
2019-06-13 16:24:51.728 INFO [main]com.cjw.springbootstarter.base.ApplicationReady.onApplicationEvent:49 -Êï∞ÊçÆÂ∫ìÈÉ®ÂàÜÂÜÖÂÆπËØªÂÖ•Âà∞ÂÖ®Â±ÄÁºìÂ≠òÂÆåÊàêÔºÅ
2019-06-13 16:25:24.561 INFO [http-nio-9999-exec-1]o.a.catalina.core.ContainerBase.[Tomcat].[localhost].[/].log:173 -Initializing Spring DispatcherServlet 'dispatcherServlet'
2019-06-13 16:25:24.561 INFO [http-nio-9999-exec-1]org.springframework.web.servlet.DispatcherServlet.initServletBean:524 -Initializing Servlet 'dispatcherServlet'
2019-06-13 16:25:24.573 INFO [http-nio-9999-exec-1]org.springframework.web.servlet.DispatcherServlet.initServletBean:546 -Completed initialization in 11 ms
2019-06-13 16:27:24.673 INFO [http-nio-9999-exec-1]com.cjw.springbootstarter.service.impl.ArcGpServiceImpl.resultForStatistics:170 -‰ªéredisËé∑ÂèñÂàÜÊûêÁªìÊûú
2019-06-13 16:27:40.407 INFO [http-nio-9999-exec-10]com.cjw.springbootstarter.service.impl.ArcGpServiceImpl.resultForStatisticsWithLevel:245 -‰ªéredisËé∑ÂèñÂàÜÊûêÁªìÊûú
2019-06-13 16:27:45.186 INFO [http-nio-9999-exec-4]com.cjw.springbootstarter.service.impl.ArcGpServiceImpl.resultForStatisticsWithLevel:245 -‰ªéredisËé∑ÂèñÂàÜÊûêÁªìÊûú
2019-06-13 16:27:56.865 INFO [http-nio-9999-exec-8]com.cjw.springbootstarter.service.impl.ArcGpServiceImpl.resultForStatisticsWithLevel:245 -‰ªéredisËé∑ÂèñÂàÜÊûêÁªìÊûú
2019-06-13 16:28:47.243 INFO [http-nio-9999-exec-2]com.cjw.springbootstarter.service.impl.ArcGpServiceImpl.resultForStatisticsWithLevel:245 -‰ªéredisËé∑ÂèñÂàÜÊûêÁªìÊûú
2019-06-13 16:29:58.176 INFO [http-nio-9999-exec-9]com.cjw.springbootstarter.service.impl.ArcGpServiceImpl.resultForStatistics:170 -‰ªéredisËé∑ÂèñÂàÜÊûêÁªìÊûú
2019-06-13 16:30:12.834 INFO [http-nio-9999-exec-7]com.cjw.springbootstarter.service.impl.ArcGpServiceImpl.resultForStatisticsWithLevel:245 -‰ªéredisËé∑ÂèñÂàÜÊûêÁªìÊûú
2019-06-13 16:30:16.368 INFO [http-nio-9999-exec-1]com.cjw.springbootstarter.service.impl.ArcGpServiceImpl.resultForStatisticsWithLevel:245 -‰ªéredisËé∑ÂèñÂàÜÊûêÁªìÊûú
2019-06-13 16:30:22.992 INFO [http-nio-9999-exec-10]com.cjw.springbootstarter.service.impl.ArcGpServiceImpl.resultForStatisticsWithLevel:245 -‰ªéredisËé∑ÂèñÂàÜÊûêÁªìÊûú
2019-06-13 16:38:01.203 INFO [http-nio-9999-exec-9]com.cjw.springbootstarter.service.impl.ArcGpServiceImpl.resultForStatistics:170 -‰ªéredisËé∑ÂèñÂàÜÊûêÁªìÊûú
2019-06-13 16:41:06.932 INFO [main]com.cjw.springbootstarter.SpringbootStarterApplication.logStarting:50 -Starting SpringbootStarterApplication on YAO-PC with PID 22664 (C:\Users\yao.YAO-PC\Desktop\springboot-gs\target\classes started by yao in C:\Users\yao.YAO-PC\Desktop\springboot-gs)
2019-06-13 16:41:06.935 INFO [main]com.cjw.springbootstarter.SpringbootStarterApplication.logStartupProfileInfo:675 -No active profile set, falling back to default profiles: default
2019-06-13 16:41:08.016 INFO [main]o.s.d.repository.config.RepositoryConfigurationDelegate.multipleStoresDetected:244 -Multiple Spring Data modules found, entering strict repository configuration mode!
2019-06-13 16:41:08.018 INFO [main]o.s.d.repository.config.RepositoryConfigurationDelegate.registerRepositoriesIn:126 -Bootstrapping Spring Data repositories in DEFAULT mode.
2019-06-13 16:41:08.069 INFO [main]o.s.d.repository.config.RepositoryConfigurationDelegate.registerRepositoriesIn:182 -Finished Spring Data repository scanning in 37ms. Found 0 repository interfaces.
2019-06-13 16:41:08.371 INFO [main]o.s.c.s.PostProcessorRegistrationDelegate$BeanPostProcessorChecker.postProcessAfterInitialization:330 -Bean 'shiroConfig' of type [com.cjw.springbootstarter.config.ShiroConfig$$EnhancerBySpringCGLIB$$1b9502da] is not eligible for getting processed by all BeanPostProcessors (for example: not eligible for auto-proxying)
2019-06-13 16:41:08.516 INFO [main]o.s.c.s.PostProcessorRegistrationDelegate$BeanPostProcessorChecker.postProcessAfterInitialization:330 -Bean 'hashedCredentialsMatcher' of type [org.apache.shiro.authc.credential.HashedCredentialsMatcher] is not eligible for getting processed by all BeanPostProcessors (for example: not eligible for auto-proxying)
2019-06-13 16:41:08.572 INFO [main]o.s.c.s.PostProcessorRegistrationDelegate$BeanPostProcessorChecker.postProcessAfterInitialization:330 -Bean 'mybatis-plus-com.baomidou.mybatisplus.autoconfigure.MybatisPlusProperties' of type [com.baomidou.mybatisplus.autoconfigure.MybatisPlusProperties] is not eligible for getting processed by all BeanPostProcessors (for example: not eligible for auto-proxying)
2019-06-13 16:41:08.577 INFO [main]o.s.c.s.PostProcessorRegistrationDelegate$BeanPostProcessorChecker.postProcessAfterInitialization:330 -Bean 'mybatisPlusConfig' of type [com.cjw.springbootstarter.config.MybatisPlusConfig$$EnhancerBySpringCGLIB$$799ce3b6] is not eligible for getting processed by all BeanPostProcessors (for example: not eligible for auto-proxying)
2019-06-13 16:41:08.584 INFO [main]o.s.c.s.PostProcessorRegistrationDelegate$BeanPostProcessorChecker.postProcessAfterInitialization:330 -Bean 'paginationInterceptor' of type [com.baomidou.mybatisplus.extension.plugins.PaginationInterceptor] is not eligible for getting processed by all BeanPostProcessors (for example: not eligible for auto-proxying)
2019-06-13 16:41:08.591 INFO [main]o.s.c.s.PostProcessorRegistrationDelegate$BeanPostProcessorChecker.postProcessAfterInitialization:330 -Bean 'com.baomidou.mybatisplus.autoconfigure.MybatisPlusAutoConfiguration' of type [com.baomidou.mybatisplus.autoconfigure.MybatisPlusAutoConfiguration$$EnhancerBySpringCGLIB$$ad7c10bf] is not eligible for getting processed by all BeanPostProcessors (for example: not eligible for auto-proxying)
2019-06-13 16:41:08.593 INFO [main]o.s.c.s.PostProcessorRegistrationDelegate$BeanPostProcessorChecker.postProcessAfterInitialization:330 -Bean 'org.springframework.boot.autoconfigure.jdbc.DataSourceConfiguration$Generic' of type [org.springframework.boot.autoconfigure.jdbc.DataSourceConfiguration$Generic] is not eligible for getting processed by all BeanPostProcessors (for example: not eligible for auto-proxying)
2019-06-13 16:41:08.606 INFO [main]o.s.c.s.PostProcessorRegistrationDelegate$BeanPostProcessorChecker.postProcessAfterInitialization:330 -Bean 'spring.datasource-org.springframework.boot.autoconfigure.jdbc.DataSourceProperties' of type [org.springframework.boot.autoconfigure.jdbc.DataSourceProperties] is not eligible for getting processed by all BeanPostProcessors (for example: not eligible for auto-proxying)
2019-06-13 16:41:08.650 INFO [main]o.s.c.s.PostProcessorRegistrationDelegate$BeanPostProcessorChecker.postProcessAfterInitialization:330 -Bean 'dataSource' of type [com.alibaba.druid.pool.DruidDataSource] is not eligible for getting processed by all BeanPostProcessors (for example: not eligible for auto-proxying)
2019-06-13 16:41:08.745 INFO [main]com.alibaba.druid.pool.DruidDataSource.init:922 -{dataSource-1} inited
2019-06-13 16:41:08.878 INFO [main]o.s.c.s.PostProcessorRegistrationDelegate$BeanPostProcessorChecker.postProcessAfterInitialization:330 -Bean 'sqlSessionFactory' of type [org.apache.ibatis.session.defaults.DefaultSqlSessionFactory] is not eligible for getting processed by all BeanPostProcessors (for example: not eligible for auto-proxying)
2019-06-13 16:41:08.886 INFO [main]o.s.c.s.PostProcessorRegistrationDelegate$BeanPostProcessorChecker.postProcessAfterInitialization:330 -Bean 'sqlSessionTemplate' of type [org.mybatis.spring.SqlSessionTemplate] is not eligible for getting processed by all BeanPostProcessors (for example: not eligible for auto-proxying)
2019-06-13 16:41:09.075 INFO [main]o.s.c.s.PostProcessorRegistrationDelegate$BeanPostProcessorChecker.postProcessAfterInitialization:330 -Bean 'userMapper' of type [org.mybatis.spring.mapper.MapperFactoryBean] is not eligible for getting processed by all BeanPostProcessors (for example: not eligible for auto-proxying)
2019-06-13 16:41:09.077 INFO [main]o.s.c.s.PostProcessorRegistrationDelegate$BeanPostProcessorChecker.postProcessAfterInitialization:330 -Bean 'userMapper' of type [com.sun.proxy.$Proxy71] is not eligible for getting processed by all BeanPostProcessors (for example: not eligible for auto-proxying)
2019-06-13 16:41:09.112 INFO [main]o.s.c.s.PostProcessorRegistrationDelegate$BeanPostProcessorChecker.postProcessAfterInitialization:330 -Bean 'roleUserMapper' of type [org.mybatis.spring.mapper.MapperFactoryBean] is not eligible for getting processed by all BeanPostProcessors (for example: not eligible for auto-proxying)
2019-06-13 16:41:09.113 INFO [main]o.s.c.s.PostProcessorRegistrationDelegate$BeanPostProcessorChecker.postProcessAfterInitialization:330 -Bean 'roleUserMapper' of type [com.sun.proxy.$Proxy72] is not eligible for getting processed by all BeanPostProcessors (for example: not eligible for auto-proxying)
2019-06-13 16:41:09.114 INFO [main]o.s.c.s.PostProcessorRegistrationDelegate$BeanPostProcessorChecker.postProcessAfterInitialization:330 -Bean 'userServiceImpl' of type [com.cjw.springbootstarter.service.impl.UserServiceImpl] is not eligible for getting processed by all BeanPostProcessors (for example: not eligible for auto-proxying)
2019-06-13 16:41:09.115 INFO [main]o.s.c.s.PostProcessorRegistrationDelegate$BeanPostProcessorChecker.postProcessAfterInitialization:330 -Bean 'myShiroRealm' of type [com.cjw.springbootstarter.base.MyShiroRealm] is not eligible for getting processed by all BeanPostProcessors (for example: not eligible for auto-proxying)
2019-06-13 16:41:09.119 INFO [main]o.s.c.s.PostProcessorRegistrationDelegate$BeanPostProcessorChecker.postProcessAfterInitialization:330 -Bean 'securityManager' of type [org.apache.shiro.web.mgt.DefaultWebSecurityManager] is not eligible for getting processed by all BeanPostProcessors (for example: not eligible for auto-proxying)
2019-06-13 16:41:09.172 INFO [main]o.s.c.s.PostProcessorRegistrationDelegate$BeanPostProcessorChecker.postProcessAfterInitialization:330 -Bean 'lettuceRedisConfig' of type [com.cjw.springbootstarter.config.LettuceRedisConfig$$EnhancerBySpringCGLIB$$6464d4ec] is not eligible for getting processed by all BeanPostProcessors (for example: not eligible for auto-proxying)
2019-06-13 16:41:09.190 INFO [main]o.s.c.s.PostProcessorRegistrationDelegate$BeanPostProcessorChecker.postProcessAfterInitialization:330 -Bean 'org.springframework.transaction.annotation.ProxyTransactionManagementConfiguration' of type [org.springframework.transaction.annotation.ProxyTransactionManagementConfiguration$$EnhancerBySpringCGLIB$$6fb3a425] is not eligible for getting processed by all BeanPostProcessors (for example: not eligible for auto-proxying)
2019-06-13 16:41:09.201 INFO [main]o.s.c.s.PostProcessorRegistrationDelegate$BeanPostProcessorChecker.postProcessAfterInitialization:330 -Bean 'authorizationAttributeSourceAdvisor' of type [org.apache.shiro.spring.security.interceptor.AuthorizationAttributeSourceAdvisor] is not eligible for getting processed by all BeanPostProcessors (for example: not eligible for auto-proxying)
2019-06-13 16:41:09.592 INFO [main]o.s.boot.web.embedded.tomcat.TomcatWebServer.initialize:90 -Tomcat initialized with port(s): 9999 (http)
2019-06-13 16:41:09.608 INFO [main]org.apache.coyote.http11.Http11NioProtocol.log:173 -Initializing ProtocolHandler ["http-nio-9999"]
2019-06-13 16:41:09.615 INFO [main]org.apache.catalina.core.StandardService.log:173 -Starting service [Tomcat]
2019-06-13 16:41:09.616 INFO [main]org.apache.catalina.core.StandardEngine.log:173 -Starting Servlet engine: [Apache Tomcat/9.0.14]
2019-06-13 16:41:09.622 INFO [main]org.apache.catalina.core.AprLifecycleListener.log:173 -The APR based Apache Tomcat Native library which allows optimal performance in production environments was not found on the java.library.path: [D:\Java\jdk1.8.0_40\bin;C:\WINDOWS\Sun\Java\bin;C:\WINDOWS\system32;C:\WINDOWS;D:\Anaconda3;D:\Anaconda3\Library\mingw-w64\bin;D:\Anaconda3\Library\usr\bin;D:\Anaconda3\Library\bin;D:\Anaconda3\Scripts;D:\python3\Scripts\;D:\python3\;C:\Python27\Cesium;C:\Program Files (x86)\GDAL;D:\mysql-5.6.22\bin;D:\Java\jdk1.8.0_40\bin;D:\Java\jdk1.8.0_40\jre\bin;D:\app\yao\product\11.2.0\client_1\bin;C:\ProgramData\Oracle\Java\javapath;C:\Program Files (x86)\Intel\iCLS Client\;C:\Program Files\Intel\iCLS Client\;C:\Windows\system32;C:\Windows;C:\Windows\System32\Wbem;C:\Windows\System32\WindowsPowerShell\v1.0\;C:\Program Files (x86)\Intel\Intel(R) Management Engine Components\DAL;C:\Program Files\Intel\Intel(R) Management Engine Components\DAL;C:\Program Files (x86)\Intel\Intel(R) Management Engine Components\IPT;C:\Program Files\Intel\Intel(R) Management Engine Components\IPT;C:\Program Files (x86)\NVIDIA Corporation\PhysX\Common;C:\Program Files\Microsoft\Web Platform Installer\;C:\Program Files (x86)\Microsoft ASP.NET\ASP.NET Web Pages\v1.0\;C:\Program Files (x86)\Windows Kits\8.0\Windows Performance Toolkit\;C:\Program Files\Microsoft SQL Server\110\Tools\Binn\;D:\VisualSVN\bin;D:\TortoiseSVN\bin;D:\ArcGIS\Desktop10.2\bin;C:\Windows\System32;C:\WINDOWS\system32;C:\WINDOWS;C:\WINDOWS\System32\Wbem;C:\WINDOWS\System32\WindowsPowerShell\v1.0\;D:\nodejs\;C:\WINDOWS\System32\WindowsPowerShell\v1.0\;C:\WINDOWS\System32\OpenSSH\;C:\windows\system32;D:\Git\cmd;E:\Â≠¶‰π†ÁßØÁ¥Ø\ÁΩëÁªúÁà¨Ëô´-python\phantomjs-2.1.1-windows\bin;E:\Â≠¶‰π†ÁßØÁ¥Ø\ÁΩëÁªúÁà¨Ëô´-python\chromedriver;C:\Program Files\Intel\WiFi\bin\;C:\Program Files\Common Files\Intel\WirelessCommon\;D:\Microsoft VS Code\bin;C:\Users\yao.YAO-PC\AppData\Local\Microsoft\WindowsApps;D:\Fiddler;C:\Users\yao.YAO-PC\AppData\Local\Microsoft\WindowsApps;C:\Users\yao.YAO-PC\AppData\Roaming\npm;D:\Microsoft VS Code\bin;D:\IntelliJ IDEA 2018.1.4\plugins\maven\lib\maven3\bin;;.]
2019-06-13 16:41:09.737 INFO [main]o.a.catalina.core.ContainerBase.[Tomcat].[localhost].[/].log:173 -Initializing Spring embedded WebApplicationContext
2019-06-13 16:41:09.737 INFO [main]org.springframework.web.context.ContextLoader.prepareWebApplicationContext:296 -Root WebApplicationContext: initialization completed in 2760 ms
2019-06-13 16:41:11.307 WARN [main]config.setReconnectionTimeout:283 -'reconnectionTimeout' setting in unavailable. Please use 'failedSlaveReconnectionInterval' setting instead!
2019-06-13 16:41:11.308 WARN [main]config.setFailedAttempts:292 -'failedAttempts' setting in unavailable. Please use 'failedSlaveCheckInterval' setting instead!
2019-06-13 16:41:11.420 INFO [main]org.redisson.Version.logVersion:41 -Redisson 3.9.1
2019-06-13 16:41:12.041 INFO [redisson-netty-4-16]org.redisson.connection.pool.MasterPubSubConnectionPool.operationComplete:168 -1 connections initialized for localhost/127.0.0.1:6379
2019-06-13 16:41:12.042 INFO [redisson-netty-4-4]org.redisson.connection.pool.MasterConnectionPool.operationComplete:168 -32 connections initialized for localhost/127.0.0.1:6379
2019-06-13 16:41:12.580 INFO [main]s.d.s.web.PropertySourcedRequestMappingHandlerMapping.initHandlerMethods:69 -Mapped URL path [/v2/api-docs] onto method [public org.springframework.http.ResponseEntity<springfox.documentation.spring.web.json.Json> springfox.documentation.swagger2.web.Swagger2Controller.getDocumentation(java.lang.String,javax.servlet.http.HttpServletRequest)]
2019-06-13 16:41:12.837 INFO [main]o.s.scheduling.concurrent.ThreadPoolTaskExecutor.initialize:171 -Initializing ExecutorService 'applicationTaskExecutor'
2019-06-13 16:41:13.614 INFO [main]io.lettuce.core.EpollProvider.<clinit>:68 -Starting without optional epoll library
2019-06-13 16:41:13.615 INFO [main]io.lettuce.core.KqueueProvider.<clinit>:70 -Starting without optional kqueue library
2019-06-13 16:41:13.745 INFO [main]s.d.spring.web.plugins.DocumentationPluginsBootstrapper.start:147 -Context refreshed
2019-06-13 16:41:13.760 INFO [main]s.d.spring.web.plugins.DocumentationPluginsBootstrapper.start:150 -Found 1 custom documentation plugin(s)
2019-06-13 16:41:13.794 INFO [main]s.d.spring.web.scanners.ApiListingReferenceScanner.scan:41 -Scanning for api listing references
2019-06-13 16:41:14.541 INFO [main]o.s.s.annotation.ScheduledAnnotationBeanPostProcessor.finishRegistration:295 -No TaskScheduler/ScheduledExecutorService bean found for scheduled processing
2019-06-13 16:41:14.551 INFO [main]org.apache.coyote.http11.Http11NioProtocol.log:173 -Starting ProtocolHandler ["http-nio-9999"]
2019-06-13 16:41:14.567 INFO [main]o.s.boot.web.embedded.tomcat.TomcatWebServer.start:204 -Tomcat started on port(s): 9999 (http) with context path ''
2019-06-13 16:41:14.570 INFO [main]com.cjw.springbootstarter.SpringbootStarterApplication.logStarted:59 -Started SpringbootStarterApplication in 8.112 seconds (JVM running for 10.216)
2019-06-13 16:41:14.573 INFO [main]com.cjw.springbootstarter.base.ApplicationReady.onApplicationEvent:46 -Êï∞ÊçÆÂ∫ìÈÉ®ÂàÜÂÜÖÂÆπËØªÂÖ•Âà∞ÂÖ®Â±ÄÁºìÂ≠ò...
2019-06-13 16:41:14.657 INFO [main]com.cjw.springbootstarter.base.ApplicationReady.onApplicationEvent:49 -Êï∞ÊçÆÂ∫ìÈÉ®ÂàÜÂÜÖÂÆπËØªÂÖ•Âà∞ÂÖ®Â±ÄÁºìÂ≠òÂÆåÊàêÔºÅ
2019-06-13 16:41:18.065 INFO [http-nio-9999-exec-1]o.a.catalina.core.ContainerBase.[Tomcat].[localhost].[/].log:173 -Initializing Spring DispatcherServlet 'dispatcherServlet'
2019-06-13 16:41:18.065 INFO [http-nio-9999-exec-1]org.springframework.web.servlet.DispatcherServlet.initServletBean:524 -Initializing Servlet 'dispatcherServlet'
2019-06-13 16:41:18.074 INFO [http-nio-9999-exec-1]org.springframework.web.servlet.DispatcherServlet.initServletBean:546 -Completed initialization in 9 ms
2019-06-13 16:44:36.776 INFO [main]com.cjw.springbootstarter.SpringbootStarterApplication.logStarting:50 -Starting SpringbootStarterApplication on YAO-PC with PID 2800 (C:\Users\yao.YAO-PC\Desktop\springboot-gs\target\classes started by yao in C:\Users\yao.YAO-PC\Desktop\springboot-gs)
2019-06-13 16:44:36.780 INFO [main]com.cjw.springbootstarter.SpringbootStarterApplication.logStartupProfileInfo:675 -No active profile set, falling back to default profiles: default
2019-06-13 16:44:37.759 INFO [main]o.s.d.repository.config.RepositoryConfigurationDelegate.multipleStoresDetected:244 -Multiple Spring Data modules found, entering strict repository configuration mode!
2019-06-13 16:44:37.761 INFO [main]o.s.d.repository.config.RepositoryConfigurationDelegate.registerRepositoriesIn:126 -Bootstrapping Spring Data repositories in DEFAULT mode.
2019-06-13 16:44:37.813 INFO [main]o.s.d.repository.config.RepositoryConfigurationDelegate.registerRepositoriesIn:182 -Finished Spring Data repository scanning in 38ms. Found 0 repository interfaces.
2019-06-13 16:44:38.148 INFO [main]o.s.c.s.PostProcessorRegistrationDelegate$BeanPostProcessorChecker.postProcessAfterInitialization:330 -Bean 'shiroConfig' of type [com.cjw.springbootstarter.config.ShiroConfig$$EnhancerBySpringCGLIB$$e2a3d5b9] is not eligible for getting processed by all BeanPostProcessors (for example: not eligible for auto-proxying)
2019-06-13 16:44:38.303 INFO [main]o.s.c.s.PostProcessorRegistrationDelegate$BeanPostProcessorChecker.postProcessAfterInitialization:330 -Bean 'hashedCredentialsMatcher' of type [org.apache.shiro.authc.credential.HashedCredentialsMatcher] is not eligible for getting processed by all BeanPostProcessors (for example: not eligible for auto-proxying)
2019-06-13 16:44:38.351 INFO [main]o.s.c.s.PostProcessorRegistrationDelegate$BeanPostProcessorChecker.postProcessAfterInitialization:330 -Bean 'mybatis-plus-com.baomidou.mybatisplus.autoconfigure.MybatisPlusProperties' of type [com.baomidou.mybatisplus.autoconfigure.MybatisPlusProperties] is not eligible for getting processed by all BeanPostProcessors (for example: not eligible for auto-proxying)
2019-06-13 16:44:38.357 INFO [main]o.s.c.s.PostProcessorRegistrationDelegate$BeanPostProcessorChecker.postProcessAfterInitialization:330 -Bean 'mybatisPlusConfig' of type [com.cjw.springbootstarter.config.MybatisPlusConfig$$EnhancerBySpringCGLIB$$40abb695] is not eligible for getting processed by all BeanPostProcessors (for example: not eligible for auto-proxying)
2019-06-13 16:44:38.365 INFO [main]o.s.c.s.PostProcessorRegistrationDelegate$BeanPostProcessorChecker.postProcessAfterInitialization:330 -Bean 'paginationInterceptor' of type [com.baomidou.mybatisplus.extension.plugins.PaginationInterceptor] is not eligible for getting processed by all BeanPostProcessors (for example: not eligible for auto-proxying)
2019-06-13 16:44:38.370 INFO [main]o.s.c.s.PostProcessorRegistrationDelegate$BeanPostProcessorChecker.postProcessAfterInitialization:330 -Bean 'com.baomidou.mybatisplus.autoconfigure.MybatisPlusAutoConfiguration' of type [com.baomidou.mybatisplus.autoconfigure.MybatisPlusAutoConfiguration$$EnhancerBySpringCGLIB$$748ae39e] is not eligible for getting processed by all BeanPostProcessors (for example: not eligible for auto-proxying)
2019-06-13 16:44:38.372 INFO [main]o.s.c.s.PostProcessorRegistrationDelegate$BeanPostProcessorChecker.postProcessAfterInitialization:330 -Bean 'org.springframework.boot.autoconfigure.jdbc.DataSourceConfiguration$Generic' of type [org.springframework.boot.autoconfigure.jdbc.DataSourceConfiguration$Generic] is not eligible for getting processed by all BeanPostProcessors (for example: not eligible for auto-proxying)
2019-06-13 16:44:38.386 INFO [main]o.s.c.s.PostProcessorRegistrationDelegate$BeanPostProcessorChecker.postProcessAfterInitialization:330 -Bean 'spring.datasource-org.springframework.boot.autoconfigure.jdbc.DataSourceProperties' of type [org.springframework.boot.autoconfigure.jdbc.DataSourceProperties] is not eligible for getting processed by all BeanPostProcessors (for example: not eligible for auto-proxying)
2019-06-13 16:44:38.433 INFO [main]o.s.c.s.PostProcessorRegistrationDelegate$BeanPostProcessorChecker.postProcessAfterInitialization:330 -Bean 'dataSource' of type [com.alibaba.druid.pool.DruidDataSource] is not eligible for getting processed by all BeanPostProcessors (for example: not eligible for auto-proxying)
2019-06-13 16:44:38.525 INFO [main]com.alibaba.druid.pool.DruidDataSource.init:922 -{dataSource-1} inited
2019-06-13 16:44:38.693 INFO [main]o.s.c.s.PostProcessorRegistrationDelegate$BeanPostProcessorChecker.postProcessAfterInitialization:330 -Bean 'sqlSessionFactory' of type [org.apache.ibatis.session.defaults.DefaultSqlSessionFactory] is not eligible for getting processed by all BeanPostProcessors (for example: not eligible for auto-proxying)
2019-06-13 16:44:38.698 INFO [main]o.s.c.s.PostProcessorRegistrationDelegate$BeanPostProcessorChecker.postProcessAfterInitialization:330 -Bean 'sqlSessionTemplate' of type [org.mybatis.spring.SqlSessionTemplate] is not eligible for getting processed by all BeanPostProcessors (for example: not eligible for auto-proxying)
2019-06-13 16:44:38.814 INFO [main]o.s.c.s.PostProcessorRegistrationDelegate$BeanPostProcessorChecker.postProcessAfterInitialization:330 -Bean 'userMapper' of type [org.mybatis.spring.mapper.MapperFactoryBean] is not eligible for getting processed by all BeanPostProcessors (for example: not eligible for auto-proxying)
2019-06-13 16:44:38.816 INFO [main]o.s.c.s.PostProcessorRegistrationDelegate$BeanPostProcessorChecker.postProcessAfterInitialization:330 -Bean 'userMapper' of type [com.sun.proxy.$Proxy71] is not eligible for getting processed by all BeanPostProcessors (for example: not eligible for auto-proxying)
2019-06-13 16:44:38.843 INFO [main]o.s.c.s.PostProcessorRegistrationDelegate$BeanPostProcessorChecker.postProcessAfterInitialization:330 -Bean 'roleUserMapper' of type [org.mybatis.spring.mapper.MapperFactoryBean] is not eligible for getting processed by all BeanPostProcessors (for example: not eligible for auto-proxying)
2019-06-13 16:44:38.844 INFO [main]o.s.c.s.PostProcessorRegistrationDelegate$BeanPostProcessorChecker.postProcessAfterInitialization:330 -Bean 'roleUserMapper' of type [com.sun.proxy.$Proxy72] is not eligible for getting processed by all BeanPostProcessors (for example: not eligible for auto-proxying)
2019-06-13 16:44:38.845 INFO [main]o.s.c.s.PostProcessorRegistrationDelegate$BeanPostProcessorChecker.postProcessAfterInitialization:330 -Bean 'userServiceImpl' of type [com.cjw.springbootstarter.service.impl.UserServiceImpl] is not eligible for getting processed by all BeanPostProcessors (for example: not eligible for auto-proxying)
2019-06-13 16:44:38.846 INFO [main]o.s.c.s.PostProcessorRegistrationDelegate$BeanPostProcessorChecker.postProcessAfterInitialization:330 -Bean 'myShiroRealm' of type [com.cjw.springbootstarter.base.MyShiroRealm] is not eligible for getting processed by all BeanPostProcessors (for example: not eligible for auto-proxying)
2019-06-13 16:44:38.849 INFO [main]o.s.c.s.PostProcessorRegistrationDelegate$BeanPostProcessorChecker.postProcessAfterInitialization:330 -Bean 'securityManager' of type [org.apache.shiro.web.mgt.DefaultWebSecurityManager] is not eligible for getting processed by all BeanPostProcessors (for example: not eligible for auto-proxying)
2019-06-13 16:44:38.897 INFO [main]o.s.c.s.PostProcessorRegistrationDelegate$BeanPostProcessorChecker.postProcessAfterInitialization:330 -Bean 'lettuceRedisConfig' of type [com.cjw.springbootstarter.config.LettuceRedisConfig$$EnhancerBySpringCGLIB$$2b73a7cb] is not eligible for getting processed by all BeanPostProcessors (for example: not eligible for auto-proxying)
2019-06-13 16:44:38.917 INFO [main]o.s.c.s.PostProcessorRegistrationDelegate$BeanPostProcessorChecker.postProcessAfterInitialization:330 -Bean 'org.springframework.transaction.annotation.ProxyTransactionManagementConfiguration' of type [org.springframework.transaction.annotation.ProxyTransactionManagementConfiguration$$EnhancerBySpringCGLIB$$36c27704] is not eligible for getting processed by all BeanPostProcessors (for example: not eligible for auto-proxying)
2019-06-13 16:44:38.929 INFO [main]o.s.c.s.PostProcessorRegistrationDelegate$BeanPostProcessorChecker.postProcessAfterInitialization:330 -Bean 'authorizationAttributeSourceAdvisor' of type [org.apache.shiro.spring.security.interceptor.AuthorizationAttributeSourceAdvisor] is not eligible for getting processed by all BeanPostProcessors (for example: not eligible for auto-proxying)
2019-06-13 16:44:39.335 INFO [main]o.s.boot.web.embedded.tomcat.TomcatWebServer.initialize:90 -Tomcat initialized with port(s): 9999 (http)
2019-06-13 16:44:39.348 INFO [main]org.apache.coyote.http11.Http11NioProtocol.log:173 -Initializing ProtocolHandler ["http-nio-9999"]
2019-06-13 16:44:39.356 INFO [main]org.apache.catalina.core.StandardService.log:173 -Starting service [Tomcat]
2019-06-13 16:44:39.356 INFO [main]org.apache.catalina.core.StandardEngine.log:173 -Starting Servlet engine: [Apache Tomcat/9.0.14]
2019-06-13 16:44:39.362 INFO [main]org.apache.catalina.core.AprLifecycleListener.log:173 -The APR based Apache Tomcat Native library which allows optimal performance in production environments was not found on the java.library.path: [D:\Java\jdk1.8.0_40\bin;C:\WINDOWS\Sun\Java\bin;C:\WINDOWS\system32;C:\WINDOWS;D:\Anaconda3;D:\Anaconda3\Library\mingw-w64\bin;D:\Anaconda3\Library\usr\bin;D:\Anaconda3\Library\bin;D:\Anaconda3\Scripts;D:\python3\Scripts\;D:\python3\;C:\Python27\Cesium;C:\Program Files (x86)\GDAL;D:\mysql-5.6.22\bin;D:\Java\jdk1.8.0_40\bin;D:\Java\jdk1.8.0_40\jre\bin;D:\app\yao\product\11.2.0\client_1\bin;C:\ProgramData\Oracle\Java\javapath;C:\Program Files (x86)\Intel\iCLS Client\;C:\Program Files\Intel\iCLS Client\;C:\Windows\system32;C:\Windows;C:\Windows\System32\Wbem;C:\Windows\System32\WindowsPowerShell\v1.0\;C:\Program Files (x86)\Intel\Intel(R) Management Engine Components\DAL;C:\Program Files\Intel\Intel(R) Management Engine Components\DAL;C:\Program Files (x86)\Intel\Intel(R) Management Engine Components\IPT;C:\Program Files\Intel\Intel(R) Management Engine Components\IPT;C:\Program Files (x86)\NVIDIA Corporation\PhysX\Common;C:\Program Files\Microsoft\Web Platform Installer\;C:\Program Files (x86)\Microsoft ASP.NET\ASP.NET Web Pages\v1.0\;C:\Program Files (x86)\Windows Kits\8.0\Windows Performance Toolkit\;C:\Program Files\Microsoft SQL Server\110\Tools\Binn\;D:\VisualSVN\bin;D:\TortoiseSVN\bin;D:\ArcGIS\Desktop10.2\bin;C:\Windows\System32;C:\WINDOWS\system32;C:\WINDOWS;C:\WINDOWS\System32\Wbem;C:\WINDOWS\System32\WindowsPowerShell\v1.0\;D:\nodejs\;C:\WINDOWS\System32\WindowsPowerShell\v1.0\;C:\WINDOWS\System32\OpenSSH\;C:\windows\system32;D:\Git\cmd;E:\Â≠¶‰π†ÁßØÁ¥Ø\ÁΩëÁªúÁà¨Ëô´-python\phantomjs-2.1.1-windows\bin;E:\Â≠¶‰π†ÁßØÁ¥Ø\ÁΩëÁªúÁà¨Ëô´-python\chromedriver;C:\Program Files\Intel\WiFi\bin\;C:\Program Files\Common Files\Intel\WirelessCommon\;D:\Microsoft VS Code\bin;C:\Users\yao.YAO-PC\AppData\Local\Microsoft\WindowsApps;D:\Fiddler;C:\Users\yao.YAO-PC\AppData\Local\Microsoft\WindowsApps;C:\Users\yao.YAO-PC\AppData\Roaming\npm;D:\Microsoft VS Code\bin;D:\IntelliJ IDEA 2018.1.4\plugins\maven\lib\maven3\bin;;.]
2019-06-13 16:44:39.479 INFO [main]o.a.catalina.core.ContainerBase.[Tomcat].[localhost].[/].log:173 -Initializing Spring embedded WebApplicationContext
2019-06-13 16:44:39.479 INFO [main]org.springframework.web.context.ContextLoader.prepareWebApplicationContext:296 -Root WebApplicationContext: initialization completed in 2660 ms
2019-06-13 16:44:40.829 WARN [main]config.setReconnectionTimeout:283 -'reconnectionTimeout' setting in unavailable. Please use 'failedSlaveReconnectionInterval' setting instead!
2019-06-13 16:44:40.829 WARN [main]config.setFailedAttempts:292 -'failedAttempts' setting in unavailable. Please use 'failedSlaveCheckInterval' setting instead!
2019-06-13 16:44:40.936 INFO [main]org.redisson.Version.logVersion:41 -Redisson 3.9.1
2019-06-13 16:44:41.488 INFO [redisson-netty-4-2]org.redisson.connection.pool.MasterPubSubConnectionPool.operationComplete:168 -1 connections initialized for localhost/127.0.0.1:6379
2019-06-13 16:44:41.489 INFO [redisson-netty-4-5]org.redisson.connection.pool.MasterConnectionPool.operationComplete:168 -32 connections initialized for localhost/127.0.0.1:6379
2019-06-13 16:44:42.002 INFO [main]s.d.s.web.PropertySourcedRequestMappingHandlerMapping.initHandlerMethods:69 -Mapped URL path [/v2/api-docs] onto method [public org.springframework.http.ResponseEntity<springfox.documentation.spring.web.json.Json> springfox.documentation.swagger2.web.Swagger2Controller.getDocumentation(java.lang.String,javax.servlet.http.HttpServletRequest)]
2019-06-13 16:44:42.260 INFO [main]o.s.scheduling.concurrent.ThreadPoolTaskExecutor.initialize:171 -Initializing ExecutorService 'applicationTaskExecutor'
2019-06-13 16:44:43.004 INFO [main]io.lettuce.core.EpollProvider.<clinit>:68 -Starting without optional epoll library
2019-06-13 16:44:43.006 INFO [main]io.lettuce.core.KqueueProvider.<clinit>:70 -Starting without optional kqueue library
2019-06-13 16:44:43.129 INFO [main]s.d.spring.web.plugins.DocumentationPluginsBootstrapper.start:147 -Context refreshed
2019-06-13 16:44:43.143 INFO [main]s.d.spring.web.plugins.DocumentationPluginsBootstrapper.start:150 -Found 1 custom documentation plugin(s)
2019-06-13 16:44:43.176 INFO [main]s.d.spring.web.scanners.ApiListingReferenceScanner.scan:41 -Scanning for api listing references
2019-06-13 16:44:43.924 INFO [main]o.s.s.annotation.ScheduledAnnotationBeanPostProcessor.finishRegistration:295 -No TaskScheduler/ScheduledExecutorService bean found for scheduled processing
2019-06-13 16:44:43.935 INFO [main]org.apache.coyote.http11.Http11NioProtocol.log:173 -Starting ProtocolHandler ["http-nio-9999"]
2019-06-13 16:44:43.950 INFO [main]o.s.boot.web.embedded.tomcat.TomcatWebServer.start:204 -Tomcat started on port(s): 9999 (http) with context path ''
2019-06-13 16:44:43.953 INFO [main]com.cjw.springbootstarter.SpringbootStarterApplication.logStarted:59 -Started SpringbootStarterApplication in 7.611 seconds (JVM running for 10.132)
2019-06-13 16:44:43.956 INFO [main]com.cjw.springbootstarter.base.ApplicationReady.onApplicationEvent:46 -Êï∞ÊçÆÂ∫ìÈÉ®ÂàÜÂÜÖÂÆπËØªÂÖ•Âà∞ÂÖ®Â±ÄÁºìÂ≠ò...
2019-06-13 16:44:44.040 INFO [main]com.cjw.springbootstarter.base.ApplicationReady.onApplicationEvent:49 -Êï∞ÊçÆÂ∫ìÈÉ®ÂàÜÂÜÖÂÆπËØªÂÖ•Âà∞ÂÖ®Â±ÄÁºìÂ≠òÂÆåÊàêÔºÅ
2019-06-13 16:44:51.313 INFO [http-nio-9999-exec-1]o.a.catalina.core.ContainerBase.[Tomcat].[localhost].[/].log:173 -Initializing Spring DispatcherServlet 'dispatcherServlet'
2019-06-13 16:44:51.314 INFO [http-nio-9999-exec-1]org.springframework.web.servlet.DispatcherServlet.initServletBean:524 -Initializing Servlet 'dispatcherServlet'
2019-06-13 16:44:51.323 INFO [http-nio-9999-exec-1]org.springframework.web.servlet.DispatcherServlet.initServletBean:546 -Completed initialization in 9 ms
2019-06-13 16:45:19.985 INFO [http-nio-9999-exec-3]org.apache.http.impl.execchain.RetryExec.execute:97 -I/O exception (java.net.SocketException) caught when processing request to {}->http://localhost:6080: Software caused connection abort: recv failed
2019-06-13 16:45:19.986 INFO [http-nio-9999-exec-3]org.apache.http.impl.execchain.RetryExec.execute:113 -Retrying request to {}->http://localhost:6080
2019-06-13 16:45:41.118 INFO [http-nio-9999-exec-5]com.cjw.springbootstarter.service.impl.ArcGpServiceImpl.resultForStatistics:170 -‰ªéredisËé∑ÂèñÂàÜÊûêÁªìÊûú
2019-06-13 17:47:39.780 INFO [main]com.cjw.springbootstarter.SpringbootStarterApplication.logStarting:50 -Starting SpringbootStarterApplication on YAO-PC with PID 8068 (C:\Users\yao.YAO-PC\Desktop\springboot-gs\target\classes started by yao in C:\Users\yao.YAO-PC\Desktop\springboot-gs)
2019-06-13 17:47:39.784 INFO [main]com.cjw.springbootstarter.SpringbootStarterApplication.logStartupProfileInfo:675 -No active profile set, falling back to default profiles: default
2019-06-13 17:47:40.899 INFO [main]o.s.d.repository.config.RepositoryConfigurationDelegate.multipleStoresDetected:244 -Multiple Spring Data modules found, entering strict repository configuration mode!
2019-06-13 17:47:40.902 INFO [main]o.s.d.repository.config.RepositoryConfigurationDelegate.registerRepositoriesIn:126 -Bootstrapping Spring Data repositories in DEFAULT mode.
2019-06-13 17:47:40.960 INFO [main]o.s.d.repository.config.RepositoryConfigurationDelegate.registerRepositoriesIn:182 -Finished Spring Data repository scanning in 43ms. Found 0 repository interfaces.
2019-06-13 17:47:41.324 INFO [main]o.s.c.s.PostProcessorRegistrationDelegate$BeanPostProcessorChecker.postProcessAfterInitialization:330 -Bean 'shiroConfig' of type [com.cjw.springbootstarter.config.ShiroConfig$$EnhancerBySpringCGLIB$$aa6c992c] is not eligible for getting processed by all BeanPostProcessors (for example: not eligible for auto-proxying)
2019-06-13 17:47:41.495 INFO [main]o.s.c.s.PostProcessorRegistrationDelegate$BeanPostProcessorChecker.postProcessAfterInitialization:330 -Bean 'hashedCredentialsMatcher' of type [org.apache.shiro.authc.credential.HashedCredentialsMatcher] is not eligible for getting processed by all BeanPostProcessors (for example: not eligible for auto-proxying)
2019-06-13 17:47:41.575 INFO [main]o.s.c.s.PostProcessorRegistrationDelegate$BeanPostProcessorChecker.postProcessAfterInitialization:330 -Bean 'mybatis-plus-com.baomidou.mybatisplus.autoconfigure.MybatisPlusProperties' of type [com.baomidou.mybatisplus.autoconfigure.MybatisPlusProperties] is not eligible for getting processed by all BeanPostProcessors (for example: not eligible for auto-proxying)
2019-06-13 17:47:41.582 INFO [main]o.s.c.s.PostProcessorRegistrationDelegate$BeanPostProcessorChecker.postProcessAfterInitialization:330 -Bean 'mybatisPlusConfig' of type [com.cjw.springbootstarter.config.MybatisPlusConfig$$EnhancerBySpringCGLIB$$8747a08] is not eligible for getting processed by all BeanPostProcessors (for example: not eligible for auto-proxying)
2019-06-13 17:47:41.590 INFO [main]o.s.c.s.PostProcessorRegistrationDelegate$BeanPostProcessorChecker.postProcessAfterInitialization:330 -Bean 'paginationInterceptor' of type [com.baomidou.mybatisplus.extension.plugins.PaginationInterceptor] is not eligible for getting processed by all BeanPostProcessors (for example: not eligible for auto-proxying)
2019-06-13 17:47:41.596 INFO [main]o.s.c.s.PostProcessorRegistrationDelegate$BeanPostProcessorChecker.postProcessAfterInitialization:330 -Bean 'com.baomidou.mybatisplus.autoconfigure.MybatisPlusAutoConfiguration' of type [com.baomidou.mybatisplus.autoconfigure.MybatisPlusAutoConfiguration$$EnhancerBySpringCGLIB$$3c53a711] is not eligible for getting processed by all BeanPostProcessors (for example: not eligible for auto-proxying)
2019-06-13 17:47:41.598 INFO [main]o.s.c.s.PostProcessorRegistrationDelegate$BeanPostProcessorChecker.postProcessAfterInitialization:330 -Bean 'org.springframework.boot.autoconfigure.jdbc.DataSourceConfiguration$Generic' of type [org.springframework.boot.autoconfigure.jdbc.DataSourceConfiguration$Generic] is not eligible for getting processed by all BeanPostProcessors (for example: not eligible for auto-proxying)
2019-06-13 17:47:41.613 INFO [main]o.s.c.s.PostProcessorRegistrationDelegate$BeanPostProcessorChecker.postProcessAfterInitialization:330 -Bean 'spring.datasource-org.springframework.boot.autoconfigure.jdbc.DataSourceProperties' of type [org.springframework.boot.autoconfigure.jdbc.DataSourceProperties] is not eligible for getting processed by all BeanPostProcessors (for example: not eligible for auto-proxying)
2019-06-13 17:47:41.661 INFO [main]o.s.c.s.PostProcessorRegistrationDelegate$BeanPostProcessorChecker.postProcessAfterInitialization:330 -Bean 'dataSource' of type [com.alibaba.druid.pool.DruidDataSource] is not eligible for getting processed by all BeanPostProcessors (for example: not eligible for auto-proxying)
2019-06-13 17:47:41.757 INFO [main]com.alibaba.druid.pool.DruidDataSource.init:922 -{dataSource-1} inited
2019-06-13 17:47:41.940 INFO [main]o.s.c.s.PostProcessorRegistrationDelegate$BeanPostProcessorChecker.postProcessAfterInitialization:330 -Bean 'sqlSessionFactory' of type [org.apache.ibatis.session.defaults.DefaultSqlSessionFactory] is not eligible for getting processed by all BeanPostProcessors (for example: not eligible for auto-proxying)
2019-06-13 17:47:41.946 INFO [main]o.s.c.s.PostProcessorRegistrationDelegate$BeanPostProcessorChecker.postProcessAfterInitialization:330 -Bean 'sqlSessionTemplate' of type [org.mybatis.spring.SqlSessionTemplate] is not eligible for getting processed by all BeanPostProcessors (for example: not eligible for auto-proxying)
2019-06-13 17:47:42.079 INFO [main]o.s.c.s.PostProcessorRegistrationDelegate$BeanPostProcessorChecker.postProcessAfterInitialization:330 -Bean 'userMapper' of type [org.mybatis.spring.mapper.MapperFactoryBean] is not eligible for getting processed by all BeanPostProcessors (for example: not eligible for auto-proxying)
2019-06-13 17:47:42.081 INFO [main]o.s.c.s.PostProcessorRegistrationDelegate$BeanPostProcessorChecker.postProcessAfterInitialization:330 -Bean 'userMapper' of type [com.sun.proxy.$Proxy72] is not eligible for getting processed by all BeanPostProcessors (for example: not eligible for auto-proxying)
2019-06-13 17:47:42.112 INFO [main]o.s.c.s.PostProcessorRegistrationDelegate$BeanPostProcessorChecker.postProcessAfterInitialization:330 -Bean 'roleUserMapper' of type [org.mybatis.spring.mapper.MapperFactoryBean] is not eligible for getting processed by all BeanPostProcessors (for example: not eligible for auto-proxying)
2019-06-13 17:47:42.114 INFO [main]o.s.c.s.PostProcessorRegistrationDelegate$BeanPostProcessorChecker.postProcessAfterInitialization:330 -Bean 'roleUserMapper' of type [com.sun.proxy.$Proxy73] is not eligible for getting processed by all BeanPostProcessors (for example: not eligible for auto-proxying)
2019-06-13 17:47:42.115 INFO [main]o.s.c.s.PostProcessorRegistrationDelegate$BeanPostProcessorChecker.postProcessAfterInitialization:330 -Bean 'userServiceImpl' of type [com.cjw.springbootstarter.service.impl.UserServiceImpl] is not eligible for getting processed by all BeanPostProcessors (for example: not eligible for auto-proxying)
2019-06-13 17:47:42.116 INFO [main]o.s.c.s.PostProcessorRegistrationDelegate$BeanPostProcessorChecker.postProcessAfterInitialization:330 -Bean 'myShiroRealm' of type [com.cjw.springbootstarter.base.MyShiroRealm] is not eligible for getting processed by all BeanPostProcessors (for example: not eligible for auto-proxying)
2019-06-13 17:47:42.119 INFO [main]o.s.c.s.PostProcessorRegistrationDelegate$BeanPostProcessorChecker.postProcessAfterInitialization:330 -Bean 'securityManager' of type [org.apache.shiro.web.mgt.DefaultWebSecurityManager] is not eligible for getting processed by all BeanPostProcessors (for example: not eligible for auto-proxying)
2019-06-13 17:47:42.176 INFO [main]o.s.c.s.PostProcessorRegistrationDelegate$BeanPostProcessorChecker.postProcessAfterInitialization:330 -Bean 'lettuceRedisConfig' of type [com.cjw.springbootstarter.config.LettuceRedisConfig$$EnhancerBySpringCGLIB$$f33c6b3e] is not eligible for getting processed by all BeanPostProcessors (for example: not eligible for auto-proxying)
2019-06-13 17:47:42.194 INFO [main]o.s.c.s.PostProcessorRegistrationDelegate$BeanPostProcessorChecker.postProcessAfterInitialization:330 -Bean 'org.springframework.transaction.annotation.ProxyTransactionManagementConfiguration' of type [org.springframework.transaction.annotation.ProxyTransactionManagementConfiguration$$EnhancerBySpringCGLIB$$fe8b3a77] is not eligible for getting processed by all BeanPostProcessors (for example: not eligible for auto-proxying)
2019-06-13 17:47:42.206 INFO [main]o.s.c.s.PostProcessorRegistrationDelegate$BeanPostProcessorChecker.postProcessAfterInitialization:330 -Bean 'authorizationAttributeSourceAdvisor' of type [org.apache.shiro.spring.security.interceptor.AuthorizationAttributeSourceAdvisor] is not eligible for getting processed by all BeanPostProcessors (for example: not eligible for auto-proxying)
2019-06-13 17:47:42.612 INFO [main]o.s.boot.web.embedded.tomcat.TomcatWebServer.initialize:90 -Tomcat initialized with port(s): 9999 (http)
2019-06-13 17:47:42.630 INFO [main]org.apache.coyote.http11.Http11NioProtocol.log:173 -Initializing ProtocolHandler ["http-nio-9999"]
2019-06-13 17:47:42.640 INFO [main]org.apache.catalina.core.StandardService.log:173 -Starting service [Tomcat]
2019-06-13 17:47:42.640 INFO [main]org.apache.catalina.core.StandardEngine.log:173 -Starting Servlet engine: [Apache Tomcat/9.0.14]
2019-06-13 17:47:42.648 INFO [main]org.apache.catalina.core.AprLifecycleListener.log:173 -The APR based Apache Tomcat Native library which allows optimal performance in production environments was not found on the java.library.path: [D:\Java\jdk1.8.0_40\bin;C:\WINDOWS\Sun\Java\bin;C:\WINDOWS\system32;C:\WINDOWS;D:\Anaconda3;D:\Anaconda3\Library\mingw-w64\bin;D:\Anaconda3\Library\usr\bin;D:\Anaconda3\Library\bin;D:\Anaconda3\Scripts;D:\python3\Scripts\;D:\python3\;C:\Python27\Cesium;C:\Program Files (x86)\GDAL;D:\mysql-5.6.22\bin;D:\Java\jdk1.8.0_40\bin;D:\Java\jdk1.8.0_40\jre\bin;D:\app\yao\product\11.2.0\client_1\bin;C:\ProgramData\Oracle\Java\javapath;C:\Program Files (x86)\Intel\iCLS Client\;C:\Program Files\Intel\iCLS Client\;C:\Windows\system32;C:\Windows;C:\Windows\System32\Wbem;C:\Windows\System32\WindowsPowerShell\v1.0\;C:\Program Files (x86)\Intel\Intel(R) Management Engine Components\DAL;C:\Program Files\Intel\Intel(R) Management Engine Components\DAL;C:\Program Files (x86)\Intel\Intel(R) Management Engine Components\IPT;C:\Program Files\Intel\Intel(R) Management Engine Components\IPT;C:\Program Files (x86)\NVIDIA Corporation\PhysX\Common;C:\Program Files\Microsoft\Web Platform Installer\;C:\Program Files (x86)\Microsoft ASP.NET\ASP.NET Web Pages\v1.0\;C:\Program Files (x86)\Windows Kits\8.0\Windows Performance Toolkit\;C:\Program Files\Microsoft SQL Server\110\Tools\Binn\;D:\VisualSVN\bin;D:\TortoiseSVN\bin;D:\ArcGIS\Desktop10.2\bin;C:\Windows\System32;C:\WINDOWS\system32;C:\WINDOWS;C:\WINDOWS\System32\Wbem;C:\WINDOWS\System32\WindowsPowerShell\v1.0\;D:\nodejs\;C:\WINDOWS\System32\WindowsPowerShell\v1.0\;C:\WINDOWS\System32\OpenSSH\;C:\windows\system32;D:\Git\cmd;E:\Â≠¶‰π†ÁßØÁ¥Ø\ÁΩëÁªúÁà¨Ëô´-python\phantomjs-2.1.1-windows\bin;E:\Â≠¶‰π†ÁßØÁ¥Ø\ÁΩëÁªúÁà¨Ëô´-python\chromedriver;C:\Program Files\Intel\WiFi\bin\;C:\Program Files\Common Files\Intel\WirelessCommon\;D:\Microsoft VS Code\bin;C:\Users\yao.YAO-PC\AppData\Local\Microsoft\WindowsApps;D:\Fiddler;C:\Users\yao.YAO-PC\AppData\Local\Microsoft\WindowsApps;C:\Users\yao.YAO-PC\AppData\Roaming\npm;D:\Microsoft VS Code\bin;D:\IntelliJ IDEA 2018.1.4\plugins\maven\lib\maven3\bin;;.]
2019-06-13 17:47:42.775 INFO [main]o.a.catalina.core.ContainerBase.[Tomcat].[localhost].[/].log:173 -Initializing Spring embedded WebApplicationContext
2019-06-13 17:47:42.776 INFO [main]org.springframework.web.context.ContextLoader.prepareWebApplicationContext:296 -Root WebApplicationContext: initialization completed in 2942 ms
2019-06-13 17:47:43.239 WARN [main]o.s.b.w.s.c.AnnotationConfigServletWebServerApplicationContext.refresh:554 -Exception encountered during context initialization - cancelling refresh attempt: org.springframework.beans.factory.BeanCreationException: Error creating bean with name 'testSchedule' defined in file [C:\Users\yao.YAO-PC\Desktop\springboot-gs\target\classes\com\cjw\springbootstarter\Schedule\TestSchedule.class]: Initialization of bean failed; nested exception is java.lang.IllegalStateException: Encountered invalid @Scheduled method 'testPrint': Exactly one of the 'cron', 'fixedDelay(String)', or 'fixedRate(String)' attributes is required
2019-06-13 17:47:43.260 INFO [main]com.alibaba.druid.pool.DruidDataSource.close:1817 -{dataSource-1} closed
2019-06-13 17:47:43.262 INFO [main]org.apache.catalina.core.StandardService.log:173 -Stopping service [Tomcat]
2019-06-13 17:47:43.273 INFO [main]o.s.b.a.logging.ConditionEvaluationReportLoggingListener.logMessage:142 -

Error starting ApplicationContext. To display the conditions report re-run your application with 'debug' enabled.
2019-06-13 17:48:20.483 INFO [main]com.cjw.springbootstarter.SpringbootStarterApplication.logStarting:50 -Starting SpringbootStarterApplication on YAO-PC with PID 22380 (C:\Users\yao.YAO-PC\Desktop\springboot-gs\target\classes started by yao in C:\Users\yao.YAO-PC\Desktop\springboot-gs)
2019-06-13 17:48:20.487 INFO [main]com.cjw.springbootstarter.SpringbootStarterApplication.logStartupProfileInfo:675 -No active profile set, falling back to default profiles: default
2019-06-13 17:48:21.527 INFO [main]o.s.d.repository.config.RepositoryConfigurationDelegate.multipleStoresDetected:244 -Multiple Spring Data modules found, entering strict repository configuration mode!
2019-06-13 17:48:21.530 INFO [main]o.s.d.repository.config.RepositoryConfigurationDelegate.registerRepositoriesIn:126 -Bootstrapping Spring Data repositories in DEFAULT mode.
2019-06-13 17:48:21.587 INFO [main]o.s.d.repository.config.RepositoryConfigurationDelegate.registerRepositoriesIn:182 -Finished Spring Data repository scanning in 41ms. Found 0 repository interfaces.
2019-06-13 17:48:21.939 INFO [main]o.s.c.s.PostProcessorRegistrationDelegate$BeanPostProcessorChecker.postProcessAfterInitialization:330 -Bean 'shiroConfig' of type [com.cjw.springbootstarter.config.ShiroConfig$$EnhancerBySpringCGLIB$$b2b659e4] is not eligible for getting processed by all BeanPostProcessors (for example: not eligible for auto-proxying)
2019-06-13 17:48:22.088 INFO [main]o.s.c.s.PostProcessorRegistrationDelegate$BeanPostProcessorChecker.postProcessAfterInitialization:330 -Bean 'hashedCredentialsMatcher' of type [org.apache.shiro.authc.credential.HashedCredentialsMatcher] is not eligible for getting processed by all BeanPostProcessors (for example: not eligible for auto-proxying)
2019-06-13 17:48:22.140 INFO [main]o.s.c.s.PostProcessorRegistrationDelegate$BeanPostProcessorChecker.postProcessAfterInitialization:330 -Bean 'mybatis-plus-com.baomidou.mybatisplus.autoconfigure.MybatisPlusProperties' of type [com.baomidou.mybatisplus.autoconfigure.MybatisPlusProperties] is not eligible for getting processed by all BeanPostProcessors (for example: not eligible for auto-proxying)
2019-06-13 17:48:22.148 INFO [main]o.s.c.s.PostProcessorRegistrationDelegate$BeanPostProcessorChecker.postProcessAfterInitialization:330 -Bean 'mybatisPlusConfig' of type [com.cjw.springbootstarter.config.MybatisPlusConfig$$EnhancerBySpringCGLIB$$10be3ac0] is not eligible for getting processed by all BeanPostProcessors (for example: not eligible for auto-proxying)
2019-06-13 17:48:22.154 INFO [main]o.s.c.s.PostProcessorRegistrationDelegate$BeanPostProcessorChecker.postProcessAfterInitialization:330 -Bean 'paginationInterceptor' of type [com.baomidou.mybatisplus.extension.plugins.PaginationInterceptor] is not eligible for getting processed by all BeanPostProcessors (for example: not eligible for auto-proxying)
2019-06-13 17:48:22.160 INFO [main]o.s.c.s.PostProcessorRegistrationDelegate$BeanPostProcessorChecker.postProcessAfterInitialization:330 -Bean 'com.baomidou.mybatisplus.autoconfigure.MybatisPlusAutoConfiguration' of type [com.baomidou.mybatisplus.autoconfigure.MybatisPlusAutoConfiguration$$EnhancerBySpringCGLIB$$449d67c9] is not eligible for getting processed by all BeanPostProcessors (for example: not eligible for auto-proxying)
2019-06-13 17:48:22.162 INFO [main]o.s.c.s.PostProcessorRegistrationDelegate$BeanPostProcessorChecker.postProcessAfterInitialization:330 -Bean 'org.springframework.boot.autoconfigure.jdbc.DataSourceConfiguration$Generic' of type [org.springframework.boot.autoconfigure.jdbc.DataSourceConfiguration$Generic] is not eligible for getting processed by all BeanPostProcessors (for example: not eligible for auto-proxying)
2019-06-13 17:48:22.176 INFO [main]o.s.c.s.PostProcessorRegistrationDelegate$BeanPostProcessorChecker.postProcessAfterInitialization:330 -Bean 'spring.datasource-org.springframework.boot.autoconfigure.jdbc.DataSourceProperties' of type [org.springframework.boot.autoconfigure.jdbc.DataSourceProperties] is not eligible for getting processed by all BeanPostProcessors (for example: not eligible for auto-proxying)
2019-06-13 17:48:22.223 INFO [main]o.s.c.s.PostProcessorRegistrationDelegate$BeanPostProcessorChecker.postProcessAfterInitialization:330 -Bean 'dataSource' of type [com.alibaba.druid.pool.DruidDataSource] is not eligible for getting processed by all BeanPostProcessors (for example: not eligible for auto-proxying)
2019-06-13 17:48:22.328 INFO [main]com.alibaba.druid.pool.DruidDataSource.init:922 -{dataSource-1} inited
2019-06-13 17:48:22.501 INFO [main]o.s.c.s.PostProcessorRegistrationDelegate$BeanPostProcessorChecker.postProcessAfterInitialization:330 -Bean 'sqlSessionFactory' of type [org.apache.ibatis.session.defaults.DefaultSqlSessionFactory] is not eligible for getting processed by all BeanPostProcessors (for example: not eligible for auto-proxying)
2019-06-13 17:48:22.507 INFO [main]o.s.c.s.PostProcessorRegistrationDelegate$BeanPostProcessorChecker.postProcessAfterInitialization:330 -Bean 'sqlSessionTemplate' of type [org.mybatis.spring.SqlSessionTemplate] is not eligible for getting processed by all BeanPostProcessors (for example: not eligible for auto-proxying)
2019-06-13 17:48:22.634 INFO [main]o.s.c.s.PostProcessorRegistrationDelegate$BeanPostProcessorChecker.postProcessAfterInitialization:330 -Bean 'userMapper' of type [org.mybatis.spring.mapper.MapperFactoryBean] is not eligible for getting processed by all BeanPostProcessors (for example: not eligible for auto-proxying)
2019-06-13 17:48:22.636 INFO [main]o.s.c.s.PostProcessorRegistrationDelegate$BeanPostProcessorChecker.postProcessAfterInitialization:330 -Bean 'userMapper' of type [com.sun.proxy.$Proxy72] is not eligible for getting processed by all BeanPostProcessors (for example: not eligible for auto-proxying)
2019-06-13 17:48:22.668 INFO [main]o.s.c.s.PostProcessorRegistrationDelegate$BeanPostProcessorChecker.postProcessAfterInitialization:330 -Bean 'roleUserMapper' of type [org.mybatis.spring.mapper.MapperFactoryBean] is not eligible for getting processed by all BeanPostProcessors (for example: not eligible for auto-proxying)
2019-06-13 17:48:22.669 INFO [main]o.s.c.s.PostProcessorRegistrationDelegate$BeanPostProcessorChecker.postProcessAfterInitialization:330 -Bean 'roleUserMapper' of type [com.sun.proxy.$Proxy73] is not eligible for getting processed by all BeanPostProcessors (for example: not eligible for auto-proxying)
2019-06-13 17:48:22.670 INFO [main]o.s.c.s.PostProcessorRegistrationDelegate$BeanPostProcessorChecker.postProcessAfterInitialization:330 -Bean 'userServiceImpl' of type [com.cjw.springbootstarter.service.impl.UserServiceImpl] is not eligible for getting processed by all BeanPostProcessors (for example: not eligible for auto-proxying)
2019-06-13 17:48:22.671 INFO [main]o.s.c.s.PostProcessorRegistrationDelegate$BeanPostProcessorChecker.postProcessAfterInitialization:330 -Bean 'myShiroRealm' of type [com.cjw.springbootstarter.base.MyShiroRealm] is not eligible for getting processed by all BeanPostProcessors (for example: not eligible for auto-proxying)
2019-06-13 17:48:22.674 INFO [main]o.s.c.s.PostProcessorRegistrationDelegate$BeanPostProcessorChecker.postProcessAfterInitialization:330 -Bean 'securityManager' of type [org.apache.shiro.web.mgt.DefaultWebSecurityManager] is not eligible for getting processed by all BeanPostProcessors (for example: not eligible for auto-proxying)
2019-06-13 17:48:22.727 INFO [main]o.s.c.s.PostProcessorRegistrationDelegate$BeanPostProcessorChecker.postProcessAfterInitialization:330 -Bean 'lettuceRedisConfig' of type [com.cjw.springbootstarter.config.LettuceRedisConfig$$EnhancerBySpringCGLIB$$fb862bf6] is not eligible for getting processed by all BeanPostProcessors (for example: not eligible for auto-proxying)
2019-06-13 17:48:22.746 INFO [main]o.s.c.s.PostProcessorRegistrationDelegate$BeanPostProcessorChecker.postProcessAfterInitialization:330 -Bean 'org.springframework.transaction.annotation.ProxyTransactionManagementConfiguration' of type [org.springframework.transaction.annotation.ProxyTransactionManagementConfiguration$$EnhancerBySpringCGLIB$$6d4fb2f] is not eligible for getting processed by all BeanPostProcessors (for example: not eligible for auto-proxying)
2019-06-13 17:48:22.757 INFO [main]o.s.c.s.PostProcessorRegistrationDelegate$BeanPostProcessorChecker.postProcessAfterInitialization:330 -Bean 'authorizationAttributeSourceAdvisor' of type [org.apache.shiro.spring.security.interceptor.AuthorizationAttributeSourceAdvisor] is not eligible for getting processed by all BeanPostProcessors (for example: not eligible for auto-proxying)
2019-06-13 17:48:23.166 INFO [main]o.s.boot.web.embedded.tomcat.TomcatWebServer.initialize:90 -Tomcat initialized with port(s): 9999 (http)
2019-06-13 17:48:23.182 INFO [main]org.apache.coyote.http11.Http11NioProtocol.log:173 -Initializing ProtocolHandler ["http-nio-9999"]
2019-06-13 17:48:23.190 INFO [main]org.apache.catalina.core.StandardService.log:173 -Starting service [Tomcat]
2019-06-13 17:48:23.190 INFO [main]org.apache.catalina.core.StandardEngine.log:173 -Starting Servlet engine: [Apache Tomcat/9.0.14]
2019-06-13 17:48:23.197 INFO [main]org.apache.catalina.core.AprLifecycleListener.log:173 -The APR based Apache Tomcat Native library which allows optimal performance in production environments was not found on the java.library.path: [D:\Java\jdk1.8.0_40\bin;C:\WINDOWS\Sun\Java\bin;C:\WINDOWS\system32;C:\WINDOWS;D:\Anaconda3;D:\Anaconda3\Library\mingw-w64\bin;D:\Anaconda3\Library\usr\bin;D:\Anaconda3\Library\bin;D:\Anaconda3\Scripts;D:\python3\Scripts\;D:\python3\;C:\Python27\Cesium;C:\Program Files (x86)\GDAL;D:\mysql-5.6.22\bin;D:\Java\jdk1.8.0_40\bin;D:\Java\jdk1.8.0_40\jre\bin;D:\app\yao\product\11.2.0\client_1\bin;C:\ProgramData\Oracle\Java\javapath;C:\Program Files (x86)\Intel\iCLS Client\;C:\Program Files\Intel\iCLS Client\;C:\Windows\system32;C:\Windows;C:\Windows\System32\Wbem;C:\Windows\System32\WindowsPowerShell\v1.0\;C:\Program Files (x86)\Intel\Intel(R) Management Engine Components\DAL;C:\Program Files\Intel\Intel(R) Management Engine Components\DAL;C:\Program Files (x86)\Intel\Intel(R) Management Engine Components\IPT;C:\Program Files\Intel\Intel(R) Management Engine Components\IPT;C:\Program Files (x86)\NVIDIA Corporation\PhysX\Common;C:\Program Files\Microsoft\Web Platform Installer\;C:\Program Files (x86)\Microsoft ASP.NET\ASP.NET Web Pages\v1.0\;C:\Program Files (x86)\Windows Kits\8.0\Windows Performance Toolkit\;C:\Program Files\Microsoft SQL Server\110\Tools\Binn\;D:\VisualSVN\bin;D:\TortoiseSVN\bin;D:\ArcGIS\Desktop10.2\bin;C:\Windows\System32;C:\WINDOWS\system32;C:\WINDOWS;C:\WINDOWS\System32\Wbem;C:\WINDOWS\System32\WindowsPowerShell\v1.0\;D:\nodejs\;C:\WINDOWS\System32\WindowsPowerShell\v1.0\;C:\WINDOWS\System32\OpenSSH\;C:\windows\system32;D:\Git\cmd;E:\Â≠¶‰π†ÁßØÁ¥Ø\ÁΩëÁªúÁà¨Ëô´-python\phantomjs-2.1.1-windows\bin;E:\Â≠¶‰π†ÁßØÁ¥Ø\ÁΩëÁªúÁà¨Ëô´-python\chromedriver;C:\Program Files\Intel\WiFi\bin\;C:\Program Files\Common Files\Intel\WirelessCommon\;D:\Microsoft VS Code\bin;C:\Users\yao.YAO-PC\AppData\Local\Microsoft\WindowsApps;D:\Fiddler;C:\Users\yao.YAO-PC\AppData\Local\Microsoft\WindowsApps;C:\Users\yao.YAO-PC\AppData\Roaming\npm;D:\Microsoft VS Code\bin;D:\IntelliJ IDEA 2018.1.4\plugins\maven\lib\maven3\bin;;.]
2019-06-13 17:48:23.321 INFO [main]o.a.catalina.core.ContainerBase.[Tomcat].[localhost].[/].log:173 -Initializing Spring embedded WebApplicationContext
2019-06-13 17:48:23.321 INFO [main]org.springframework.web.context.ContextLoader.prepareWebApplicationContext:296 -Root WebApplicationContext: initialization completed in 2794 ms
2019-06-13 17:48:24.984 WARN [main]config.setReconnectionTimeout:283 -'reconnectionTimeout' setting in unavailable. Please use 'failedSlaveReconnectionInterval' setting instead!
2019-06-13 17:48:24.984 WARN [main]config.setFailedAttempts:292 -'failedAttempts' setting in unavailable. Please use 'failedSlaveCheckInterval' setting instead!
2019-06-13 17:48:25.105 INFO [main]org.redisson.Version.logVersion:41 -Redisson 3.9.1
2019-06-13 17:48:25.713 INFO [redisson-netty-4-2]org.redisson.connection.pool.MasterPubSubConnectionPool.operationComplete:168 -1 connections initialized for localhost/127.0.0.1:6379
2019-06-13 17:48:25.714 INFO [redisson-netty-4-5]org.redisson.connection.pool.MasterConnectionPool.operationComplete:168 -32 connections initialized for localhost/127.0.0.1:6379
2019-06-13 17:48:26.247 INFO [main]s.d.s.web.PropertySourcedRequestMappingHandlerMapping.initHandlerMethods:69 -Mapped URL path [/v2/api-docs] onto method [public org.springframework.http.ResponseEntity<springfox.documentation.spring.web.json.Json> springfox.documentation.swagger2.web.Swagger2Controller.getDocumentation(java.lang.String,javax.servlet.http.HttpServletRequest)]
2019-06-13 17:48:26.524 INFO [main]o.s.scheduling.concurrent.ThreadPoolTaskExecutor.initialize:171 -Initializing ExecutorService 'applicationTaskExecutor'
2019-06-13 17:48:27.334 INFO [main]io.lettuce.core.EpollProvider.<clinit>:68 -Starting without optional epoll library
2019-06-13 17:48:27.336 INFO [main]io.lettuce.core.KqueueProvider.<clinit>:70 -Starting without optional kqueue library
2019-06-13 17:48:27.478 INFO [main]s.d.spring.web.plugins.DocumentationPluginsBootstrapper.start:147 -Context refreshed
2019-06-13 17:48:27.494 INFO [main]s.d.spring.web.plugins.DocumentationPluginsBootstrapper.start:150 -Found 1 custom documentation plugin(s)
2019-06-13 17:48:27.530 INFO [main]s.d.spring.web.scanners.ApiListingReferenceScanner.scan:41 -Scanning for api listing references
2019-06-13 17:48:28.295 INFO [main]o.s.s.annotation.ScheduledAnnotationBeanPostProcessor.finishRegistration:295 -No TaskScheduler/ScheduledExecutorService bean found for scheduled processing
2019-06-13 17:48:28.302 INFO [main]org.apache.coyote.http11.Http11NioProtocol.log:173 -Starting ProtocolHandler ["http-nio-9999"]
2019-06-13 17:48:28.319 INFO [main]o.s.boot.web.embedded.tomcat.TomcatWebServer.start:204 -Tomcat started on port(s): 9999 (http) with context path ''
2019-06-13 17:48:28.322 INFO [main]com.cjw.springbootstarter.SpringbootStarterApplication.logStarted:59 -Started SpringbootStarterApplication in 8.296 seconds (JVM running for 9.9)
2019-06-13 17:48:28.326 INFO [main]com.cjw.springbootstarter.base.ApplicationReady.onApplicationEvent:46 -Êï∞ÊçÆÂ∫ìÈÉ®ÂàÜÂÜÖÂÆπËØªÂÖ•Âà∞ÂÖ®Â±ÄÁºìÂ≠ò...
2019-06-13 17:48:28.431 INFO [main]com.cjw.springbootstarter.base.ApplicationReady.onApplicationEvent:49 -Êï∞ÊçÆÂ∫ìÈÉ®ÂàÜÂÜÖÂÆπËØªÂÖ•Âà∞ÂÖ®Â±ÄÁºìÂ≠òÂÆåÊàêÔºÅ
